07-06-2014 11:09:39
INFO  2014-06-07 16:39:27,860 - Installing bundle...
INFO  2014-06-07 16:39:27,866 - Performing pre-install.
INFO  2014-06-07 16:39:27,872 - Installing context item: Saleslogix Application Entities (\Entity Model\Saleslogix Application Entities\SalesLogix Application Entities.T.package.xml)
INFO  2014-06-07 16:39:27,875 - Successfully installed Saleslogix Application Entities (\Entity Model\Saleslogix Application Entities\SalesLogix Application Entities.T.package.xml)
INFO  2014-06-07 16:39:27,878 - Installing context item: Account (\Entity Model\Saleslogix Application Entities\Account\Account.ACCOUNT.entity.xml)
INFO  2014-06-07 16:39:27,900 - Successfully installed Account (\Entity Model\Saleslogix Application Entities\Account\Account.ACCOUNT.entity.xml)
INFO  2014-06-07 16:39:27,904 - Installing model item: AccountDetails (\Entity Model\Saleslogix Application Entities\Account\QuickForms\AccountDetails.main.quickform.xml)
INFO  2014-06-07 16:39:28,736 - Successfully installed AccountDetails (\Entity Model\Saleslogix Application Entities\Account\QuickForms\AccountDetails.main.quickform.xml)
INFO  2014-06-07 16:39:28,742 - Installing context item: Contact (\Entity Model\Saleslogix Application Entities\Contact\Contact.CONTACT.entity.xml)
INFO  2014-06-07 16:39:28,747 - Successfully installed Contact (\Entity Model\Saleslogix Application Entities\Contact\Contact.CONTACT.entity.xml)
INFO  2014-06-07 16:39:28,753 - Installing model item: ContactDetails (\Entity Model\Saleslogix Application Entities\Contact\QuickForms\ContactDetails.main.quickform.xml)
INFO  2014-06-07 16:39:28,898 - Successfully installed ContactDetails (\Entity Model\Saleslogix Application Entities\Contact\QuickForms\ContactDetails.main.quickform.xml)
INFO  2014-06-07 16:39:28,903 - Installing model item: ContactExtendedDetails (\Entity Model\Saleslogix Application Entities\Contact\QuickForms\ContactExtendedDetails.main.quickform.xml)
INFO  2014-06-07 16:39:28,988 - Successfully installed ContactExtendedDetails (\Entity Model\Saleslogix Application Entities\Contact\QuickForms\ContactExtendedDetails.main.quickform.xml)
INFO  2014-06-07 16:39:29,058 - Installing context item: Saleslogix Client (\Portal\SlxClient\SlxClient.cabapp.ptl.xml)
INFO  2014-06-07 16:39:29,240 - Successfully installed Saleslogix Client (\Portal\SlxClient\SlxClient.cabapp.ptl.xml)
INFO  2014-06-07 16:39:29,244 - Saving context item: Saleslogix Application Entities (\Entity Model\Saleslogix Application Entities\SalesLogix Application Entities.T.package.xml)
INFO  2014-06-07 16:39:29,258 - Successfully saved Saleslogix Application Entities (\Entity Model\Saleslogix Application Entities\SalesLogix Application Entities.T.package.xml)
INFO  2014-06-07 16:39:29,264 - Saving context item: Account (\Entity Model\Saleslogix Application Entities\Account\Account.ACCOUNT.entity.xml)
INFO  2014-06-07 16:39:37,177 - Successfully saved Account (\Entity Model\Saleslogix Application Entities\Account\Account.ACCOUNT.entity.xml)
INFO  2014-06-07 16:39:37,183 - Saving model item: AccountDetails (\Entity Model\Saleslogix Application Entities\Account\QuickForms\AccountDetails.main.quickform.xml)
INFO  2014-06-07 16:39:37,188 - Successfully saved AccountDetails (\Entity Model\Saleslogix Application Entities\Account\QuickForms\AccountDetails.main.quickform.xml)
INFO  2014-06-07 16:39:37,193 - Saving context item: Contact (\Entity Model\Saleslogix Application Entities\Contact\Contact.CONTACT.entity.xml)
INFO  2014-06-07 16:39:37,363 - Successfully saved Contact (\Entity Model\Saleslogix Application Entities\Contact\Contact.CONTACT.entity.xml)
INFO  2014-06-07 16:39:37,368 - Saving model item: ContactDetails (\Entity Model\Saleslogix Application Entities\Contact\QuickForms\ContactDetails.main.quickform.xml)
INFO  2014-06-07 16:39:37,373 - Successfully saved ContactDetails (\Entity Model\Saleslogix Application Entities\Contact\QuickForms\ContactDetails.main.quickform.xml)
INFO  2014-06-07 16:39:37,377 - Saving model item: ContactExtendedDetails (\Entity Model\Saleslogix Application Entities\Contact\QuickForms\ContactExtendedDetails.main.quickform.xml)
INFO  2014-06-07 16:39:37,382 - Successfully saved ContactExtendedDetails (\Entity Model\Saleslogix Application Entities\Contact\QuickForms\ContactExtendedDetails.main.quickform.xml)
INFO  2014-06-07 16:39:37,386 - Saving context item: Saleslogix Client (\Portal\SlxClient\SlxClient.cabapp.ptl.xml)
INFO  2014-06-07 16:39:37,391 - Successfully saved Saleslogix Client (\Portal\SlxClient\SlxClient.cabapp.ptl.xml)
INFO  2014-06-07 16:39:37,398 - Configuring installed items.
INFO  2014-06-07 16:39:37,403 - Configuring Saleslogix Client...
INFO  2014-06-07 16:39:37,411 - Performing pre-commit to target project.
INFO  2014-06-07 16:39:37,721 - Committing items to target project...
INFO  2014-06-07 16:39:37,786 - Committing transactions...
INFO  2014-06-07 16:39:39,632 - Copying bundle manifest to project.
INFO  2014-06-07 16:39:39,665 - Install complete.
