06-06-2014 15:26:20
INFO  2014-06-06 20:56:12,177 - Installing bundle...
INFO  2014-06-06 20:56:12,217 - Performing pre-install.
INFO  2014-06-06 20:56:12,223 - Installing context item: Saleslogix Application Entities (\Entity Model\Saleslogix Application Entities\SalesLogix Application Entities.T.package.xml)
INFO  2014-06-06 20:56:12,230 - Successfully installed Saleslogix Application Entities (\Entity Model\Saleslogix Application Entities\SalesLogix Application Entities.T.package.xml)
INFO  2014-06-06 20:56:12,268 - Installing context item: Opportunity (\Entity Model\Saleslogix Application Entities\Opportunity\Opportunity.OPPORTUNITY.entity.xml)
INFO  2014-06-06 20:56:12,335 - Successfully installed Opportunity (\Entity Model\Saleslogix Application Entities\Opportunity\Opportunity.OPPORTUNITY.entity.xml)
INFO  2014-06-06 20:56:12,337 - Installing model item: OpportunityProducts (\Entity Model\Saleslogix Application Entities\Opportunity\QuickForms\OpportunityProducts.main.quickform.xml)
INFO  2014-06-06 20:56:12,508 - Successfully installed OpportunityProducts (\Entity Model\Saleslogix Application Entities\Opportunity\QuickForms\OpportunityProducts.main.quickform.xml)
INFO  2014-06-06 20:56:12,512 - Saving context item: Saleslogix Application Entities (\Entity Model\Saleslogix Application Entities\SalesLogix Application Entities.T.package.xml)
INFO  2014-06-06 20:56:12,515 - Successfully saved Saleslogix Application Entities (\Entity Model\Saleslogix Application Entities\SalesLogix Application Entities.T.package.xml)
INFO  2014-06-06 20:56:12,519 - Saving context item: Opportunity (\Entity Model\Saleslogix Application Entities\Opportunity\Opportunity.OPPORTUNITY.entity.xml)
INFO  2014-06-06 20:56:19,522 - Successfully saved Opportunity (\Entity Model\Saleslogix Application Entities\Opportunity\Opportunity.OPPORTUNITY.entity.xml)
INFO  2014-06-06 20:56:19,526 - Saving model item: OpportunityProducts (\Entity Model\Saleslogix Application Entities\Opportunity\QuickForms\OpportunityProducts.main.quickform.xml)
INFO  2014-06-06 20:56:19,530 - Successfully saved OpportunityProducts (\Entity Model\Saleslogix Application Entities\Opportunity\QuickForms\OpportunityProducts.main.quickform.xml)
INFO  2014-06-06 20:56:19,536 - Configuring installed items.
INFO  2014-06-06 20:56:19,541 - Performing pre-commit to target project.
INFO  2014-06-06 20:56:19,572 - Committing items to target project...
INFO  2014-06-06 20:56:19,611 - Committing transactions...
INFO  2014-06-06 20:56:20,790 - Copying bundle manifest to project.
INFO  2014-06-06 20:56:21,933 - Install complete.
