04-06-2014 05:00:44
INFO  2014-06-04 10:30:35,786 - Installing bundle...
INFO  2014-06-04 10:30:35,824 - Performing pre-install.
INFO  2014-06-04 10:30:35,830 - Installing context item: Saleslogix Application Entities (\Entity Model\Saleslogix Application Entities\SalesLogix Application Entities.T.package.xml)
INFO  2014-06-04 10:30:35,834 - Successfully installed Saleslogix Application Entities (\Entity Model\Saleslogix Application Entities\SalesLogix Application Entities.T.package.xml)
INFO  2014-06-04 10:30:35,837 - Installing context item: Opportunity (\Entity Model\Saleslogix Application Entities\Opportunity\Opportunity.OPPORTUNITY.entity.xml)
INFO  2014-06-04 10:30:35,849 - Successfully installed Opportunity (\Entity Model\Saleslogix Application Entities\Opportunity\Opportunity.OPPORTUNITY.entity.xml)
INFO  2014-06-04 10:30:35,852 - Installing model item: DroppedFutureOpp (\Entity Model\Saleslogix Application Entities\Opportunity\QuickForms\DroppedFutureOpp.main.quickform.xml)
INFO  2014-06-04 10:30:36,075 - Successfully installed DroppedFutureOpp (\Entity Model\Saleslogix Application Entities\Opportunity\QuickForms\DroppedFutureOpp.main.quickform.xml)
INFO  2014-06-04 10:30:36,079 - Installing model item: OpportunityDetails (\Entity Model\Saleslogix Application Entities\Opportunity\QuickForms\OpportunityDetails.main.quickform.xml)
INFO  2014-06-04 10:30:36,128 - Successfully installed OpportunityDetails (\Entity Model\Saleslogix Application Entities\Opportunity\QuickForms\OpportunityDetails.main.quickform.xml)
INFO  2014-06-04 10:30:36,132 - Installing context item: Saleslogix Client (\Portal\SlxClient\SlxClient.cabapp.ptl.xml)
INFO  2014-06-04 10:30:36,146 - Successfully installed Saleslogix Client (\Portal\SlxClient\SlxClient.cabapp.ptl.xml)
INFO  2014-06-04 10:30:36,151 - Installing context item: Opportunity Detail (\Portal\SlxClient\ChildPages\Opportunity\Opportunity.page.xml)
INFO  2014-06-04 10:30:36,154 - Successfully installed Opportunity Detail (\Portal\SlxClient\ChildPages\Opportunity\Opportunity.page.xml)
INFO  2014-06-04 10:30:36,159 - Installing model item: DroppedFutureOpp (\Portal\SlxClient\ChildPages\Opportunity\SmartParts\DroppedFutureOpp.smartpart.xml)
INFO  2014-06-04 10:30:36,440 - Successfully installed DroppedFutureOpp (\Portal\SlxClient\ChildPages\Opportunity\SmartParts\DroppedFutureOpp.smartpart.xml)
INFO  2014-06-04 10:30:36,445 - Saving context item: Saleslogix Application Entities (\Entity Model\Saleslogix Application Entities\SalesLogix Application Entities.T.package.xml)
INFO  2014-06-04 10:30:36,450 - Successfully saved Saleslogix Application Entities (\Entity Model\Saleslogix Application Entities\SalesLogix Application Entities.T.package.xml)
INFO  2014-06-04 10:30:36,464 - Saving context item: Opportunity (\Entity Model\Saleslogix Application Entities\Opportunity\Opportunity.OPPORTUNITY.entity.xml)
INFO  2014-06-04 10:30:42,149 - Successfully saved Opportunity (\Entity Model\Saleslogix Application Entities\Opportunity\Opportunity.OPPORTUNITY.entity.xml)
INFO  2014-06-04 10:30:42,154 - Saving model item: DroppedFutureOpp (\Entity Model\Saleslogix Application Entities\Opportunity\QuickForms\DroppedFutureOpp.main.quickform.xml)
INFO  2014-06-04 10:30:42,159 - Successfully saved DroppedFutureOpp (\Entity Model\Saleslogix Application Entities\Opportunity\QuickForms\DroppedFutureOpp.main.quickform.xml)
INFO  2014-06-04 10:30:42,163 - Saving model item: OpportunityDetails (\Entity Model\Saleslogix Application Entities\Opportunity\QuickForms\OpportunityDetails.main.quickform.xml)
INFO  2014-06-04 10:30:42,168 - Successfully saved OpportunityDetails (\Entity Model\Saleslogix Application Entities\Opportunity\QuickForms\OpportunityDetails.main.quickform.xml)
INFO  2014-06-04 10:30:42,172 - Saving context item: Saleslogix Client (\Portal\SlxClient\SlxClient.cabapp.ptl.xml)
INFO  2014-06-04 10:30:42,177 - Successfully saved Saleslogix Client (\Portal\SlxClient\SlxClient.cabapp.ptl.xml)
INFO  2014-06-04 10:30:42,181 - Saving context item: Opportunity Detail (\Portal\SlxClient\ChildPages\Opportunity\Opportunity.page.xml)
INFO  2014-06-04 10:30:42,186 - Successfully saved Opportunity Detail (\Portal\SlxClient\ChildPages\Opportunity\Opportunity.page.xml)
INFO  2014-06-04 10:30:42,190 - Saving model item: DroppedFutureOpp (\Portal\SlxClient\ChildPages\Opportunity\SmartParts\DroppedFutureOpp.smartpart.xml)
INFO  2014-06-04 10:30:42,195 - Successfully saved DroppedFutureOpp (\Portal\SlxClient\ChildPages\Opportunity\SmartParts\DroppedFutureOpp.smartpart.xml)
INFO  2014-06-04 10:30:42,201 - Configuring installed items.
INFO  2014-06-04 10:30:42,207 - Configuring Saleslogix Client...
INFO  2014-06-04 10:30:42,214 - Configuring Opportunity Detail...
INFO  2014-06-04 10:30:42,483 - Configuring DroppedFutureOpp...
INFO  2014-06-04 10:30:42,489 - Performing pre-commit to target project.
INFO  2014-06-04 10:30:42,510 - Committing items to target project...
INFO  2014-06-04 10:30:42,563 - Committing transactions...
INFO  2014-06-04 10:30:44,011 - Copying bundle manifest to project.
INFO  2014-06-04 10:30:44,023 - Install complete.
