02-06-2014 06:21:36
INFO  2014-06-02 11:51:19,980 - Installing bundle...
INFO  2014-06-02 11:51:19,985 - Performing pre-install.
INFO  2014-06-02 11:51:19,990 - Installing action: InsertPickList [EventType] (\Actions\InsertPickList\kDEMOA0000DJ.xml)
INFO  2014-06-02 11:51:20,451 - Successfully installed InsertPickList [EventType] (\Actions\InsertPickList\kDEMOA0000DJ.xml)
INFO  2014-06-02 11:51:20,456 - Installing action: InsertPickList [EventDuration] (\Actions\InsertPickList\kDEMOA0000DG.xml)
INFO  2014-06-02 11:51:20,476 - Successfully installed InsertPickList [EventDuration] (\Actions\InsertPickList\kDEMOA0000DG.xml)
INFO  2014-06-02 11:51:20,483 - Saving action: InsertPickList [EventType] (\Actions\InsertPickList\kDEMOA0000DJ.xml)
INFO  2014-06-02 11:51:20,487 - Successfully saved InsertPickList [EventType] (\Actions\InsertPickList\kDEMOA0000DJ.xml)
INFO  2014-06-02 11:51:20,491 - Saving action: InsertPickList [EventDuration] (\Actions\InsertPickList\kDEMOA0000DG.xml)
INFO  2014-06-02 11:51:20,494 - Successfully saved InsertPickList [EventDuration] (\Actions\InsertPickList\kDEMOA0000DG.xml)
INFO  2014-06-02 11:51:20,499 - Installing context item: Saleslogix Client (\Portal\SlxClient\SlxClient.cabapp.ptl.xml)
INFO  2014-06-02 11:51:20,885 - Successfully installed Saleslogix Client (\Portal\SlxClient\SlxClient.cabapp.ptl.xml)
INFO  2014-06-02 11:51:20,888 - Installing model item: Legal Company (\Portal\SlxClient\ChildPages\VWLEGALMASTER\VWLEGALMASTER.page.xml)
INFO  2014-06-02 11:51:21,072 - Successfully installed Legal Company (\Portal\SlxClient\ChildPages\VWLEGALMASTER\VWLEGALMASTER.page.xml)
INFO  2014-06-02 11:51:21,109 - Installing model item: LiveGroupViewer (Custom) (\Portal\SlxClient\ChildPages\VWLEGALMASTER\SmartParts\LiveGroupViewer.smartpart.xml)
INFO  2014-06-02 11:51:21,138 - Successfully installed LiveGroupViewer (Custom) (\Portal\SlxClient\ChildPages\VWLEGALMASTER\SmartParts\LiveGroupViewer.smartpart.xml)
INFO  2014-06-02 11:51:21,142 - Installing model item: LegalMaster (\Portal\SlxClient\ChildPages\VWLEGALMASTER\SmartParts\LegalMaster.smartpart.xml)
INFO  2014-06-02 11:51:21,185 - Successfully installed LegalMaster (\Portal\SlxClient\ChildPages\VWLEGALMASTER\SmartParts\LegalMaster.smartpart.xml)
INFO  2014-06-02 11:51:21,189 - Installing model item: Sage.SalesLogix.Client.GroupBuilder.Modules.GroupViewerModule (\Portal\SlxClient\ChildPages\VWLEGALMASTER\Modules\Sage.SalesLogix.Client.GroupBuilder.Modules.GroupViewerModule.module.xml)
INFO  2014-06-02 11:51:21,197 - Successfully installed Sage.SalesLogix.Client.GroupBuilder.Modules.GroupViewerModule (\Portal\SlxClient\ChildPages\VWLEGALMASTER\Modules\Sage.SalesLogix.Client.GroupBuilder.Modules.GroupViewerModule.module.xml)
INFO  2014-06-02 11:51:21,203 - Installing model item: LegalMaster (\Portal\SlxClient\ContextMenuItems\contextLegalMaster\contextLegalMaster.contextmenu.xml)
INFO  2014-06-02 11:51:21,235 - Successfully installed LegalMaster (\Portal\SlxClient\ContextMenuItems\contextLegalMaster\contextLegalMaster.contextmenu.xml)
INFO  2014-06-02 11:51:21,240 - Installing model item: Lookup Legal....... (\Portal\SlxClient\ContextMenuItems\contextLegalMaster\ContextMenuItems\LegalMasterItemLookup\LegalMasterItemLookup.contextmenu.xml)
INFO  2014-06-02 11:51:21,251 - Successfully installed Lookup Legal....... (\Portal\SlxClient\ContextMenuItems\contextLegalMaster\ContextMenuItems\LegalMasterItemLookup\LegalMasterItemLookup.contextmenu.xml)
INFO  2014-06-02 11:51:21,256 - Installing model item: Create New Group....... (\Portal\SlxClient\ContextMenuItems\contextLegalMaster\ContextMenuItems\LegalMasterItemCreateNewGroup\LegalMasterItemCreateNewGroup.contextmenu.xml)
INFO  2014-06-02 11:51:21,267 - Successfully installed Create New Group....... (\Portal\SlxClient\ContextMenuItems\contextLegalMaster\ContextMenuItems\LegalMasterItemCreateNewGroup\LegalMasterItemCreateNewGroup.contextmenu.xml)
INFO  2014-06-02 11:51:21,271 - Installing model item: QualifierBMpincode (\Portal\SlxClient\ContextMenuItems\ContextQualifierBMpincode\ContextQualifierBMpincode.contextmenu.xml)
INFO  2014-06-02 11:51:21,282 - Successfully installed QualifierBMpincode (\Portal\SlxClient\ContextMenuItems\ContextQualifierBMpincode\ContextQualifierBMpincode.contextmenu.xml)
INFO  2014-06-02 11:51:21,287 - Installing model item: Lookup Qualifier/Branch Manager (\Portal\SlxClient\ContextMenuItems\ContextQualifierBMpincode\ContextMenuItems\QualifierSMpincodeGroup\QualifierSMpincodeGroup.contextmenu.xml)
INFO  2014-06-02 11:51:21,300 - Successfully installed Lookup Qualifier/Branch Manager (\Portal\SlxClient\ContextMenuItems\ContextQualifierBMpincode\ContextMenuItems\QualifierSMpincodeGroup\QualifierSMpincodeGroup.contextmenu.xml)
INFO  2014-06-02 11:51:21,305 - Installing model item: Insert Qualifier/Branch Manager Pincode... (\Portal\SlxClient\ContextMenuItems\ContextQualifierBMpincode\ContextMenuItems\QualifierSMpincodeInsertNew\QualifierSMpincodeInsertNew.contextmenu.xml)
INFO  2014-06-02 11:51:21,318 - Successfully installed Insert Qualifier/Branch Manager Pincode... (\Portal\SlxClient\ContextMenuItems\ContextQualifierBMpincode\ContextMenuItems\QualifierSMpincodeInsertNew\QualifierSMpincodeInsertNew.contextmenu.xml)
INFO  2014-06-02 11:51:21,323 - Installing model item: Create New Group.... (\Portal\SlxClient\ContextMenuItems\ContextQualifierBMpincode\ContextMenuItems\QualifierSMpincodeLookup\QualifierSMpincodeLookup.contextmenu.xml)
INFO  2014-06-02 11:51:21,334 - Successfully installed Create New Group.... (\Portal\SlxClient\ContextMenuItems\ContextQualifierBMpincode\ContextMenuItems\QualifierSMpincodeLookup\QualifierSMpincodeLookup.contextmenu.xml)
INFO  2014-06-02 11:51:21,339 - Installing model item: EmployeeMaster (\Portal\SlxClient\ContextMenuItems\contextEmployeeMaster\contextEmployeeMaster.contextmenu.xml)
INFO  2014-06-02 11:51:21,350 - Successfully installed EmployeeMaster (\Portal\SlxClient\ContextMenuItems\contextEmployeeMaster\contextEmployeeMaster.contextmenu.xml)
INFO  2014-06-02 11:51:21,355 - Installing model item: Lookup Employee...... (\Portal\SlxClient\ContextMenuItems\contextEmployeeMaster\ContextMenuItems\EmployeeMasterItemLookupEmp\EmployeeMasterItemLookupEmp.contextmenu.xml)
INFO  2014-06-02 11:51:21,384 - Successfully installed Lookup Employee...... (\Portal\SlxClient\ContextMenuItems\contextEmployeeMaster\ContextMenuItems\EmployeeMasterItemLookupEmp\EmployeeMasterItemLookupEmp.contextmenu.xml)
INFO  2014-06-02 11:51:21,389 - Installing model item: Create New Group...... (\Portal\SlxClient\ContextMenuItems\contextEmployeeMaster\ContextMenuItems\EmployeeMasterItemCreateNewGroup\EmployeeMasterItemCreateNewGroup.contextmenu.xml)
INFO  2014-06-02 11:51:21,400 - Successfully installed Create New Group...... (\Portal\SlxClient\ContextMenuItems\contextEmployeeMaster\ContextMenuItems\EmployeeMasterItemCreateNewGroup\EmployeeMasterItemCreateNewGroup.contextmenu.xml)
INFO  2014-06-02 11:51:21,405 - Installing model item: PincodeMaster (\Portal\SlxClient\ContextMenuItems\contextPincodeMaster\contextPincodeMaster.contextmenu.xml)
INFO  2014-06-02 11:51:21,418 - Successfully installed PincodeMaster (\Portal\SlxClient\ContextMenuItems\contextPincodeMaster\contextPincodeMaster.contextmenu.xml)
INFO  2014-06-02 11:51:21,424 - Installing model item: Lookup Pincode..... (\Portal\SlxClient\ContextMenuItems\contextPincodeMaster\ContextMenuItems\PincodeMasterItemLookuppincode\PincodeMasterItemLookuppincode.contextmenu.xml)
INFO  2014-06-02 11:51:21,437 - Successfully installed Lookup Pincode..... (\Portal\SlxClient\ContextMenuItems\contextPincodeMaster\ContextMenuItems\PincodeMasterItemLookuppincode\PincodeMasterItemLookuppincode.contextmenu.xml)
INFO  2014-06-02 11:51:21,441 - Installing model item: Create New Group...... (\Portal\SlxClient\ContextMenuItems\contextPincodeMaster\ContextMenuItems\PincodeMasterItemCreateNewGroup\PincodeMasterItemCreateNewGroup.contextmenu.xml)
INFO  2014-06-02 11:51:21,453 - Successfully installed Create New Group...... (\Portal\SlxClient\ContextMenuItems\contextPincodeMaster\ContextMenuItems\PincodeMasterItemCreateNewGroup\PincodeMasterItemCreateNewGroup.contextmenu.xml)
INFO  2014-06-02 11:51:21,458 - Installing model item: AreaMaster (\Portal\SlxClient\ContextMenuItems\contextAreamaster\contextAreamaster.contextmenu.xml)
INFO  2014-06-02 11:51:21,469 - Successfully installed AreaMaster (\Portal\SlxClient\ContextMenuItems\contextAreamaster\contextAreamaster.contextmenu.xml)
INFO  2014-06-02 11:51:21,474 - Installing model item: Lookup Area.... (\Portal\SlxClient\ContextMenuItems\contextAreamaster\ContextMenuItems\AreaMasterItemLookup\AreaMasterItemLookup.contextmenu.xml)
INFO  2014-06-02 11:51:21,488 - Successfully installed Lookup Area.... (\Portal\SlxClient\ContextMenuItems\contextAreamaster\ContextMenuItems\AreaMasterItemLookup\AreaMasterItemLookup.contextmenu.xml)
INFO  2014-06-02 11:51:21,493 - Installing model item: Create New Group..... (\Portal\SlxClient\ContextMenuItems\contextAreamaster\ContextMenuItems\contextAreaMasterItemCreateGroup\contextAreaMasterItemCreateGroup.contextmenu.xml)
INFO  2014-06-02 11:51:21,506 - Successfully installed Create New Group..... (\Portal\SlxClient\ContextMenuItems\contextAreamaster\ContextMenuItems\contextAreaMasterItemCreateGroup\contextAreaMasterItemCreateGroup.contextmenu.xml)
INFO  2014-06-02 11:51:21,511 - Installing context item: Master (\Portal\SlxClient\NavGroups\navBarMaster\navBarMaster.navgroup.xml)
INFO  2014-06-02 11:51:21,516 - Successfully installed Master (\Portal\SlxClient\NavGroups\navBarMaster\navBarMaster.navgroup.xml)
INFO  2014-06-02 11:51:21,520 - Installing model item: Legal Company (\Portal\SlxClient\NavGroups\navBarMaster\NavItems\MasterItemLegalMaster.navitem.xml)
INFO  2014-06-02 11:51:21,798 - Successfully installed Legal Company (\Portal\SlxClient\NavGroups\navBarMaster\NavItems\MasterItemLegalMaster.navitem.xml)
INFO  2014-06-02 11:51:21,803 - Installing model item: Qualifier/Branch Manager Pincode (\Portal\SlxClient\NavGroups\navBarMaster\NavItems\MasterItemQualifierSMpincode.navitem.xml)
INFO  2014-06-02 11:51:22,020 - Successfully installed Qualifier/Branch Manager Pincode (\Portal\SlxClient\NavGroups\navBarMaster\NavItems\MasterItemQualifierSMpincode.navitem.xml)
INFO  2014-06-02 11:51:22,025 - Installing model item: Employee (\Portal\SlxClient\NavGroups\navBarMaster\NavItems\MasterItemempmaster.navitem.xml)
INFO  2014-06-02 11:51:22,224 - Successfully installed Employee (\Portal\SlxClient\NavGroups\navBarMaster\NavItems\MasterItemempmaster.navitem.xml)
INFO  2014-06-02 11:51:22,229 - Installing model item: Pincode (\Portal\SlxClient\NavGroups\navBarMaster\NavItems\MasterItemPincode.navitem.xml)
INFO  2014-06-02 11:51:22,425 - Successfully installed Pincode (\Portal\SlxClient\NavGroups\navBarMaster\NavItems\MasterItemPincode.navitem.xml)
INFO  2014-06-02 11:51:22,430 - Installing model item: Area (\Portal\SlxClient\NavGroups\navBarMaster\NavItems\MasterItemAreamaster.navitem.xml)
INFO  2014-06-02 11:51:22,627 - Successfully installed Area (\Portal\SlxClient\NavGroups\navBarMaster\NavItems\MasterItemAreamaster.navitem.xml)
INFO  2014-06-02 11:51:22,633 - Installing context item: Saleslogix Application Entities (\Entity Model\Saleslogix Application Entities\SalesLogix Application Entities.T.package.xml)
INFO  2014-06-02 11:51:22,641 - Successfully installed Saleslogix Application Entities (\Entity Model\Saleslogix Application Entities\SalesLogix Application Entities.T.package.xml)
INFO  2014-06-02 11:51:22,646 - Installing context item: QualifierAndSMpincode (\Entity Model\Saleslogix Application Entities\QualifierAndSMpincode\QualifierAndSMpincode.QUALIFIERANDSMPINCODE.entity.xml)
INFO  2014-06-02 11:51:22,688 - Successfully installed QualifierAndSMpincode (\Entity Model\Saleslogix Application Entities\QualifierAndSMpincode\QualifierAndSMpincode.QUALIFIERANDSMPINCODE.entity.xml)
INFO  2014-06-02 11:51:22,693 - Installing model item: QualifierSMpincode (\Entity Model\Saleslogix Application Entities\QualifierAndSMpincode\QuickForms\QualifierSMpincode.main.quickform.xml)
INFO  2014-06-02 11:51:22,764 - Successfully installed QualifierSMpincode (\Entity Model\Saleslogix Application Entities\QualifierAndSMpincode\QuickForms\QualifierSMpincode.main.quickform.xml)
INFO  2014-06-02 11:51:22,773 - Installing model item: Vwlegalmaster (\Entity Model\Saleslogix Application Entities\Vwlegalmaster\Vwlegalmaster.VWLEGALMASTER.entity.xml)
INFO  2014-06-02 11:51:24,052 - Successfully installed Vwlegalmaster (\Entity Model\Saleslogix Application Entities\Vwlegalmaster\Vwlegalmaster.VWLEGALMASTER.entity.xml)
INFO  2014-06-02 11:51:24,058 - Installing model item: OnAfterDelete (\Entity Model\Saleslogix Application Entities\Vwlegalmaster\OnAfterDelete.method.xml)
INFO  2014-06-02 11:51:24,065 - Successfully installed OnAfterDelete (\Entity Model\Saleslogix Application Entities\Vwlegalmaster\OnAfterDelete.method.xml)
INFO  2014-06-02 11:51:24,070 - Installing item: OnAfterDelete (\Entity Model\Saleslogix Application Entities\Vwlegalmaster\OnAfterDelete.method.xml::Primary Steps::OnAfterDelete)
INFO  2014-06-02 11:51:24,089 - Successfully installed OnAfterDelete (\Entity Model\Saleslogix Application Entities\Vwlegalmaster\OnAfterDelete.method.xml::Primary Steps::OnAfterDelete)
INFO  2014-06-02 11:51:24,093 - Installing model item: OnAfterInsert (\Entity Model\Saleslogix Application Entities\Vwlegalmaster\OnAfterInsert.method.xml)
INFO  2014-06-02 11:51:24,100 - Successfully installed OnAfterInsert (\Entity Model\Saleslogix Application Entities\Vwlegalmaster\OnAfterInsert.method.xml)
INFO  2014-06-02 11:51:24,105 - Installing item: OnAfterInsert (\Entity Model\Saleslogix Application Entities\Vwlegalmaster\OnAfterInsert.method.xml::Primary Steps::OnAfterInsert)
INFO  2014-06-02 11:51:24,110 - Successfully installed OnAfterInsert (\Entity Model\Saleslogix Application Entities\Vwlegalmaster\OnAfterInsert.method.xml::Primary Steps::OnAfterInsert)
INFO  2014-06-02 11:51:24,115 - Installing model item: OnAfterUpdate (\Entity Model\Saleslogix Application Entities\Vwlegalmaster\OnAfterUpdate.method.xml)
INFO  2014-06-02 11:51:24,122 - Successfully installed OnAfterUpdate (\Entity Model\Saleslogix Application Entities\Vwlegalmaster\OnAfterUpdate.method.xml)
INFO  2014-06-02 11:51:24,127 - Installing item: OnAfterUpdate (\Entity Model\Saleslogix Application Entities\Vwlegalmaster\OnAfterUpdate.method.xml::Primary Steps::OnAfterUpdate)
INFO  2014-06-02 11:51:24,132 - Successfully installed OnAfterUpdate (\Entity Model\Saleslogix Application Entities\Vwlegalmaster\OnAfterUpdate.method.xml::Primary Steps::OnAfterUpdate)
INFO  2014-06-02 11:51:24,136 - Installing model item: OnBeforeDelete (\Entity Model\Saleslogix Application Entities\Vwlegalmaster\OnBeforeDelete.method.xml)
INFO  2014-06-02 11:51:24,143 - Successfully installed OnBeforeDelete (\Entity Model\Saleslogix Application Entities\Vwlegalmaster\OnBeforeDelete.method.xml)
INFO  2014-06-02 11:51:24,148 - Installing item: OnBeforeDelete (\Entity Model\Saleslogix Application Entities\Vwlegalmaster\OnBeforeDelete.method.xml::Primary Steps::OnBeforeDelete)
INFO  2014-06-02 11:51:24,152 - Successfully installed OnBeforeDelete (\Entity Model\Saleslogix Application Entities\Vwlegalmaster\OnBeforeDelete.method.xml::Primary Steps::OnBeforeDelete)
INFO  2014-06-02 11:51:24,157 - Installing model item: OnBeforeInsert (\Entity Model\Saleslogix Application Entities\Vwlegalmaster\OnBeforeInsert.method.xml)
INFO  2014-06-02 11:51:24,165 - Successfully installed OnBeforeInsert (\Entity Model\Saleslogix Application Entities\Vwlegalmaster\OnBeforeInsert.method.xml)
INFO  2014-06-02 11:51:24,170 - Installing item: OnBeforeInsert (\Entity Model\Saleslogix Application Entities\Vwlegalmaster\OnBeforeInsert.method.xml::Primary Steps::OnBeforeInsert)
INFO  2014-06-02 11:51:24,174 - Successfully installed OnBeforeInsert (\Entity Model\Saleslogix Application Entities\Vwlegalmaster\OnBeforeInsert.method.xml::Primary Steps::OnBeforeInsert)
INFO  2014-06-02 11:51:24,179 - Installing model item: OnBeforeUpdate (\Entity Model\Saleslogix Application Entities\Vwlegalmaster\OnBeforeUpdate.method.xml)
INFO  2014-06-02 11:51:24,186 - Successfully installed OnBeforeUpdate (\Entity Model\Saleslogix Application Entities\Vwlegalmaster\OnBeforeUpdate.method.xml)
INFO  2014-06-02 11:51:24,190 - Installing item: OnBeforeUpdate (\Entity Model\Saleslogix Application Entities\Vwlegalmaster\OnBeforeUpdate.method.xml::Primary Steps::OnBeforeUpdate)
INFO  2014-06-02 11:51:24,195 - Successfully installed OnBeforeUpdate (\Entity Model\Saleslogix Application Entities\Vwlegalmaster\OnBeforeUpdate.method.xml::Primary Steps::OnBeforeUpdate)
INFO  2014-06-02 11:51:24,214 - Installing model item: OnCreate (\Entity Model\Saleslogix Application Entities\Vwlegalmaster\OnCreate.method.xml)
INFO  2014-06-02 11:51:24,221 - Successfully installed OnCreate (\Entity Model\Saleslogix Application Entities\Vwlegalmaster\OnCreate.method.xml)
INFO  2014-06-02 11:51:24,226 - Installing item: OnCreate (\Entity Model\Saleslogix Application Entities\Vwlegalmaster\OnCreate.method.xml::Primary Steps::OnCreate)
INFO  2014-06-02 11:51:24,231 - Successfully installed OnCreate (\Entity Model\Saleslogix Application Entities\Vwlegalmaster\OnCreate.method.xml::Primary Steps::OnCreate)
INFO  2014-06-02 11:51:24,236 - Installing model item: City (\Entity Model\Saleslogix Application Entities\Vwlegalmaster\City.filter.xml)
INFO  2014-06-02 11:51:24,637 - Successfully installed City (\Entity Model\Saleslogix Application Entities\Vwlegalmaster\City.filter.xml)
INFO  2014-06-02 11:51:24,643 - Installing model item: Pincode (\Entity Model\Saleslogix Application Entities\Vwlegalmaster\Pincode.filter.xml)
INFO  2014-06-02 11:51:24,674 - Successfully installed Pincode (\Entity Model\Saleslogix Application Entities\Vwlegalmaster\Pincode.filter.xml)
INFO  2014-06-02 11:51:24,679 - Installing model item: State (\Entity Model\Saleslogix Application Entities\Vwlegalmaster\State.filter.xml)
INFO  2014-06-02 11:51:24,688 - Successfully installed State (\Entity Model\Saleslogix Application Entities\Vwlegalmaster\State.filter.xml)
INFO  2014-06-02 11:51:24,697 - Installing model item: LegalMaster (\Entity Model\Saleslogix Application Entities\Vwlegalmaster\QuickForms\LegalMaster.main.quickform.xml)
INFO  2014-06-02 11:51:24,708 - Successfully installed LegalMaster (\Entity Model\Saleslogix Application Entities\Vwlegalmaster\QuickForms\LegalMaster.main.quickform.xml)
INFO  2014-06-02 11:51:24,714 - Installing context item: Vwempmaster (\Entity Model\Saleslogix Application Entities\Vwempmaster\Vwempmaster.VWEMPMASTER.entity.xml)
INFO  2014-06-02 11:51:24,774 - Successfully installed Vwempmaster (\Entity Model\Saleslogix Application Entities\Vwempmaster\Vwempmaster.VWEMPMASTER.entity.xml)
INFO  2014-06-02 11:51:24,780 - Installing model item: EmployeeDetail (\Entity Model\Saleslogix Application Entities\Vwempmaster\QuickForms\EmployeeDetail.main.quickform.xml)
INFO  2014-06-02 11:51:24,793 - Successfully installed EmployeeDetail (\Entity Model\Saleslogix Application Entities\Vwempmaster\QuickForms\EmployeeDetail.main.quickform.xml)
INFO  2014-06-02 11:51:24,807 - Installing context item: Account (\Entity Model\Saleslogix Application Entities\Account\Account.ACCOUNT.entity.xml)
INFO  2014-06-02 11:51:24,893 - Successfully installed Account (\Entity Model\Saleslogix Application Entities\Account\Account.ACCOUNT.entity.xml)
INFO  2014-06-02 11:51:24,899 - Installing model item: AccountDetails (\Entity Model\Saleslogix Application Entities\Account\QuickForms\AccountDetails.main.quickform.xml)
INFO  2014-06-02 11:51:24,924 - Successfully installed AccountDetails (\Entity Model\Saleslogix Application Entities\Account\QuickForms\AccountDetails.main.quickform.xml)
INFO  2014-06-02 11:51:24,930 - Saving context item: Saleslogix Client (\Portal\SlxClient\SlxClient.cabapp.ptl.xml)
INFO  2014-06-02 11:51:24,934 - Successfully saved Saleslogix Client (\Portal\SlxClient\SlxClient.cabapp.ptl.xml)
INFO  2014-06-02 11:51:24,939 - Saving model item: Legal Company (\Portal\SlxClient\ChildPages\VWLEGALMASTER\VWLEGALMASTER.page.xml)
INFO  2014-06-02 11:51:24,943 - Successfully saved Legal Company (\Portal\SlxClient\ChildPages\VWLEGALMASTER\VWLEGALMASTER.page.xml)
INFO  2014-06-02 11:51:24,948 - Saving model item: LiveGroupViewer (Custom) (\Portal\SlxClient\ChildPages\VWLEGALMASTER\SmartParts\LiveGroupViewer.smartpart.xml)
INFO  2014-06-02 11:51:24,963 - Successfully saved LiveGroupViewer (Custom) (\Portal\SlxClient\ChildPages\VWLEGALMASTER\SmartParts\LiveGroupViewer.smartpart.xml)
INFO  2014-06-02 11:51:24,967 - Saving model item: LegalMaster (\Portal\SlxClient\ChildPages\VWLEGALMASTER\SmartParts\LegalMaster.smartpart.xml)
INFO  2014-06-02 11:51:24,972 - Successfully saved LegalMaster (\Portal\SlxClient\ChildPages\VWLEGALMASTER\SmartParts\LegalMaster.smartpart.xml)
INFO  2014-06-02 11:51:24,977 - Saving model item: Sage.SalesLogix.Client.GroupBuilder.Modules.GroupViewerModule (\Portal\SlxClient\ChildPages\VWLEGALMASTER\Modules\Sage.SalesLogix.Client.GroupBuilder.Modules.GroupViewerModule.module.xml)
INFO  2014-06-02 11:51:24,981 - Successfully saved Sage.SalesLogix.Client.GroupBuilder.Modules.GroupViewerModule (\Portal\SlxClient\ChildPages\VWLEGALMASTER\Modules\Sage.SalesLogix.Client.GroupBuilder.Modules.GroupViewerModule.module.xml)
INFO  2014-06-02 11:51:24,993 - Saving model item: LegalMaster (\Portal\SlxClient\ContextMenuItems\contextLegalMaster\contextLegalMaster.contextmenu.xml)
INFO  2014-06-02 11:51:24,998 - Successfully saved LegalMaster (\Portal\SlxClient\ContextMenuItems\contextLegalMaster\contextLegalMaster.contextmenu.xml)
INFO  2014-06-02 11:51:25,003 - Saving model item: Lookup Legal....... (\Portal\SlxClient\ContextMenuItems\contextLegalMaster\ContextMenuItems\LegalMasterItemLookup\LegalMasterItemLookup.contextmenu.xml)
INFO  2014-06-02 11:51:25,008 - Successfully saved Lookup Legal....... (\Portal\SlxClient\ContextMenuItems\contextLegalMaster\ContextMenuItems\LegalMasterItemLookup\LegalMasterItemLookup.contextmenu.xml)
INFO  2014-06-02 11:51:25,013 - Saving model item: Create New Group....... (\Portal\SlxClient\ContextMenuItems\contextLegalMaster\ContextMenuItems\LegalMasterItemCreateNewGroup\LegalMasterItemCreateNewGroup.contextmenu.xml)
INFO  2014-06-02 11:51:25,024 - Successfully saved Create New Group....... (\Portal\SlxClient\ContextMenuItems\contextLegalMaster\ContextMenuItems\LegalMasterItemCreateNewGroup\LegalMasterItemCreateNewGroup.contextmenu.xml)
INFO  2014-06-02 11:51:25,029 - Saving model item: QualifierBMpincode (\Portal\SlxClient\ContextMenuItems\ContextQualifierBMpincode\ContextQualifierBMpincode.contextmenu.xml)
INFO  2014-06-02 11:51:25,034 - Successfully saved QualifierBMpincode (\Portal\SlxClient\ContextMenuItems\ContextQualifierBMpincode\ContextQualifierBMpincode.contextmenu.xml)
INFO  2014-06-02 11:51:25,039 - Saving model item: Lookup Qualifier/Branch Manager (\Portal\SlxClient\ContextMenuItems\ContextQualifierBMpincode\ContextMenuItems\QualifierSMpincodeGroup\QualifierSMpincodeGroup.contextmenu.xml)
INFO  2014-06-02 11:51:25,043 - Successfully saved Lookup Qualifier/Branch Manager (\Portal\SlxClient\ContextMenuItems\ContextQualifierBMpincode\ContextMenuItems\QualifierSMpincodeGroup\QualifierSMpincodeGroup.contextmenu.xml)
INFO  2014-06-02 11:51:25,055 - Saving model item: Insert Qualifier/Branch Manager Pincode... (\Portal\SlxClient\ContextMenuItems\ContextQualifierBMpincode\ContextMenuItems\QualifierSMpincodeInsertNew\QualifierSMpincodeInsertNew.contextmenu.xml)
INFO  2014-06-02 11:51:25,060 - Successfully saved Insert Qualifier/Branch Manager Pincode... (\Portal\SlxClient\ContextMenuItems\ContextQualifierBMpincode\ContextMenuItems\QualifierSMpincodeInsertNew\QualifierSMpincodeInsertNew.contextmenu.xml)
INFO  2014-06-02 11:51:25,065 - Saving model item: Create New Group.... (\Portal\SlxClient\ContextMenuItems\ContextQualifierBMpincode\ContextMenuItems\QualifierSMpincodeLookup\QualifierSMpincodeLookup.contextmenu.xml)
INFO  2014-06-02 11:51:25,070 - Successfully saved Create New Group.... (\Portal\SlxClient\ContextMenuItems\ContextQualifierBMpincode\ContextMenuItems\QualifierSMpincodeLookup\QualifierSMpincodeLookup.contextmenu.xml)
INFO  2014-06-02 11:51:25,074 - Saving model item: EmployeeMaster (\Portal\SlxClient\ContextMenuItems\contextEmployeeMaster\contextEmployeeMaster.contextmenu.xml)
INFO  2014-06-02 11:51:25,086 - Successfully saved EmployeeMaster (\Portal\SlxClient\ContextMenuItems\contextEmployeeMaster\contextEmployeeMaster.contextmenu.xml)
INFO  2014-06-02 11:51:25,091 - Saving model item: Lookup Employee...... (\Portal\SlxClient\ContextMenuItems\contextEmployeeMaster\ContextMenuItems\EmployeeMasterItemLookupEmp\EmployeeMasterItemLookupEmp.contextmenu.xml)
INFO  2014-06-02 11:51:25,096 - Successfully saved Lookup Employee...... (\Portal\SlxClient\ContextMenuItems\contextEmployeeMaster\ContextMenuItems\EmployeeMasterItemLookupEmp\EmployeeMasterItemLookupEmp.contextmenu.xml)
INFO  2014-06-02 11:51:25,102 - Saving model item: Create New Group...... (\Portal\SlxClient\ContextMenuItems\contextEmployeeMaster\ContextMenuItems\EmployeeMasterItemCreateNewGroup\EmployeeMasterItemCreateNewGroup.contextmenu.xml)
INFO  2014-06-02 11:51:25,107 - Successfully saved Create New Group...... (\Portal\SlxClient\ContextMenuItems\contextEmployeeMaster\ContextMenuItems\EmployeeMasterItemCreateNewGroup\EmployeeMasterItemCreateNewGroup.contextmenu.xml)
INFO  2014-06-02 11:51:25,117 - Saving model item: PincodeMaster (\Portal\SlxClient\ContextMenuItems\contextPincodeMaster\contextPincodeMaster.contextmenu.xml)
INFO  2014-06-02 11:51:25,122 - Successfully saved PincodeMaster (\Portal\SlxClient\ContextMenuItems\contextPincodeMaster\contextPincodeMaster.contextmenu.xml)
INFO  2014-06-02 11:51:25,127 - Saving model item: Lookup Pincode..... (\Portal\SlxClient\ContextMenuItems\contextPincodeMaster\ContextMenuItems\PincodeMasterItemLookuppincode\PincodeMasterItemLookuppincode.contextmenu.xml)
INFO  2014-06-02 11:51:25,132 - Successfully saved Lookup Pincode..... (\Portal\SlxClient\ContextMenuItems\contextPincodeMaster\ContextMenuItems\PincodeMasterItemLookuppincode\PincodeMasterItemLookuppincode.contextmenu.xml)
INFO  2014-06-02 11:51:25,137 - Saving model item: Create New Group...... (\Portal\SlxClient\ContextMenuItems\contextPincodeMaster\ContextMenuItems\PincodeMasterItemCreateNewGroup\PincodeMasterItemCreateNewGroup.contextmenu.xml)
INFO  2014-06-02 11:51:25,149 - Successfully saved Create New Group...... (\Portal\SlxClient\ContextMenuItems\contextPincodeMaster\ContextMenuItems\PincodeMasterItemCreateNewGroup\PincodeMasterItemCreateNewGroup.contextmenu.xml)
INFO  2014-06-02 11:51:25,154 - Saving model item: AreaMaster (\Portal\SlxClient\ContextMenuItems\contextAreamaster\contextAreamaster.contextmenu.xml)
INFO  2014-06-02 11:51:25,158 - Successfully saved AreaMaster (\Portal\SlxClient\ContextMenuItems\contextAreamaster\contextAreamaster.contextmenu.xml)
INFO  2014-06-02 11:51:25,163 - Saving model item: Lookup Area.... (\Portal\SlxClient\ContextMenuItems\contextAreamaster\ContextMenuItems\AreaMasterItemLookup\AreaMasterItemLookup.contextmenu.xml)
INFO  2014-06-02 11:51:25,168 - Successfully saved Lookup Area.... (\Portal\SlxClient\ContextMenuItems\contextAreamaster\ContextMenuItems\AreaMasterItemLookup\AreaMasterItemLookup.contextmenu.xml)
INFO  2014-06-02 11:51:25,179 - Saving model item: Create New Group..... (\Portal\SlxClient\ContextMenuItems\contextAreamaster\ContextMenuItems\contextAreaMasterItemCreateGroup\contextAreaMasterItemCreateGroup.contextmenu.xml)
INFO  2014-06-02 11:51:25,185 - Successfully saved Create New Group..... (\Portal\SlxClient\ContextMenuItems\contextAreamaster\ContextMenuItems\contextAreaMasterItemCreateGroup\contextAreaMasterItemCreateGroup.contextmenu.xml)
INFO  2014-06-02 11:51:25,189 - Saving context item: Master (\Portal\SlxClient\NavGroups\navBarMaster\navBarMaster.navgroup.xml)
INFO  2014-06-02 11:51:25,194 - Successfully saved Master (\Portal\SlxClient\NavGroups\navBarMaster\navBarMaster.navgroup.xml)
INFO  2014-06-02 11:51:25,210 - Saving model item: Legal Company (\Portal\SlxClient\NavGroups\navBarMaster\NavItems\MasterItemLegalMaster.navitem.xml)
INFO  2014-06-02 11:51:25,215 - Successfully saved Legal Company (\Portal\SlxClient\NavGroups\navBarMaster\NavItems\MasterItemLegalMaster.navitem.xml)
INFO  2014-06-02 11:51:25,220 - Saving model item: Qualifier/Branch Manager Pincode (\Portal\SlxClient\NavGroups\navBarMaster\NavItems\MasterItemQualifierSMpincode.navitem.xml)
INFO  2014-06-02 11:51:25,225 - Successfully saved Qualifier/Branch Manager Pincode (\Portal\SlxClient\NavGroups\navBarMaster\NavItems\MasterItemQualifierSMpincode.navitem.xml)
INFO  2014-06-02 11:51:25,243 - Saving model item: Employee (\Portal\SlxClient\NavGroups\navBarMaster\NavItems\MasterItemempmaster.navitem.xml)
INFO  2014-06-02 11:51:25,248 - Successfully saved Employee (\Portal\SlxClient\NavGroups\navBarMaster\NavItems\MasterItemempmaster.navitem.xml)
INFO  2014-06-02 11:51:25,253 - Saving model item: Pincode (\Portal\SlxClient\NavGroups\navBarMaster\NavItems\MasterItemPincode.navitem.xml)
INFO  2014-06-02 11:51:25,257 - Successfully saved Pincode (\Portal\SlxClient\NavGroups\navBarMaster\NavItems\MasterItemPincode.navitem.xml)
INFO  2014-06-02 11:51:25,273 - Saving model item: Area (\Portal\SlxClient\NavGroups\navBarMaster\NavItems\MasterItemAreamaster.navitem.xml)
INFO  2014-06-02 11:51:25,278 - Successfully saved Area (\Portal\SlxClient\NavGroups\navBarMaster\NavItems\MasterItemAreamaster.navitem.xml)
INFO  2014-06-02 11:51:25,283 - Saving context item: Saleslogix Application Entities (\Entity Model\Saleslogix Application Entities\SalesLogix Application Entities.T.package.xml)
INFO  2014-06-02 11:51:25,288 - Successfully saved Saleslogix Application Entities (\Entity Model\Saleslogix Application Entities\SalesLogix Application Entities.T.package.xml)
INFO  2014-06-02 11:51:25,293 - Saving context item: QualifierAndSMpincode (\Entity Model\Saleslogix Application Entities\QualifierAndSMpincode\QualifierAndSMpincode.QUALIFIERANDSMPINCODE.entity.xml)
INFO  2014-06-02 11:51:30,529 - Successfully saved QualifierAndSMpincode (\Entity Model\Saleslogix Application Entities\QualifierAndSMpincode\QualifierAndSMpincode.QUALIFIERANDSMPINCODE.entity.xml)
INFO  2014-06-02 11:51:30,536 - Saving model item: QualifierSMpincode (\Entity Model\Saleslogix Application Entities\QualifierAndSMpincode\QuickForms\QualifierSMpincode.main.quickform.xml)
INFO  2014-06-02 11:51:30,541 - Successfully saved QualifierSMpincode (\Entity Model\Saleslogix Application Entities\QualifierAndSMpincode\QuickForms\QualifierSMpincode.main.quickform.xml)
INFO  2014-06-02 11:51:30,546 - Saving model item: Vwlegalmaster (\Entity Model\Saleslogix Application Entities\Vwlegalmaster\Vwlegalmaster.VWLEGALMASTER.entity.xml)
INFO  2014-06-02 11:51:30,676 - Successfully saved Vwlegalmaster (\Entity Model\Saleslogix Application Entities\Vwlegalmaster\Vwlegalmaster.VWLEGALMASTER.entity.xml)
INFO  2014-06-02 11:51:30,686 - Saving model item: OnAfterDelete (\Entity Model\Saleslogix Application Entities\Vwlegalmaster\OnAfterDelete.method.xml)
INFO  2014-06-02 11:51:30,694 - Successfully saved OnAfterDelete (\Entity Model\Saleslogix Application Entities\Vwlegalmaster\OnAfterDelete.method.xml)
INFO  2014-06-02 11:51:30,701 - Saving item: OnAfterDelete (\Entity Model\Saleslogix Application Entities\Vwlegalmaster\OnAfterDelete.method.xml::Primary Steps::OnAfterDelete)
INFO  2014-06-02 11:51:30,718 - Successfully saved OnAfterDelete (\Entity Model\Saleslogix Application Entities\Vwlegalmaster\OnAfterDelete.method.xml::Primary Steps::OnAfterDelete)
INFO  2014-06-02 11:51:30,723 - Saving model item: OnAfterInsert (\Entity Model\Saleslogix Application Entities\Vwlegalmaster\OnAfterInsert.method.xml)
INFO  2014-06-02 11:51:30,729 - Successfully saved OnAfterInsert (\Entity Model\Saleslogix Application Entities\Vwlegalmaster\OnAfterInsert.method.xml)
INFO  2014-06-02 11:51:30,735 - Saving item: OnAfterInsert (\Entity Model\Saleslogix Application Entities\Vwlegalmaster\OnAfterInsert.method.xml::Primary Steps::OnAfterInsert)
INFO  2014-06-02 11:51:30,748 - Successfully saved OnAfterInsert (\Entity Model\Saleslogix Application Entities\Vwlegalmaster\OnAfterInsert.method.xml::Primary Steps::OnAfterInsert)
INFO  2014-06-02 11:51:30,754 - Saving model item: OnAfterUpdate (\Entity Model\Saleslogix Application Entities\Vwlegalmaster\OnAfterUpdate.method.xml)
INFO  2014-06-02 11:51:30,759 - Successfully saved OnAfterUpdate (\Entity Model\Saleslogix Application Entities\Vwlegalmaster\OnAfterUpdate.method.xml)
INFO  2014-06-02 11:51:30,764 - Saving item: OnAfterUpdate (\Entity Model\Saleslogix Application Entities\Vwlegalmaster\OnAfterUpdate.method.xml::Primary Steps::OnAfterUpdate)
INFO  2014-06-02 11:51:30,780 - Successfully saved OnAfterUpdate (\Entity Model\Saleslogix Application Entities\Vwlegalmaster\OnAfterUpdate.method.xml::Primary Steps::OnAfterUpdate)
INFO  2014-06-02 11:51:30,785 - Saving model item: OnBeforeDelete (\Entity Model\Saleslogix Application Entities\Vwlegalmaster\OnBeforeDelete.method.xml)
INFO  2014-06-02 11:51:30,790 - Successfully saved OnBeforeDelete (\Entity Model\Saleslogix Application Entities\Vwlegalmaster\OnBeforeDelete.method.xml)
INFO  2014-06-02 11:51:30,795 - Saving item: OnBeforeDelete (\Entity Model\Saleslogix Application Entities\Vwlegalmaster\OnBeforeDelete.method.xml::Primary Steps::OnBeforeDelete)
INFO  2014-06-02 11:51:30,812 - Successfully saved OnBeforeDelete (\Entity Model\Saleslogix Application Entities\Vwlegalmaster\OnBeforeDelete.method.xml::Primary Steps::OnBeforeDelete)
INFO  2014-06-02 11:51:30,817 - Saving model item: OnBeforeInsert (\Entity Model\Saleslogix Application Entities\Vwlegalmaster\OnBeforeInsert.method.xml)
INFO  2014-06-02 11:51:30,822 - Successfully saved OnBeforeInsert (\Entity Model\Saleslogix Application Entities\Vwlegalmaster\OnBeforeInsert.method.xml)
INFO  2014-06-02 11:51:30,827 - Saving item: OnBeforeInsert (\Entity Model\Saleslogix Application Entities\Vwlegalmaster\OnBeforeInsert.method.xml::Primary Steps::OnBeforeInsert)
INFO  2014-06-02 11:51:30,843 - Successfully saved OnBeforeInsert (\Entity Model\Saleslogix Application Entities\Vwlegalmaster\OnBeforeInsert.method.xml::Primary Steps::OnBeforeInsert)
INFO  2014-06-02 11:51:30,848 - Saving model item: OnBeforeUpdate (\Entity Model\Saleslogix Application Entities\Vwlegalmaster\OnBeforeUpdate.method.xml)
INFO  2014-06-02 11:51:30,853 - Successfully saved OnBeforeUpdate (\Entity Model\Saleslogix Application Entities\Vwlegalmaster\OnBeforeUpdate.method.xml)
INFO  2014-06-02 11:51:30,874 - Saving item: OnBeforeUpdate (\Entity Model\Saleslogix Application Entities\Vwlegalmaster\OnBeforeUpdate.method.xml::Primary Steps::OnBeforeUpdate)
INFO  2014-06-02 11:51:30,879 - Successfully saved OnBeforeUpdate (\Entity Model\Saleslogix Application Entities\Vwlegalmaster\OnBeforeUpdate.method.xml::Primary Steps::OnBeforeUpdate)
INFO  2014-06-02 11:51:30,884 - Saving model item: OnCreate (\Entity Model\Saleslogix Application Entities\Vwlegalmaster\OnCreate.method.xml)
INFO  2014-06-02 11:51:30,889 - Successfully saved OnCreate (\Entity Model\Saleslogix Application Entities\Vwlegalmaster\OnCreate.method.xml)
INFO  2014-06-02 11:51:30,904 - Saving item: OnCreate (\Entity Model\Saleslogix Application Entities\Vwlegalmaster\OnCreate.method.xml::Primary Steps::OnCreate)
INFO  2014-06-02 11:51:30,910 - Successfully saved OnCreate (\Entity Model\Saleslogix Application Entities\Vwlegalmaster\OnCreate.method.xml::Primary Steps::OnCreate)
INFO  2014-06-02 11:51:30,915 - Saving model item: City (\Entity Model\Saleslogix Application Entities\Vwlegalmaster\City.filter.xml)
INFO  2014-06-02 11:51:30,920 - Successfully saved City (\Entity Model\Saleslogix Application Entities\Vwlegalmaster\City.filter.xml)
INFO  2014-06-02 11:51:30,936 - Saving model item: Pincode (\Entity Model\Saleslogix Application Entities\Vwlegalmaster\Pincode.filter.xml)
INFO  2014-06-02 11:51:30,941 - Successfully saved Pincode (\Entity Model\Saleslogix Application Entities\Vwlegalmaster\Pincode.filter.xml)
INFO  2014-06-02 11:51:30,945 - Saving model item: State (\Entity Model\Saleslogix Application Entities\Vwlegalmaster\State.filter.xml)
INFO  2014-06-02 11:51:30,951 - Successfully saved State (\Entity Model\Saleslogix Application Entities\Vwlegalmaster\State.filter.xml)
INFO  2014-06-02 11:51:30,956 - Saving model item: LegalMaster (\Entity Model\Saleslogix Application Entities\Vwlegalmaster\QuickForms\LegalMaster.main.quickform.xml)
INFO  2014-06-02 11:51:30,961 - Successfully saved LegalMaster (\Entity Model\Saleslogix Application Entities\Vwlegalmaster\QuickForms\LegalMaster.main.quickform.xml)
INFO  2014-06-02 11:51:30,966 - Saving context item: Vwempmaster (\Entity Model\Saleslogix Application Entities\Vwempmaster\Vwempmaster.VWEMPMASTER.entity.xml)
INFO  2014-06-02 11:51:31,059 - Successfully saved Vwempmaster (\Entity Model\Saleslogix Application Entities\Vwempmaster\Vwempmaster.VWEMPMASTER.entity.xml)
INFO  2014-06-02 11:51:31,065 - Saving model item: EmployeeDetail (\Entity Model\Saleslogix Application Entities\Vwempmaster\QuickForms\EmployeeDetail.main.quickform.xml)
INFO  2014-06-02 11:51:31,070 - Successfully saved EmployeeDetail (\Entity Model\Saleslogix Application Entities\Vwempmaster\QuickForms\EmployeeDetail.main.quickform.xml)
INFO  2014-06-02 11:51:31,092 - Saving context item: Account (\Entity Model\Saleslogix Application Entities\Account\Account.ACCOUNT.entity.xml)
INFO  2014-06-02 11:51:31,410 - Successfully saved Account (\Entity Model\Saleslogix Application Entities\Account\Account.ACCOUNT.entity.xml)
INFO  2014-06-02 11:51:31,415 - Saving model item: AccountDetails (\Entity Model\Saleslogix Application Entities\Account\QuickForms\AccountDetails.main.quickform.xml)
INFO  2014-06-02 11:51:31,436 - Successfully saved AccountDetails (\Entity Model\Saleslogix Application Entities\Account\QuickForms\AccountDetails.main.quickform.xml)
INFO  2014-06-02 11:51:31,444 - Configuring installed items.
INFO  2014-06-02 11:51:31,449 - Configuring Saleslogix Client...
INFO  2014-06-02 11:51:31,459 - Configuring Legal Company...
INFO  2014-06-02 11:51:33,468 - Configuring LiveGroupViewer (Custom)...
INFO  2014-06-02 11:51:33,477 - Configuring LegalMaster...
INFO  2014-06-02 11:51:33,495 - Configuring Sage.SalesLogix.Client.GroupBuilder.Modules.GroupViewerModule...
INFO  2014-06-02 11:51:33,504 - Configuring LegalMaster...
INFO  2014-06-02 11:51:33,639 - Configuring Lookup Legal..........
INFO  2014-06-02 11:51:33,651 - Configuring Create New Group..........
INFO  2014-06-02 11:51:33,660 - Configuring QualifierBMpincode...
INFO  2014-06-02 11:51:33,668 - Configuring Lookup Qualifier/Branch Manager...
INFO  2014-06-02 11:51:33,679 - Configuring Insert Qualifier/Branch Manager Pincode......
INFO  2014-06-02 11:51:33,697 - Configuring Create New Group.......
INFO  2014-06-02 11:51:33,702 - Configuring EmployeeMaster...
INFO  2014-06-02 11:51:33,707 - Configuring Lookup Employee.........
INFO  2014-06-02 11:51:33,732 - Configuring Create New Group.........
INFO  2014-06-02 11:51:33,737 - Configuring PincodeMaster...
INFO  2014-06-02 11:51:33,742 - Configuring Lookup Pincode........
INFO  2014-06-02 11:51:33,762 - Configuring Create New Group.........
INFO  2014-06-02 11:51:33,768 - Configuring AreaMaster...
INFO  2014-06-02 11:51:33,773 - Configuring Lookup Area.......
INFO  2014-06-02 11:51:33,793 - Configuring Create New Group........
INFO  2014-06-02 11:51:33,799 - Configuring Master...
INFO  2014-06-02 11:51:33,851 - Configuring Legal Company...
INFO  2014-06-02 11:51:33,888 - Configuring Qualifier/Branch Manager Pincode...
INFO  2014-06-02 11:51:33,897 - Configuring Employee...
INFO  2014-06-02 11:51:33,906 - Configuring Pincode...
INFO  2014-06-02 11:51:33,917 - Configuring Area...
INFO  2014-06-02 11:51:33,925 - Performing pre-commit to target project.
INFO  2014-06-02 11:51:34,242 - Committing items to target project...
INFO  2014-06-02 11:51:34,499 - Committing transactions...
INFO  2014-06-02 11:51:36,197 - Copying bundle manifest to project.
INFO  2014-06-02 11:51:37,732 - Install complete.
