29-05-2014 12:50:51
INFO  2014-05-29 18:20:37,847 - Installing bundle...
INFO  2014-05-29 18:20:37,873 - Performing pre-install.
INFO  2014-05-29 18:20:37,876 - Installing context item: Saleslogix Client (\Portal\SlxClient\SlxClient.cabapp.ptl.xml)
INFO  2014-05-29 18:20:38,014 - Successfully installed Saleslogix Client (\Portal\SlxClient\SlxClient.cabapp.ptl.xml)
INFO  2014-05-29 18:20:38,046 - Installing model item: Master (\Portal\SlxClient\NavGroups\navBarMaster\navBarMaster.navgroup.xml)
INFO  2014-05-29 18:20:38,375 - Successfully installed Master (\Portal\SlxClient\NavGroups\navBarMaster\navBarMaster.navgroup.xml)
INFO  2014-05-29 18:20:38,378 - Installing model item: Area (\Portal\SlxClient\NavGroups\navBarMaster\NavItems\MasterItemAreamaster.navitem.xml)
INFO  2014-05-29 18:20:38,727 - Successfully installed Area (\Portal\SlxClient\NavGroups\navBarMaster\NavItems\MasterItemAreamaster.navitem.xml)
INFO  2014-05-29 18:20:38,731 - Installing model item: Employee (\Portal\SlxClient\NavGroups\navBarMaster\NavItems\MasterItemempmaster.navitem.xml)
INFO  2014-05-29 18:20:38,997 - Successfully installed Employee (\Portal\SlxClient\NavGroups\navBarMaster\NavItems\MasterItemempmaster.navitem.xml)
INFO  2014-05-29 18:20:39,000 - Installing model item: Pincode (\Portal\SlxClient\NavGroups\navBarMaster\NavItems\MasterItemPincode.navitem.xml)
INFO  2014-05-29 18:20:39,204 - Successfully installed Pincode (\Portal\SlxClient\NavGroups\navBarMaster\NavItems\MasterItemPincode.navitem.xml)
INFO  2014-05-29 18:20:39,208 - Installing model item: Product (\Portal\SlxClient\NavGroups\navBarMaster\NavItems\MasterItemproduct.navitem.xml)
INFO  2014-05-29 18:20:39,575 - Successfully installed Product (\Portal\SlxClient\NavGroups\navBarMaster\NavItems\MasterItemproduct.navitem.xml)
INFO  2014-05-29 18:20:39,582 - Installing model item: Competitor (\Portal\SlxClient\NavGroups\navBarMaster\NavItems\MasterItemCompetitor.navitem.xml)
INFO  2014-05-29 18:20:39,781 - Successfully installed Competitor (\Portal\SlxClient\NavGroups\navBarMaster\NavItems\MasterItemCompetitor.navitem.xml)
INFO  2014-05-29 18:20:39,786 - Installing model item: Qualifier/Branch Manager Pincode (\Portal\SlxClient\NavGroups\navBarMaster\NavItems\MasterItemQualifierSMpincode.navitem.xml)
INFO  2014-05-29 18:20:40,009 - Successfully installed Qualifier/Branch Manager Pincode (\Portal\SlxClient\NavGroups\navBarMaster\NavItems\MasterItemQualifierSMpincode.navitem.xml)
INFO  2014-05-29 18:20:40,037 - Installing context item: Saleslogix Application Entities (\Entity Model\Saleslogix Application Entities\SalesLogix Application Entities.T.package.xml)
INFO  2014-05-29 18:20:40,042 - Successfully installed Saleslogix Application Entities (\Entity Model\Saleslogix Application Entities\SalesLogix Application Entities.T.package.xml)
INFO  2014-05-29 18:20:40,048 - Installing model item: Vwareamaster (\Entity Model\Saleslogix Application Entities\Vwareamaster\Vwareamaster.VWAREAMASTER.entity.xml)
INFO  2014-05-29 18:20:40,646 - Successfully installed Vwareamaster (\Entity Model\Saleslogix Application Entities\Vwareamaster\Vwareamaster.VWAREAMASTER.entity.xml)
INFO  2014-05-29 18:20:40,651 - Installing model item: OnAfterDelete (\Entity Model\Saleslogix Application Entities\Vwareamaster\OnAfterDelete.method.xml)
INFO  2014-05-29 18:20:40,673 - Successfully installed OnAfterDelete (\Entity Model\Saleslogix Application Entities\Vwareamaster\OnAfterDelete.method.xml)
INFO  2014-05-29 18:20:40,678 - Installing item: OnAfterDelete (\Entity Model\Saleslogix Application Entities\Vwareamaster\OnAfterDelete.method.xml::Primary Steps::OnAfterDelete)
INFO  2014-05-29 18:20:40,683 - Successfully installed OnAfterDelete (\Entity Model\Saleslogix Application Entities\Vwareamaster\OnAfterDelete.method.xml::Primary Steps::OnAfterDelete)
INFO  2014-05-29 18:20:40,687 - Installing model item: OnAfterInsert (\Entity Model\Saleslogix Application Entities\Vwareamaster\OnAfterInsert.method.xml)
INFO  2014-05-29 18:20:40,695 - Successfully installed OnAfterInsert (\Entity Model\Saleslogix Application Entities\Vwareamaster\OnAfterInsert.method.xml)
INFO  2014-05-29 18:20:40,700 - Installing item: OnAfterInsert (\Entity Model\Saleslogix Application Entities\Vwareamaster\OnAfterInsert.method.xml::Primary Steps::OnAfterInsert)
INFO  2014-05-29 18:20:40,705 - Successfully installed OnAfterInsert (\Entity Model\Saleslogix Application Entities\Vwareamaster\OnAfterInsert.method.xml::Primary Steps::OnAfterInsert)
INFO  2014-05-29 18:20:40,709 - Installing model item: OnAfterUpdate (\Entity Model\Saleslogix Application Entities\Vwareamaster\OnAfterUpdate.method.xml)
INFO  2014-05-29 18:20:40,736 - Successfully installed OnAfterUpdate (\Entity Model\Saleslogix Application Entities\Vwareamaster\OnAfterUpdate.method.xml)
INFO  2014-05-29 18:20:40,741 - Installing item: OnAfterUpdate (\Entity Model\Saleslogix Application Entities\Vwareamaster\OnAfterUpdate.method.xml::Primary Steps::OnAfterUpdate)
INFO  2014-05-29 18:20:40,746 - Successfully installed OnAfterUpdate (\Entity Model\Saleslogix Application Entities\Vwareamaster\OnAfterUpdate.method.xml::Primary Steps::OnAfterUpdate)
INFO  2014-05-29 18:20:40,763 - Installing model item: OnBeforeDelete (\Entity Model\Saleslogix Application Entities\Vwareamaster\OnBeforeDelete.method.xml)
INFO  2014-05-29 18:20:40,770 - Successfully installed OnBeforeDelete (\Entity Model\Saleslogix Application Entities\Vwareamaster\OnBeforeDelete.method.xml)
INFO  2014-05-29 18:20:40,776 - Installing item: OnBeforeDelete (\Entity Model\Saleslogix Application Entities\Vwareamaster\OnBeforeDelete.method.xml::Primary Steps::OnBeforeDelete)
INFO  2014-05-29 18:20:40,780 - Successfully installed OnBeforeDelete (\Entity Model\Saleslogix Application Entities\Vwareamaster\OnBeforeDelete.method.xml::Primary Steps::OnBeforeDelete)
INFO  2014-05-29 18:20:40,785 - Installing model item: OnBeforeInsert (\Entity Model\Saleslogix Application Entities\Vwareamaster\OnBeforeInsert.method.xml)
INFO  2014-05-29 18:20:40,793 - Successfully installed OnBeforeInsert (\Entity Model\Saleslogix Application Entities\Vwareamaster\OnBeforeInsert.method.xml)
INFO  2014-05-29 18:20:40,798 - Installing item: OnBeforeInsert (\Entity Model\Saleslogix Application Entities\Vwareamaster\OnBeforeInsert.method.xml::Primary Steps::OnBeforeInsert)
INFO  2014-05-29 18:20:40,803 - Successfully installed OnBeforeInsert (\Entity Model\Saleslogix Application Entities\Vwareamaster\OnBeforeInsert.method.xml::Primary Steps::OnBeforeInsert)
INFO  2014-05-29 18:20:40,808 - Installing model item: OnBeforeUpdate (\Entity Model\Saleslogix Application Entities\Vwareamaster\OnBeforeUpdate.method.xml)
INFO  2014-05-29 18:20:40,816 - Successfully installed OnBeforeUpdate (\Entity Model\Saleslogix Application Entities\Vwareamaster\OnBeforeUpdate.method.xml)
INFO  2014-05-29 18:20:40,821 - Installing item: OnBeforeUpdate (\Entity Model\Saleslogix Application Entities\Vwareamaster\OnBeforeUpdate.method.xml::Primary Steps::OnBeforeUpdate)
INFO  2014-05-29 18:20:40,826 - Successfully installed OnBeforeUpdate (\Entity Model\Saleslogix Application Entities\Vwareamaster\OnBeforeUpdate.method.xml::Primary Steps::OnBeforeUpdate)
INFO  2014-05-29 18:20:40,831 - Installing model item: OnCreate (\Entity Model\Saleslogix Application Entities\Vwareamaster\OnCreate.method.xml)
INFO  2014-05-29 18:20:40,838 - Successfully installed OnCreate (\Entity Model\Saleslogix Application Entities\Vwareamaster\OnCreate.method.xml)
INFO  2014-05-29 18:20:40,843 - Installing item: OnCreate (\Entity Model\Saleslogix Application Entities\Vwareamaster\OnCreate.method.xml::Primary Steps::OnCreate)
INFO  2014-05-29 18:20:40,848 - Successfully installed OnCreate (\Entity Model\Saleslogix Application Entities\Vwareamaster\OnCreate.method.xml::Primary Steps::OnCreate)
INFO  2014-05-29 18:20:40,853 - Installing model item: AreaCode (\Entity Model\Saleslogix Application Entities\Vwareamaster\AreaCode.filter.xml)
INFO  2014-05-29 18:20:40,925 - Successfully installed AreaCode (\Entity Model\Saleslogix Application Entities\Vwareamaster\AreaCode.filter.xml)
INFO  2014-05-29 18:20:40,931 - Installing model item: Branch (\Entity Model\Saleslogix Application Entities\Vwareamaster\Branch.filter.xml)
INFO  2014-05-29 18:20:40,941 - Successfully installed Branch (\Entity Model\Saleslogix Application Entities\Vwareamaster\Branch.filter.xml)
INFO  2014-05-29 18:20:40,946 - Installing model item: City (\Entity Model\Saleslogix Application Entities\Vwareamaster\City.filter.xml)
INFO  2014-05-29 18:20:40,955 - Successfully installed City (\Entity Model\Saleslogix Application Entities\Vwareamaster\City.filter.xml)
INFO  2014-05-29 18:20:40,961 - Installing model item: AreaDetail (\Entity Model\Saleslogix Application Entities\Vwareamaster\QuickForms\AreaDetail.main.quickform.xml)
INFO  2014-05-29 18:20:40,978 - Successfully installed AreaDetail (\Entity Model\Saleslogix Application Entities\Vwareamaster\QuickForms\AreaDetail.main.quickform.xml)
INFO  2014-05-29 18:20:40,983 - Installing model item: Vwpincodemaster (\Entity Model\Saleslogix Application Entities\Vwpincodemaster\Vwpincodemaster.VWPINCODEMASTER.entity.xml)
INFO  2014-05-29 18:20:41,020 - Successfully installed Vwpincodemaster (\Entity Model\Saleslogix Application Entities\Vwpincodemaster\Vwpincodemaster.VWPINCODEMASTER.entity.xml)
INFO  2014-05-29 18:20:41,025 - Installing model item: OnAfterDelete (\Entity Model\Saleslogix Application Entities\Vwpincodemaster\OnAfterDelete.method.xml)
INFO  2014-05-29 18:20:41,032 - Successfully installed OnAfterDelete (\Entity Model\Saleslogix Application Entities\Vwpincodemaster\OnAfterDelete.method.xml)
INFO  2014-05-29 18:20:41,044 - Installing item: OnAfterDelete (\Entity Model\Saleslogix Application Entities\Vwpincodemaster\OnAfterDelete.method.xml::Primary Steps::OnAfterDelete)
INFO  2014-05-29 18:20:41,049 - Successfully installed OnAfterDelete (\Entity Model\Saleslogix Application Entities\Vwpincodemaster\OnAfterDelete.method.xml::Primary Steps::OnAfterDelete)
INFO  2014-05-29 18:20:41,054 - Installing model item: OnAfterInsert (\Entity Model\Saleslogix Application Entities\Vwpincodemaster\OnAfterInsert.method.xml)
INFO  2014-05-29 18:20:41,061 - Successfully installed OnAfterInsert (\Entity Model\Saleslogix Application Entities\Vwpincodemaster\OnAfterInsert.method.xml)
INFO  2014-05-29 18:20:41,066 - Installing item: OnAfterInsert (\Entity Model\Saleslogix Application Entities\Vwpincodemaster\OnAfterInsert.method.xml::Primary Steps::OnAfterInsert)
INFO  2014-05-29 18:20:41,071 - Successfully installed OnAfterInsert (\Entity Model\Saleslogix Application Entities\Vwpincodemaster\OnAfterInsert.method.xml::Primary Steps::OnAfterInsert)
INFO  2014-05-29 18:20:41,076 - Installing model item: OnAfterUpdate (\Entity Model\Saleslogix Application Entities\Vwpincodemaster\OnAfterUpdate.method.xml)
INFO  2014-05-29 18:20:41,084 - Successfully installed OnAfterUpdate (\Entity Model\Saleslogix Application Entities\Vwpincodemaster\OnAfterUpdate.method.xml)
INFO  2014-05-29 18:20:41,089 - Installing item: OnAfterUpdate (\Entity Model\Saleslogix Application Entities\Vwpincodemaster\OnAfterUpdate.method.xml::Primary Steps::OnAfterUpdate)
INFO  2014-05-29 18:20:41,094 - Successfully installed OnAfterUpdate (\Entity Model\Saleslogix Application Entities\Vwpincodemaster\OnAfterUpdate.method.xml::Primary Steps::OnAfterUpdate)
INFO  2014-05-29 18:20:41,099 - Installing model item: OnBeforeDelete (\Entity Model\Saleslogix Application Entities\Vwpincodemaster\OnBeforeDelete.method.xml)
INFO  2014-05-29 18:20:41,106 - Successfully installed OnBeforeDelete (\Entity Model\Saleslogix Application Entities\Vwpincodemaster\OnBeforeDelete.method.xml)
INFO  2014-05-29 18:20:41,111 - Installing item: OnBeforeDelete (\Entity Model\Saleslogix Application Entities\Vwpincodemaster\OnBeforeDelete.method.xml::Primary Steps::OnBeforeDelete)
INFO  2014-05-29 18:20:41,116 - Successfully installed OnBeforeDelete (\Entity Model\Saleslogix Application Entities\Vwpincodemaster\OnBeforeDelete.method.xml::Primary Steps::OnBeforeDelete)
INFO  2014-05-29 18:20:41,137 - Installing model item: OnBeforeInsert (\Entity Model\Saleslogix Application Entities\Vwpincodemaster\OnBeforeInsert.method.xml)
INFO  2014-05-29 18:20:41,145 - Successfully installed OnBeforeInsert (\Entity Model\Saleslogix Application Entities\Vwpincodemaster\OnBeforeInsert.method.xml)
INFO  2014-05-29 18:20:41,150 - Installing item: OnBeforeInsert (\Entity Model\Saleslogix Application Entities\Vwpincodemaster\OnBeforeInsert.method.xml::Primary Steps::OnBeforeInsert)
INFO  2014-05-29 18:20:41,155 - Successfully installed OnBeforeInsert (\Entity Model\Saleslogix Application Entities\Vwpincodemaster\OnBeforeInsert.method.xml::Primary Steps::OnBeforeInsert)
INFO  2014-05-29 18:20:41,160 - Installing model item: OnBeforeUpdate (\Entity Model\Saleslogix Application Entities\Vwpincodemaster\OnBeforeUpdate.method.xml)
INFO  2014-05-29 18:20:41,168 - Successfully installed OnBeforeUpdate (\Entity Model\Saleslogix Application Entities\Vwpincodemaster\OnBeforeUpdate.method.xml)
INFO  2014-05-29 18:20:41,173 - Installing item: OnBeforeUpdate (\Entity Model\Saleslogix Application Entities\Vwpincodemaster\OnBeforeUpdate.method.xml::Primary Steps::OnBeforeUpdate)
INFO  2014-05-29 18:20:41,185 - Successfully installed OnBeforeUpdate (\Entity Model\Saleslogix Application Entities\Vwpincodemaster\OnBeforeUpdate.method.xml::Primary Steps::OnBeforeUpdate)
INFO  2014-05-29 18:20:41,190 - Installing model item: OnCreate (\Entity Model\Saleslogix Application Entities\Vwpincodemaster\OnCreate.method.xml)
INFO  2014-05-29 18:20:41,197 - Successfully installed OnCreate (\Entity Model\Saleslogix Application Entities\Vwpincodemaster\OnCreate.method.xml)
INFO  2014-05-29 18:20:41,202 - Installing item: OnCreate (\Entity Model\Saleslogix Application Entities\Vwpincodemaster\OnCreate.method.xml::Primary Steps::OnCreate)
INFO  2014-05-29 18:20:41,207 - Successfully installed OnCreate (\Entity Model\Saleslogix Application Entities\Vwpincodemaster\OnCreate.method.xml::Primary Steps::OnCreate)
INFO  2014-05-29 18:20:41,212 - Installing model item: Area (\Entity Model\Saleslogix Application Entities\Vwpincodemaster\Area.filter.xml)
INFO  2014-05-29 18:20:41,236 - Successfully installed Area (\Entity Model\Saleslogix Application Entities\Vwpincodemaster\Area.filter.xml)
INFO  2014-05-29 18:20:41,241 - Installing model item: Pincode (\Entity Model\Saleslogix Application Entities\Vwpincodemaster\Pincode.filter.xml)
INFO  2014-05-29 18:20:41,250 - Successfully installed Pincode (\Entity Model\Saleslogix Application Entities\Vwpincodemaster\Pincode.filter.xml)
INFO  2014-05-29 18:20:41,256 - Installing model item: PincodeMaster (\Entity Model\Saleslogix Application Entities\Vwpincodemaster\QuickForms\PincodeMaster.main.quickform.xml)
INFO  2014-05-29 18:20:41,268 - Successfully installed PincodeMaster (\Entity Model\Saleslogix Application Entities\Vwpincodemaster\QuickForms\PincodeMaster.main.quickform.xml)
INFO  2014-05-29 18:20:41,278 - Installing model item: Vwempmaster (\Entity Model\Saleslogix Application Entities\Vwempmaster\Vwempmaster.VWEMPMASTER.entity.xml)
INFO  2014-05-29 18:20:41,335 - Successfully installed Vwempmaster (\Entity Model\Saleslogix Application Entities\Vwempmaster\Vwempmaster.VWEMPMASTER.entity.xml)
INFO  2014-05-29 18:20:41,341 - Installing model item: OnAfterDelete (\Entity Model\Saleslogix Application Entities\Vwempmaster\OnAfterDelete.method.xml)
INFO  2014-05-29 18:20:41,348 - Successfully installed OnAfterDelete (\Entity Model\Saleslogix Application Entities\Vwempmaster\OnAfterDelete.method.xml)
INFO  2014-05-29 18:20:41,356 - Installing item: OnAfterDelete (\Entity Model\Saleslogix Application Entities\Vwempmaster\OnAfterDelete.method.xml::Primary Steps::OnAfterDelete)
INFO  2014-05-29 18:20:41,361 - Successfully installed OnAfterDelete (\Entity Model\Saleslogix Application Entities\Vwempmaster\OnAfterDelete.method.xml::Primary Steps::OnAfterDelete)
INFO  2014-05-29 18:20:41,366 - Installing model item: OnAfterInsert (\Entity Model\Saleslogix Application Entities\Vwempmaster\OnAfterInsert.method.xml)
INFO  2014-05-29 18:20:41,374 - Successfully installed OnAfterInsert (\Entity Model\Saleslogix Application Entities\Vwempmaster\OnAfterInsert.method.xml)
INFO  2014-05-29 18:20:41,379 - Installing item: OnAfterInsert (\Entity Model\Saleslogix Application Entities\Vwempmaster\OnAfterInsert.method.xml::Primary Steps::OnAfterInsert)
INFO  2014-05-29 18:20:41,388 - Successfully installed OnAfterInsert (\Entity Model\Saleslogix Application Entities\Vwempmaster\OnAfterInsert.method.xml::Primary Steps::OnAfterInsert)
INFO  2014-05-29 18:20:41,393 - Installing model item: OnAfterUpdate (\Entity Model\Saleslogix Application Entities\Vwempmaster\OnAfterUpdate.method.xml)
INFO  2014-05-29 18:20:41,400 - Successfully installed OnAfterUpdate (\Entity Model\Saleslogix Application Entities\Vwempmaster\OnAfterUpdate.method.xml)
INFO  2014-05-29 18:20:41,406 - Installing item: OnAfterUpdate (\Entity Model\Saleslogix Application Entities\Vwempmaster\OnAfterUpdate.method.xml::Primary Steps::OnAfterUpdate)
INFO  2014-05-29 18:20:41,411 - Successfully installed OnAfterUpdate (\Entity Model\Saleslogix Application Entities\Vwempmaster\OnAfterUpdate.method.xml::Primary Steps::OnAfterUpdate)
INFO  2014-05-29 18:20:41,419 - Installing model item: OnBeforeDelete (\Entity Model\Saleslogix Application Entities\Vwempmaster\OnBeforeDelete.method.xml)
INFO  2014-05-29 18:20:41,426 - Successfully installed OnBeforeDelete (\Entity Model\Saleslogix Application Entities\Vwempmaster\OnBeforeDelete.method.xml)
INFO  2014-05-29 18:20:41,432 - Installing item: OnBeforeDelete (\Entity Model\Saleslogix Application Entities\Vwempmaster\OnBeforeDelete.method.xml::Primary Steps::OnBeforeDelete)
INFO  2014-05-29 18:20:41,437 - Successfully installed OnBeforeDelete (\Entity Model\Saleslogix Application Entities\Vwempmaster\OnBeforeDelete.method.xml::Primary Steps::OnBeforeDelete)
INFO  2014-05-29 18:20:41,442 - Installing model item: OnBeforeInsert (\Entity Model\Saleslogix Application Entities\Vwempmaster\OnBeforeInsert.method.xml)
INFO  2014-05-29 18:20:41,452 - Successfully installed OnBeforeInsert (\Entity Model\Saleslogix Application Entities\Vwempmaster\OnBeforeInsert.method.xml)
INFO  2014-05-29 18:20:41,458 - Installing item: OnBeforeInsert (\Entity Model\Saleslogix Application Entities\Vwempmaster\OnBeforeInsert.method.xml::Primary Steps::OnBeforeInsert)
INFO  2014-05-29 18:20:41,463 - Successfully installed OnBeforeInsert (\Entity Model\Saleslogix Application Entities\Vwempmaster\OnBeforeInsert.method.xml::Primary Steps::OnBeforeInsert)
INFO  2014-05-29 18:20:41,468 - Installing model item: OnBeforeUpdate (\Entity Model\Saleslogix Application Entities\Vwempmaster\OnBeforeUpdate.method.xml)
INFO  2014-05-29 18:20:41,477 - Successfully installed OnBeforeUpdate (\Entity Model\Saleslogix Application Entities\Vwempmaster\OnBeforeUpdate.method.xml)
INFO  2014-05-29 18:20:41,483 - Installing item: OnBeforeUpdate (\Entity Model\Saleslogix Application Entities\Vwempmaster\OnBeforeUpdate.method.xml::Primary Steps::OnBeforeUpdate)
INFO  2014-05-29 18:20:41,488 - Successfully installed OnBeforeUpdate (\Entity Model\Saleslogix Application Entities\Vwempmaster\OnBeforeUpdate.method.xml::Primary Steps::OnBeforeUpdate)
INFO  2014-05-29 18:20:41,493 - Installing model item: OnCreate (\Entity Model\Saleslogix Application Entities\Vwempmaster\OnCreate.method.xml)
INFO  2014-05-29 18:20:41,501 - Successfully installed OnCreate (\Entity Model\Saleslogix Application Entities\Vwempmaster\OnCreate.method.xml)
INFO  2014-05-29 18:20:41,512 - Installing item: OnCreate (\Entity Model\Saleslogix Application Entities\Vwempmaster\OnCreate.method.xml::Primary Steps::OnCreate)
INFO  2014-05-29 18:20:41,518 - Successfully installed OnCreate (\Entity Model\Saleslogix Application Entities\Vwempmaster\OnCreate.method.xml::Primary Steps::OnCreate)
INFO  2014-05-29 18:20:41,523 - Installing model item: Designation (\Entity Model\Saleslogix Application Entities\Vwempmaster\Designation.filter.xml)
INFO  2014-05-29 18:20:41,532 - Successfully installed Designation (\Entity Model\Saleslogix Application Entities\Vwempmaster\Designation.filter.xml)
INFO  2014-05-29 18:20:41,539 - Installing model item: EmpCode (\Entity Model\Saleslogix Application Entities\Vwempmaster\EmpCode.filter.xml)
INFO  2014-05-29 18:20:41,548 - Successfully installed EmpCode (\Entity Model\Saleslogix Application Entities\Vwempmaster\EmpCode.filter.xml)
INFO  2014-05-29 18:20:41,554 - Installing model item: EmpRole (\Entity Model\Saleslogix Application Entities\Vwempmaster\EmpRole.filter.xml)
INFO  2014-05-29 18:20:41,564 - Successfully installed EmpRole (\Entity Model\Saleslogix Application Entities\Vwempmaster\EmpRole.filter.xml)
INFO  2014-05-29 18:20:41,569 - Installing model item: EmployeeDetail (\Entity Model\Saleslogix Application Entities\Vwempmaster\QuickForms\EmployeeDetail.main.quickform.xml)
INFO  2014-05-29 18:20:41,597 - Successfully installed EmployeeDetail (\Entity Model\Saleslogix Application Entities\Vwempmaster\QuickForms\EmployeeDetail.main.quickform.xml)
INFO  2014-05-29 18:20:41,603 - Installing model item: QualifierAndSMpincode (\Entity Model\Saleslogix Application Entities\QualifierAndSMpincode\QualifierAndSMpincode.QUALIFIERANDSMPINCODE.entity.xml)
INFO  2014-05-29 18:20:41,637 - Successfully installed QualifierAndSMpincode (\Entity Model\Saleslogix Application Entities\QualifierAndSMpincode\QualifierAndSMpincode.QUALIFIERANDSMPINCODE.entity.xml)
INFO  2014-05-29 18:20:41,653 - Installing model item: OnAfterDelete (\Entity Model\Saleslogix Application Entities\QualifierAndSMpincode\OnAfterDelete.method.xml)
INFO  2014-05-29 18:20:41,661 - Successfully installed OnAfterDelete (\Entity Model\Saleslogix Application Entities\QualifierAndSMpincode\OnAfterDelete.method.xml)
INFO  2014-05-29 18:20:41,666 - Installing item: OnAfterDelete (\Entity Model\Saleslogix Application Entities\QualifierAndSMpincode\OnAfterDelete.method.xml::Primary Steps::OnAfterDelete)
INFO  2014-05-29 18:20:41,672 - Successfully installed OnAfterDelete (\Entity Model\Saleslogix Application Entities\QualifierAndSMpincode\OnAfterDelete.method.xml::Primary Steps::OnAfterDelete)
INFO  2014-05-29 18:20:41,684 - Installing model item: OnAfterInsert (\Entity Model\Saleslogix Application Entities\QualifierAndSMpincode\OnAfterInsert.method.xml)
INFO  2014-05-29 18:20:41,692 - Successfully installed OnAfterInsert (\Entity Model\Saleslogix Application Entities\QualifierAndSMpincode\OnAfterInsert.method.xml)
INFO  2014-05-29 18:20:41,697 - Installing item: OnAfterInsert (\Entity Model\Saleslogix Application Entities\QualifierAndSMpincode\OnAfterInsert.method.xml::Primary Steps::OnAfterInsert)
INFO  2014-05-29 18:20:41,703 - Successfully installed OnAfterInsert (\Entity Model\Saleslogix Application Entities\QualifierAndSMpincode\OnAfterInsert.method.xml::Primary Steps::OnAfterInsert)
INFO  2014-05-29 18:20:41,715 - Installing model item: OnAfterUpdate (\Entity Model\Saleslogix Application Entities\QualifierAndSMpincode\OnAfterUpdate.method.xml)
INFO  2014-05-29 18:20:41,723 - Successfully installed OnAfterUpdate (\Entity Model\Saleslogix Application Entities\QualifierAndSMpincode\OnAfterUpdate.method.xml)
INFO  2014-05-29 18:20:41,729 - Installing item: OnAfterUpdate (\Entity Model\Saleslogix Application Entities\QualifierAndSMpincode\OnAfterUpdate.method.xml::Primary Steps::OnAfterUpdate)
INFO  2014-05-29 18:20:41,734 - Successfully installed OnAfterUpdate (\Entity Model\Saleslogix Application Entities\QualifierAndSMpincode\OnAfterUpdate.method.xml::Primary Steps::OnAfterUpdate)
INFO  2014-05-29 18:20:41,745 - Installing model item: OnBeforeDelete (\Entity Model\Saleslogix Application Entities\QualifierAndSMpincode\OnBeforeDelete.method.xml)
INFO  2014-05-29 18:20:41,753 - Successfully installed OnBeforeDelete (\Entity Model\Saleslogix Application Entities\QualifierAndSMpincode\OnBeforeDelete.method.xml)
INFO  2014-05-29 18:20:41,759 - Installing item: OnBeforeDelete (\Entity Model\Saleslogix Application Entities\QualifierAndSMpincode\OnBeforeDelete.method.xml::Primary Steps::OnBeforeDelete)
INFO  2014-05-29 18:20:41,764 - Successfully installed OnBeforeDelete (\Entity Model\Saleslogix Application Entities\QualifierAndSMpincode\OnBeforeDelete.method.xml::Primary Steps::OnBeforeDelete)
INFO  2014-05-29 18:20:41,778 - Installing model item: OnBeforeInsert (\Entity Model\Saleslogix Application Entities\QualifierAndSMpincode\OnBeforeInsert.method.xml)
INFO  2014-05-29 18:20:41,785 - Successfully installed OnBeforeInsert (\Entity Model\Saleslogix Application Entities\QualifierAndSMpincode\OnBeforeInsert.method.xml)
INFO  2014-05-29 18:20:41,791 - Installing item: OnBeforeInsert (\Entity Model\Saleslogix Application Entities\QualifierAndSMpincode\OnBeforeInsert.method.xml::Primary Steps::OnBeforeInsert)
INFO  2014-05-29 18:20:41,797 - Successfully installed OnBeforeInsert (\Entity Model\Saleslogix Application Entities\QualifierAndSMpincode\OnBeforeInsert.method.xml::Primary Steps::OnBeforeInsert)
INFO  2014-05-29 18:20:41,808 - Installing model item: OnBeforeUpdate (\Entity Model\Saleslogix Application Entities\QualifierAndSMpincode\OnBeforeUpdate.method.xml)
INFO  2014-05-29 18:20:41,816 - Successfully installed OnBeforeUpdate (\Entity Model\Saleslogix Application Entities\QualifierAndSMpincode\OnBeforeUpdate.method.xml)
INFO  2014-05-29 18:20:41,822 - Installing item: OnBeforeUpdate (\Entity Model\Saleslogix Application Entities\QualifierAndSMpincode\OnBeforeUpdate.method.xml::Primary Steps::OnBeforeUpdate)
INFO  2014-05-29 18:20:41,828 - Successfully installed OnBeforeUpdate (\Entity Model\Saleslogix Application Entities\QualifierAndSMpincode\OnBeforeUpdate.method.xml::Primary Steps::OnBeforeUpdate)
INFO  2014-05-29 18:20:41,840 - Installing model item: OnCreate (\Entity Model\Saleslogix Application Entities\QualifierAndSMpincode\OnCreate.method.xml)
INFO  2014-05-29 18:20:41,848 - Successfully installed OnCreate (\Entity Model\Saleslogix Application Entities\QualifierAndSMpincode\OnCreate.method.xml)
INFO  2014-05-29 18:20:41,854 - Installing item: OnCreate (\Entity Model\Saleslogix Application Entities\QualifierAndSMpincode\OnCreate.method.xml::Primary Steps::OnCreate)
INFO  2014-05-29 18:20:41,859 - Successfully installed OnCreate (\Entity Model\Saleslogix Application Entities\QualifierAndSMpincode\OnCreate.method.xml::Primary Steps::OnCreate)
INFO  2014-05-29 18:20:41,872 - Installing model item: Pincode (\Entity Model\Saleslogix Application Entities\QualifierAndSMpincode\Pincode.filter.xml)
INFO  2014-05-29 18:20:41,882 - Successfully installed Pincode (\Entity Model\Saleslogix Application Entities\QualifierAndSMpincode\Pincode.filter.xml)
INFO  2014-05-29 18:20:41,888 - Installing model item: QualifierSMpincode (\Entity Model\Saleslogix Application Entities\QualifierAndSMpincode\QuickForms\QualifierSMpincode.main.quickform.xml)
INFO  2014-05-29 18:20:41,901 - Successfully installed QualifierSMpincode (\Entity Model\Saleslogix Application Entities\QualifierAndSMpincode\QuickForms\QualifierSMpincode.main.quickform.xml)
INFO  2014-05-29 18:20:41,907 - Saving context item: Saleslogix Client (\Portal\SlxClient\SlxClient.cabapp.ptl.xml)
INFO  2014-05-29 18:20:41,912 - Successfully saved Saleslogix Client (\Portal\SlxClient\SlxClient.cabapp.ptl.xml)
INFO  2014-05-29 18:20:41,918 - Saving model item: Master (\Portal\SlxClient\NavGroups\navBarMaster\navBarMaster.navgroup.xml)
INFO  2014-05-29 18:20:41,934 - Successfully saved Master (\Portal\SlxClient\NavGroups\navBarMaster\navBarMaster.navgroup.xml)
INFO  2014-05-29 18:20:41,940 - Saving model item: Area (\Portal\SlxClient\NavGroups\navBarMaster\NavItems\MasterItemAreamaster.navitem.xml)
INFO  2014-05-29 18:20:41,945 - Successfully saved Area (\Portal\SlxClient\NavGroups\navBarMaster\NavItems\MasterItemAreamaster.navitem.xml)
INFO  2014-05-29 18:20:41,951 - Saving model item: Employee (\Portal\SlxClient\NavGroups\navBarMaster\NavItems\MasterItemempmaster.navitem.xml)
INFO  2014-05-29 18:20:41,965 - Successfully saved Employee (\Portal\SlxClient\NavGroups\navBarMaster\NavItems\MasterItemempmaster.navitem.xml)
INFO  2014-05-29 18:20:41,971 - Saving model item: Pincode (\Portal\SlxClient\NavGroups\navBarMaster\NavItems\MasterItemPincode.navitem.xml)
INFO  2014-05-29 18:20:41,976 - Successfully saved Pincode (\Portal\SlxClient\NavGroups\navBarMaster\NavItems\MasterItemPincode.navitem.xml)
INFO  2014-05-29 18:20:41,981 - Saving model item: Product (\Portal\SlxClient\NavGroups\navBarMaster\NavItems\MasterItemproduct.navitem.xml)
INFO  2014-05-29 18:20:41,996 - Successfully saved Product (\Portal\SlxClient\NavGroups\navBarMaster\NavItems\MasterItemproduct.navitem.xml)
INFO  2014-05-29 18:20:42,001 - Saving model item: Competitor (\Portal\SlxClient\NavGroups\navBarMaster\NavItems\MasterItemCompetitor.navitem.xml)
INFO  2014-05-29 18:20:42,007 - Successfully saved Competitor (\Portal\SlxClient\NavGroups\navBarMaster\NavItems\MasterItemCompetitor.navitem.xml)
INFO  2014-05-29 18:20:42,026 - Saving model item: Qualifier/Branch Manager Pincode (\Portal\SlxClient\NavGroups\navBarMaster\NavItems\MasterItemQualifierSMpincode.navitem.xml)
INFO  2014-05-29 18:20:42,031 - Successfully saved Qualifier/Branch Manager Pincode (\Portal\SlxClient\NavGroups\navBarMaster\NavItems\MasterItemQualifierSMpincode.navitem.xml)
INFO  2014-05-29 18:20:42,037 - Saving context item: Saleslogix Application Entities (\Entity Model\Saleslogix Application Entities\SalesLogix Application Entities.T.package.xml)
INFO  2014-05-29 18:20:42,042 - Successfully saved Saleslogix Application Entities (\Entity Model\Saleslogix Application Entities\SalesLogix Application Entities.T.package.xml)
INFO  2014-05-29 18:20:42,057 - Saving model item: Vwareamaster (\Entity Model\Saleslogix Application Entities\Vwareamaster\Vwareamaster.VWAREAMASTER.entity.xml)
INFO  2014-05-29 18:20:47,474 - Successfully saved Vwareamaster (\Entity Model\Saleslogix Application Entities\Vwareamaster\Vwareamaster.VWAREAMASTER.entity.xml)
INFO  2014-05-29 18:20:47,483 - Saving model item: OnAfterDelete (\Entity Model\Saleslogix Application Entities\Vwareamaster\OnAfterDelete.method.xml)
INFO  2014-05-29 18:20:47,488 - Successfully saved OnAfterDelete (\Entity Model\Saleslogix Application Entities\Vwareamaster\OnAfterDelete.method.xml)
INFO  2014-05-29 18:20:47,494 - Saving item: OnAfterDelete (\Entity Model\Saleslogix Application Entities\Vwareamaster\OnAfterDelete.method.xml::Primary Steps::OnAfterDelete)
INFO  2014-05-29 18:20:47,500 - Successfully saved OnAfterDelete (\Entity Model\Saleslogix Application Entities\Vwareamaster\OnAfterDelete.method.xml::Primary Steps::OnAfterDelete)
INFO  2014-05-29 18:20:47,518 - Saving model item: OnAfterInsert (\Entity Model\Saleslogix Application Entities\Vwareamaster\OnAfterInsert.method.xml)
INFO  2014-05-29 18:20:47,523 - Successfully saved OnAfterInsert (\Entity Model\Saleslogix Application Entities\Vwareamaster\OnAfterInsert.method.xml)
INFO  2014-05-29 18:20:47,529 - Saving item: OnAfterInsert (\Entity Model\Saleslogix Application Entities\Vwareamaster\OnAfterInsert.method.xml::Primary Steps::OnAfterInsert)
INFO  2014-05-29 18:20:47,548 - Successfully saved OnAfterInsert (\Entity Model\Saleslogix Application Entities\Vwareamaster\OnAfterInsert.method.xml::Primary Steps::OnAfterInsert)
INFO  2014-05-29 18:20:47,554 - Saving model item: OnAfterUpdate (\Entity Model\Saleslogix Application Entities\Vwareamaster\OnAfterUpdate.method.xml)
INFO  2014-05-29 18:20:47,559 - Successfully saved OnAfterUpdate (\Entity Model\Saleslogix Application Entities\Vwareamaster\OnAfterUpdate.method.xml)
INFO  2014-05-29 18:20:47,564 - Saving item: OnAfterUpdate (\Entity Model\Saleslogix Application Entities\Vwareamaster\OnAfterUpdate.method.xml::Primary Steps::OnAfterUpdate)
INFO  2014-05-29 18:20:47,579 - Successfully saved OnAfterUpdate (\Entity Model\Saleslogix Application Entities\Vwareamaster\OnAfterUpdate.method.xml::Primary Steps::OnAfterUpdate)
INFO  2014-05-29 18:20:47,584 - Saving model item: OnBeforeDelete (\Entity Model\Saleslogix Application Entities\Vwareamaster\OnBeforeDelete.method.xml)
INFO  2014-05-29 18:20:47,590 - Successfully saved OnBeforeDelete (\Entity Model\Saleslogix Application Entities\Vwareamaster\OnBeforeDelete.method.xml)
INFO  2014-05-29 18:20:47,596 - Saving item: OnBeforeDelete (\Entity Model\Saleslogix Application Entities\Vwareamaster\OnBeforeDelete.method.xml::Primary Steps::OnBeforeDelete)
INFO  2014-05-29 18:20:47,611 - Successfully saved OnBeforeDelete (\Entity Model\Saleslogix Application Entities\Vwareamaster\OnBeforeDelete.method.xml::Primary Steps::OnBeforeDelete)
INFO  2014-05-29 18:20:47,617 - Saving model item: OnBeforeInsert (\Entity Model\Saleslogix Application Entities\Vwareamaster\OnBeforeInsert.method.xml)
INFO  2014-05-29 18:20:47,623 - Successfully saved OnBeforeInsert (\Entity Model\Saleslogix Application Entities\Vwareamaster\OnBeforeInsert.method.xml)
INFO  2014-05-29 18:20:47,643 - Saving item: OnBeforeInsert (\Entity Model\Saleslogix Application Entities\Vwareamaster\OnBeforeInsert.method.xml::Primary Steps::OnBeforeInsert)
INFO  2014-05-29 18:20:47,648 - Successfully saved OnBeforeInsert (\Entity Model\Saleslogix Application Entities\Vwareamaster\OnBeforeInsert.method.xml::Primary Steps::OnBeforeInsert)
INFO  2014-05-29 18:20:47,654 - Saving model item: OnBeforeUpdate (\Entity Model\Saleslogix Application Entities\Vwareamaster\OnBeforeUpdate.method.xml)
INFO  2014-05-29 18:20:47,660 - Successfully saved OnBeforeUpdate (\Entity Model\Saleslogix Application Entities\Vwareamaster\OnBeforeUpdate.method.xml)
INFO  2014-05-29 18:20:47,673 - Saving item: OnBeforeUpdate (\Entity Model\Saleslogix Application Entities\Vwareamaster\OnBeforeUpdate.method.xml::Primary Steps::OnBeforeUpdate)
INFO  2014-05-29 18:20:47,678 - Successfully saved OnBeforeUpdate (\Entity Model\Saleslogix Application Entities\Vwareamaster\OnBeforeUpdate.method.xml::Primary Steps::OnBeforeUpdate)
INFO  2014-05-29 18:20:47,684 - Saving model item: OnCreate (\Entity Model\Saleslogix Application Entities\Vwareamaster\OnCreate.method.xml)
INFO  2014-05-29 18:20:47,704 - Successfully saved OnCreate (\Entity Model\Saleslogix Application Entities\Vwareamaster\OnCreate.method.xml)
INFO  2014-05-29 18:20:47,710 - Saving item: OnCreate (\Entity Model\Saleslogix Application Entities\Vwareamaster\OnCreate.method.xml::Primary Steps::OnCreate)
INFO  2014-05-29 18:20:47,715 - Successfully saved OnCreate (\Entity Model\Saleslogix Application Entities\Vwareamaster\OnCreate.method.xml::Primary Steps::OnCreate)
INFO  2014-05-29 18:20:47,736 - Saving model item: AreaCode (\Entity Model\Saleslogix Application Entities\Vwareamaster\AreaCode.filter.xml)
INFO  2014-05-29 18:20:47,741 - Successfully saved AreaCode (\Entity Model\Saleslogix Application Entities\Vwareamaster\AreaCode.filter.xml)
INFO  2014-05-29 18:20:47,747 - Saving model item: Branch (\Entity Model\Saleslogix Application Entities\Vwareamaster\Branch.filter.xml)
INFO  2014-05-29 18:20:47,752 - Successfully saved Branch (\Entity Model\Saleslogix Application Entities\Vwareamaster\Branch.filter.xml)
INFO  2014-05-29 18:20:47,767 - Saving model item: City (\Entity Model\Saleslogix Application Entities\Vwareamaster\City.filter.xml)
INFO  2014-05-29 18:20:47,773 - Successfully saved City (\Entity Model\Saleslogix Application Entities\Vwareamaster\City.filter.xml)
INFO  2014-05-29 18:20:47,779 - Saving model item: AreaDetail (\Entity Model\Saleslogix Application Entities\Vwareamaster\QuickForms\AreaDetail.main.quickform.xml)
INFO  2014-05-29 18:20:47,798 - Successfully saved AreaDetail (\Entity Model\Saleslogix Application Entities\Vwareamaster\QuickForms\AreaDetail.main.quickform.xml)
INFO  2014-05-29 18:20:47,803 - Saving model item: Vwpincodemaster (\Entity Model\Saleslogix Application Entities\Vwpincodemaster\Vwpincodemaster.VWPINCODEMASTER.entity.xml)
INFO  2014-05-29 18:20:47,879 - Successfully saved Vwpincodemaster (\Entity Model\Saleslogix Application Entities\Vwpincodemaster\Vwpincodemaster.VWPINCODEMASTER.entity.xml)
INFO  2014-05-29 18:20:47,885 - Saving model item: OnAfterDelete (\Entity Model\Saleslogix Application Entities\Vwpincodemaster\OnAfterDelete.method.xml)
INFO  2014-05-29 18:20:47,891 - Successfully saved OnAfterDelete (\Entity Model\Saleslogix Application Entities\Vwpincodemaster\OnAfterDelete.method.xml)
INFO  2014-05-29 18:20:47,897 - Saving item: OnAfterDelete (\Entity Model\Saleslogix Application Entities\Vwpincodemaster\OnAfterDelete.method.xml::Primary Steps::OnAfterDelete)
INFO  2014-05-29 18:20:47,908 - Successfully saved OnAfterDelete (\Entity Model\Saleslogix Application Entities\Vwpincodemaster\OnAfterDelete.method.xml::Primary Steps::OnAfterDelete)
INFO  2014-05-29 18:20:47,914 - Saving model item: OnAfterInsert (\Entity Model\Saleslogix Application Entities\Vwpincodemaster\OnAfterInsert.method.xml)
INFO  2014-05-29 18:20:47,919 - Successfully saved OnAfterInsert (\Entity Model\Saleslogix Application Entities\Vwpincodemaster\OnAfterInsert.method.xml)
INFO  2014-05-29 18:20:47,939 - Saving item: OnAfterInsert (\Entity Model\Saleslogix Application Entities\Vwpincodemaster\OnAfterInsert.method.xml::Primary Steps::OnAfterInsert)
INFO  2014-05-29 18:20:47,945 - Successfully saved OnAfterInsert (\Entity Model\Saleslogix Application Entities\Vwpincodemaster\OnAfterInsert.method.xml::Primary Steps::OnAfterInsert)
INFO  2014-05-29 18:20:47,951 - Saving model item: OnAfterUpdate (\Entity Model\Saleslogix Application Entities\Vwpincodemaster\OnAfterUpdate.method.xml)
INFO  2014-05-29 18:20:47,957 - Successfully saved OnAfterUpdate (\Entity Model\Saleslogix Application Entities\Vwpincodemaster\OnAfterUpdate.method.xml)
INFO  2014-05-29 18:20:47,971 - Saving item: OnAfterUpdate (\Entity Model\Saleslogix Application Entities\Vwpincodemaster\OnAfterUpdate.method.xml::Primary Steps::OnAfterUpdate)
INFO  2014-05-29 18:20:47,976 - Successfully saved OnAfterUpdate (\Entity Model\Saleslogix Application Entities\Vwpincodemaster\OnAfterUpdate.method.xml::Primary Steps::OnAfterUpdate)
INFO  2014-05-29 18:20:47,982 - Saving model item: OnBeforeDelete (\Entity Model\Saleslogix Application Entities\Vwpincodemaster\OnBeforeDelete.method.xml)
INFO  2014-05-29 18:20:48,002 - Successfully saved OnBeforeDelete (\Entity Model\Saleslogix Application Entities\Vwpincodemaster\OnBeforeDelete.method.xml)
INFO  2014-05-29 18:20:48,008 - Saving item: OnBeforeDelete (\Entity Model\Saleslogix Application Entities\Vwpincodemaster\OnBeforeDelete.method.xml::Primary Steps::OnBeforeDelete)
INFO  2014-05-29 18:20:48,014 - Successfully saved OnBeforeDelete (\Entity Model\Saleslogix Application Entities\Vwpincodemaster\OnBeforeDelete.method.xml::Primary Steps::OnBeforeDelete)
INFO  2014-05-29 18:20:48,033 - Saving model item: OnBeforeInsert (\Entity Model\Saleslogix Application Entities\Vwpincodemaster\OnBeforeInsert.method.xml)
INFO  2014-05-29 18:20:48,039 - Successfully saved OnBeforeInsert (\Entity Model\Saleslogix Application Entities\Vwpincodemaster\OnBeforeInsert.method.xml)
INFO  2014-05-29 18:20:48,045 - Saving item: OnBeforeInsert (\Entity Model\Saleslogix Application Entities\Vwpincodemaster\OnBeforeInsert.method.xml::Primary Steps::OnBeforeInsert)
INFO  2014-05-29 18:20:48,065 - Successfully saved OnBeforeInsert (\Entity Model\Saleslogix Application Entities\Vwpincodemaster\OnBeforeInsert.method.xml::Primary Steps::OnBeforeInsert)
INFO  2014-05-29 18:20:48,070 - Saving model item: OnBeforeUpdate (\Entity Model\Saleslogix Application Entities\Vwpincodemaster\OnBeforeUpdate.method.xml)
INFO  2014-05-29 18:20:48,076 - Successfully saved OnBeforeUpdate (\Entity Model\Saleslogix Application Entities\Vwpincodemaster\OnBeforeUpdate.method.xml)
INFO  2014-05-29 18:20:48,095 - Saving item: OnBeforeUpdate (\Entity Model\Saleslogix Application Entities\Vwpincodemaster\OnBeforeUpdate.method.xml::Primary Steps::OnBeforeUpdate)
INFO  2014-05-29 18:20:48,101 - Successfully saved OnBeforeUpdate (\Entity Model\Saleslogix Application Entities\Vwpincodemaster\OnBeforeUpdate.method.xml::Primary Steps::OnBeforeUpdate)
INFO  2014-05-29 18:20:48,107 - Saving model item: OnCreate (\Entity Model\Saleslogix Application Entities\Vwpincodemaster\OnCreate.method.xml)
INFO  2014-05-29 18:20:48,126 - Successfully saved OnCreate (\Entity Model\Saleslogix Application Entities\Vwpincodemaster\OnCreate.method.xml)
INFO  2014-05-29 18:20:48,132 - Saving item: OnCreate (\Entity Model\Saleslogix Application Entities\Vwpincodemaster\OnCreate.method.xml::Primary Steps::OnCreate)
INFO  2014-05-29 18:20:48,138 - Successfully saved OnCreate (\Entity Model\Saleslogix Application Entities\Vwpincodemaster\OnCreate.method.xml::Primary Steps::OnCreate)
INFO  2014-05-29 18:20:48,159 - Saving model item: Area (\Entity Model\Saleslogix Application Entities\Vwpincodemaster\Area.filter.xml)
INFO  2014-05-29 18:20:48,164 - Successfully saved Area (\Entity Model\Saleslogix Application Entities\Vwpincodemaster\Area.filter.xml)
INFO  2014-05-29 18:20:48,170 - Saving model item: Pincode (\Entity Model\Saleslogix Application Entities\Vwpincodemaster\Pincode.filter.xml)
INFO  2014-05-29 18:20:48,189 - Successfully saved Pincode (\Entity Model\Saleslogix Application Entities\Vwpincodemaster\Pincode.filter.xml)
INFO  2014-05-29 18:20:48,195 - Saving model item: PincodeMaster (\Entity Model\Saleslogix Application Entities\Vwpincodemaster\QuickForms\PincodeMaster.main.quickform.xml)
INFO  2014-05-29 18:20:48,200 - Successfully saved PincodeMaster (\Entity Model\Saleslogix Application Entities\Vwpincodemaster\QuickForms\PincodeMaster.main.quickform.xml)
INFO  2014-05-29 18:20:48,220 - Saving model item: Vwempmaster (\Entity Model\Saleslogix Application Entities\Vwempmaster\Vwempmaster.VWEMPMASTER.entity.xml)
INFO  2014-05-29 18:20:48,293 - Successfully saved Vwempmaster (\Entity Model\Saleslogix Application Entities\Vwempmaster\Vwempmaster.VWEMPMASTER.entity.xml)
INFO  2014-05-29 18:20:48,301 - Saving model item: OnAfterDelete (\Entity Model\Saleslogix Application Entities\Vwempmaster\OnAfterDelete.method.xml)
INFO  2014-05-29 18:20:48,308 - Successfully saved OnAfterDelete (\Entity Model\Saleslogix Application Entities\Vwempmaster\OnAfterDelete.method.xml)
INFO  2014-05-29 18:20:48,316 - Saving item: OnAfterDelete (\Entity Model\Saleslogix Application Entities\Vwempmaster\OnAfterDelete.method.xml::Primary Steps::OnAfterDelete)
INFO  2014-05-29 18:20:48,322 - Successfully saved OnAfterDelete (\Entity Model\Saleslogix Application Entities\Vwempmaster\OnAfterDelete.method.xml::Primary Steps::OnAfterDelete)
INFO  2014-05-29 18:20:48,329 - Saving model item: OnAfterInsert (\Entity Model\Saleslogix Application Entities\Vwempmaster\OnAfterInsert.method.xml)
INFO  2014-05-29 18:20:48,345 - Successfully saved OnAfterInsert (\Entity Model\Saleslogix Application Entities\Vwempmaster\OnAfterInsert.method.xml)
INFO  2014-05-29 18:20:48,351 - Saving item: OnAfterInsert (\Entity Model\Saleslogix Application Entities\Vwempmaster\OnAfterInsert.method.xml::Primary Steps::OnAfterInsert)
INFO  2014-05-29 18:20:48,360 - Successfully saved OnAfterInsert (\Entity Model\Saleslogix Application Entities\Vwempmaster\OnAfterInsert.method.xml::Primary Steps::OnAfterInsert)
INFO  2014-05-29 18:20:48,376 - Saving model item: OnAfterUpdate (\Entity Model\Saleslogix Application Entities\Vwempmaster\OnAfterUpdate.method.xml)
INFO  2014-05-29 18:20:48,383 - Successfully saved OnAfterUpdate (\Entity Model\Saleslogix Application Entities\Vwempmaster\OnAfterUpdate.method.xml)
INFO  2014-05-29 18:20:48,393 - Saving item: OnAfterUpdate (\Entity Model\Saleslogix Application Entities\Vwempmaster\OnAfterUpdate.method.xml::Primary Steps::OnAfterUpdate)
INFO  2014-05-29 18:20:48,399 - Successfully saved OnAfterUpdate (\Entity Model\Saleslogix Application Entities\Vwempmaster\OnAfterUpdate.method.xml::Primary Steps::OnAfterUpdate)
INFO  2014-05-29 18:20:48,405 - Saving model item: OnBeforeDelete (\Entity Model\Saleslogix Application Entities\Vwempmaster\OnBeforeDelete.method.xml)
INFO  2014-05-29 18:20:48,423 - Successfully saved OnBeforeDelete (\Entity Model\Saleslogix Application Entities\Vwempmaster\OnBeforeDelete.method.xml)
INFO  2014-05-29 18:20:48,429 - Saving item: OnBeforeDelete (\Entity Model\Saleslogix Application Entities\Vwempmaster\OnBeforeDelete.method.xml::Primary Steps::OnBeforeDelete)
INFO  2014-05-29 18:20:48,435 - Successfully saved OnBeforeDelete (\Entity Model\Saleslogix Application Entities\Vwempmaster\OnBeforeDelete.method.xml::Primary Steps::OnBeforeDelete)
INFO  2014-05-29 18:20:48,454 - Saving model item: OnBeforeInsert (\Entity Model\Saleslogix Application Entities\Vwempmaster\OnBeforeInsert.method.xml)
INFO  2014-05-29 18:20:48,460 - Successfully saved OnBeforeInsert (\Entity Model\Saleslogix Application Entities\Vwempmaster\OnBeforeInsert.method.xml)
INFO  2014-05-29 18:20:48,466 - Saving item: OnBeforeInsert (\Entity Model\Saleslogix Application Entities\Vwempmaster\OnBeforeInsert.method.xml::Primary Steps::OnBeforeInsert)
INFO  2014-05-29 18:20:48,486 - Successfully saved OnBeforeInsert (\Entity Model\Saleslogix Application Entities\Vwempmaster\OnBeforeInsert.method.xml::Primary Steps::OnBeforeInsert)
INFO  2014-05-29 18:20:48,492 - Saving model item: OnBeforeUpdate (\Entity Model\Saleslogix Application Entities\Vwempmaster\OnBeforeUpdate.method.xml)
INFO  2014-05-29 18:20:48,499 - Successfully saved OnBeforeUpdate (\Entity Model\Saleslogix Application Entities\Vwempmaster\OnBeforeUpdate.method.xml)
INFO  2014-05-29 18:20:48,505 - Saving item: OnBeforeUpdate (\Entity Model\Saleslogix Application Entities\Vwempmaster\OnBeforeUpdate.method.xml::Primary Steps::OnBeforeUpdate)
INFO  2014-05-29 18:20:48,512 - Successfully saved OnBeforeUpdate (\Entity Model\Saleslogix Application Entities\Vwempmaster\OnBeforeUpdate.method.xml::Primary Steps::OnBeforeUpdate)
INFO  2014-05-29 18:20:48,518 - Saving model item: OnCreate (\Entity Model\Saleslogix Application Entities\Vwempmaster\OnCreate.method.xml)
INFO  2014-05-29 18:20:48,524 - Successfully saved OnCreate (\Entity Model\Saleslogix Application Entities\Vwempmaster\OnCreate.method.xml)
INFO  2014-05-29 18:20:48,530 - Saving item: OnCreate (\Entity Model\Saleslogix Application Entities\Vwempmaster\OnCreate.method.xml::Primary Steps::OnCreate)
INFO  2014-05-29 18:20:48,548 - Successfully saved OnCreate (\Entity Model\Saleslogix Application Entities\Vwempmaster\OnCreate.method.xml::Primary Steps::OnCreate)
INFO  2014-05-29 18:20:48,554 - Saving model item: Designation (\Entity Model\Saleslogix Application Entities\Vwempmaster\Designation.filter.xml)
INFO  2014-05-29 18:20:48,560 - Successfully saved Designation (\Entity Model\Saleslogix Application Entities\Vwempmaster\Designation.filter.xml)
INFO  2014-05-29 18:20:48,566 - Saving model item: EmpCode (\Entity Model\Saleslogix Application Entities\Vwempmaster\EmpCode.filter.xml)
INFO  2014-05-29 18:20:48,572 - Successfully saved EmpCode (\Entity Model\Saleslogix Application Entities\Vwempmaster\EmpCode.filter.xml)
INFO  2014-05-29 18:20:48,578 - Saving model item: EmpRole (\Entity Model\Saleslogix Application Entities\Vwempmaster\EmpRole.filter.xml)
INFO  2014-05-29 18:20:48,585 - Successfully saved EmpRole (\Entity Model\Saleslogix Application Entities\Vwempmaster\EmpRole.filter.xml)
INFO  2014-05-29 18:20:48,591 - Saving model item: EmployeeDetail (\Entity Model\Saleslogix Application Entities\Vwempmaster\QuickForms\EmployeeDetail.main.quickform.xml)
INFO  2014-05-29 18:20:48,597 - Successfully saved EmployeeDetail (\Entity Model\Saleslogix Application Entities\Vwempmaster\QuickForms\EmployeeDetail.main.quickform.xml)
INFO  2014-05-29 18:20:48,603 - Saving model item: QualifierAndSMpincode (\Entity Model\Saleslogix Application Entities\QualifierAndSMpincode\QualifierAndSMpincode.QUALIFIERANDSMPINCODE.entity.xml)
INFO  2014-05-29 18:20:48,679 - Successfully saved QualifierAndSMpincode (\Entity Model\Saleslogix Application Entities\QualifierAndSMpincode\QualifierAndSMpincode.QUALIFIERANDSMPINCODE.entity.xml)
INFO  2014-05-29 18:20:48,685 - Saving model item: OnAfterDelete (\Entity Model\Saleslogix Application Entities\QualifierAndSMpincode\OnAfterDelete.method.xml)
INFO  2014-05-29 18:20:48,692 - Successfully saved OnAfterDelete (\Entity Model\Saleslogix Application Entities\QualifierAndSMpincode\OnAfterDelete.method.xml)
INFO  2014-05-29 18:20:48,698 - Saving item: OnAfterDelete (\Entity Model\Saleslogix Application Entities\QualifierAndSMpincode\OnAfterDelete.method.xml::Primary Steps::OnAfterDelete)
INFO  2014-05-29 18:20:48,704 - Successfully saved OnAfterDelete (\Entity Model\Saleslogix Application Entities\QualifierAndSMpincode\OnAfterDelete.method.xml::Primary Steps::OnAfterDelete)
INFO  2014-05-29 18:20:48,710 - Saving model item: OnAfterInsert (\Entity Model\Saleslogix Application Entities\QualifierAndSMpincode\OnAfterInsert.method.xml)
INFO  2014-05-29 18:20:48,717 - Successfully saved OnAfterInsert (\Entity Model\Saleslogix Application Entities\QualifierAndSMpincode\OnAfterInsert.method.xml)
INFO  2014-05-29 18:20:48,724 - Saving item: OnAfterInsert (\Entity Model\Saleslogix Application Entities\QualifierAndSMpincode\OnAfterInsert.method.xml::Primary Steps::OnAfterInsert)
INFO  2014-05-29 18:20:48,730 - Successfully saved OnAfterInsert (\Entity Model\Saleslogix Application Entities\QualifierAndSMpincode\OnAfterInsert.method.xml::Primary Steps::OnAfterInsert)
INFO  2014-05-29 18:20:48,736 - Saving model item: OnAfterUpdate (\Entity Model\Saleslogix Application Entities\QualifierAndSMpincode\OnAfterUpdate.method.xml)
INFO  2014-05-29 18:20:48,743 - Successfully saved OnAfterUpdate (\Entity Model\Saleslogix Application Entities\QualifierAndSMpincode\OnAfterUpdate.method.xml)
INFO  2014-05-29 18:20:48,749 - Saving item: OnAfterUpdate (\Entity Model\Saleslogix Application Entities\QualifierAndSMpincode\OnAfterUpdate.method.xml::Primary Steps::OnAfterUpdate)
INFO  2014-05-29 18:20:48,755 - Successfully saved OnAfterUpdate (\Entity Model\Saleslogix Application Entities\QualifierAndSMpincode\OnAfterUpdate.method.xml::Primary Steps::OnAfterUpdate)
INFO  2014-05-29 18:20:48,761 - Saving model item: OnBeforeDelete (\Entity Model\Saleslogix Application Entities\QualifierAndSMpincode\OnBeforeDelete.method.xml)
INFO  2014-05-29 18:20:48,768 - Successfully saved OnBeforeDelete (\Entity Model\Saleslogix Application Entities\QualifierAndSMpincode\OnBeforeDelete.method.xml)
INFO  2014-05-29 18:20:48,775 - Saving item: OnBeforeDelete (\Entity Model\Saleslogix Application Entities\QualifierAndSMpincode\OnBeforeDelete.method.xml::Primary Steps::OnBeforeDelete)
INFO  2014-05-29 18:20:48,781 - Successfully saved OnBeforeDelete (\Entity Model\Saleslogix Application Entities\QualifierAndSMpincode\OnBeforeDelete.method.xml::Primary Steps::OnBeforeDelete)
INFO  2014-05-29 18:20:48,797 - Saving model item: OnBeforeInsert (\Entity Model\Saleslogix Application Entities\QualifierAndSMpincode\OnBeforeInsert.method.xml)
INFO  2014-05-29 18:20:48,804 - Successfully saved OnBeforeInsert (\Entity Model\Saleslogix Application Entities\QualifierAndSMpincode\OnBeforeInsert.method.xml)
INFO  2014-05-29 18:20:48,810 - Saving item: OnBeforeInsert (\Entity Model\Saleslogix Application Entities\QualifierAndSMpincode\OnBeforeInsert.method.xml::Primary Steps::OnBeforeInsert)
INFO  2014-05-29 18:20:48,817 - Successfully saved OnBeforeInsert (\Entity Model\Saleslogix Application Entities\QualifierAndSMpincode\OnBeforeInsert.method.xml::Primary Steps::OnBeforeInsert)
INFO  2014-05-29 18:20:48,823 - Saving model item: OnBeforeUpdate (\Entity Model\Saleslogix Application Entities\QualifierAndSMpincode\OnBeforeUpdate.method.xml)
INFO  2014-05-29 18:20:48,829 - Successfully saved OnBeforeUpdate (\Entity Model\Saleslogix Application Entities\QualifierAndSMpincode\OnBeforeUpdate.method.xml)
INFO  2014-05-29 18:20:48,835 - Saving item: OnBeforeUpdate (\Entity Model\Saleslogix Application Entities\QualifierAndSMpincode\OnBeforeUpdate.method.xml::Primary Steps::OnBeforeUpdate)
INFO  2014-05-29 18:20:48,842 - Successfully saved OnBeforeUpdate (\Entity Model\Saleslogix Application Entities\QualifierAndSMpincode\OnBeforeUpdate.method.xml::Primary Steps::OnBeforeUpdate)
INFO  2014-05-29 18:20:48,848 - Saving model item: OnCreate (\Entity Model\Saleslogix Application Entities\QualifierAndSMpincode\OnCreate.method.xml)
INFO  2014-05-29 18:20:48,855 - Successfully saved OnCreate (\Entity Model\Saleslogix Application Entities\QualifierAndSMpincode\OnCreate.method.xml)
INFO  2014-05-29 18:20:48,861 - Saving item: OnCreate (\Entity Model\Saleslogix Application Entities\QualifierAndSMpincode\OnCreate.method.xml::Primary Steps::OnCreate)
INFO  2014-05-29 18:20:48,868 - Successfully saved OnCreate (\Entity Model\Saleslogix Application Entities\QualifierAndSMpincode\OnCreate.method.xml::Primary Steps::OnCreate)
INFO  2014-05-29 18:20:48,874 - Saving model item: Pincode (\Entity Model\Saleslogix Application Entities\QualifierAndSMpincode\Pincode.filter.xml)
INFO  2014-05-29 18:20:48,891 - Successfully saved Pincode (\Entity Model\Saleslogix Application Entities\QualifierAndSMpincode\Pincode.filter.xml)
INFO  2014-05-29 18:20:48,898 - Saving model item: QualifierSMpincode (\Entity Model\Saleslogix Application Entities\QualifierAndSMpincode\QuickForms\QualifierSMpincode.main.quickform.xml)
INFO  2014-05-29 18:20:48,904 - Successfully saved QualifierSMpincode (\Entity Model\Saleslogix Application Entities\QualifierAndSMpincode\QuickForms\QualifierSMpincode.main.quickform.xml)
INFO  2014-05-29 18:20:48,911 - Configuring installed items.
INFO  2014-05-29 18:20:48,918 - Configuring Saleslogix Client...
INFO  2014-05-29 18:20:48,928 - Configuring Master...
INFO  2014-05-29 18:20:48,985 - Configuring Area...
INFO  2014-05-29 18:20:49,059 - Configuring Employee...
INFO  2014-05-29 18:20:49,072 - Configuring Pincode...
INFO  2014-05-29 18:20:49,083 - Configuring Product...
INFO  2014-05-29 18:20:49,095 - Configuring Competitor...
INFO  2014-05-29 18:20:49,110 - Configuring Qualifier/Branch Manager Pincode...
INFO  2014-05-29 18:20:49,116 - Performing pre-commit to target project.
INFO  2014-05-29 18:20:49,377 - Committing items to target project...
INFO  2014-05-29 18:20:49,620 - Committing transactions...
INFO  2014-05-29 18:20:51,341 - Copying bundle manifest to project.
INFO  2014-05-29 18:20:51,475 - Install complete.
