15-05-2014 13:58:57
INFO  2014-05-15 19:28:40,203 - Installing bundle...
INFO  2014-05-15 19:28:40,230 - Performing pre-install.
INFO  2014-05-15 19:28:40,237 - Installing context item: Saleslogix Application Entities (\Entity Model\Saleslogix Application Entities\SalesLogix Application Entities.T.package.xml)
INFO  2014-05-15 19:28:40,240 - Successfully installed Saleslogix Application Entities (\Entity Model\Saleslogix Application Entities\SalesLogix Application Entities.T.package.xml)
INFO  2014-05-15 19:28:40,243 - Installing model item: Vwpincodemaster (\Entity Model\Saleslogix Application Entities\Vwpincodemaster\Vwpincodemaster.VWPINCODEMASTER.entity.xml)
INFO  2014-05-15 19:28:40,641 - Successfully installed Vwpincodemaster (\Entity Model\Saleslogix Application Entities\Vwpincodemaster\Vwpincodemaster.VWPINCODEMASTER.entity.xml)
INFO  2014-05-15 19:28:40,644 - Installing model item: PincodeMaster (\Entity Model\Saleslogix Application Entities\Vwpincodemaster\QuickForms\PincodeMaster.main.quickform.xml)
INFO  2014-05-15 19:28:41,277 - Successfully installed PincodeMaster (\Entity Model\Saleslogix Application Entities\Vwpincodemaster\QuickForms\PincodeMaster.main.quickform.xml)
INFO  2014-05-15 19:28:41,283 - Installing model item: Vwempmaster (\Entity Model\Saleslogix Application Entities\Vwempmaster\Vwempmaster.VWEMPMASTER.entity.xml)
INFO  2014-05-15 19:28:41,368 - Successfully installed Vwempmaster (\Entity Model\Saleslogix Application Entities\Vwempmaster\Vwempmaster.VWEMPMASTER.entity.xml)
INFO  2014-05-15 19:28:41,372 - Installing model item: EmployeeDetail (\Entity Model\Saleslogix Application Entities\Vwempmaster\QuickForms\EmployeeDetail.main.quickform.xml)
INFO  2014-05-15 19:28:41,456 - Successfully installed EmployeeDetail (\Entity Model\Saleslogix Application Entities\Vwempmaster\QuickForms\EmployeeDetail.main.quickform.xml)
INFO  2014-05-15 19:28:41,462 - Installing model item: Vwareamaster (\Entity Model\Saleslogix Application Entities\Vwareamaster\Vwareamaster.VWAREAMASTER.entity.xml)
INFO  2014-05-15 19:28:41,628 - Successfully installed Vwareamaster (\Entity Model\Saleslogix Application Entities\Vwareamaster\Vwareamaster.VWAREAMASTER.entity.xml)
INFO  2014-05-15 19:28:41,632 - Installing model item: AreaDetail (\Entity Model\Saleslogix Application Entities\Vwareamaster\QuickForms\AreaDetail.main.quickform.xml)
INFO  2014-05-15 19:28:41,677 - Successfully installed AreaDetail (\Entity Model\Saleslogix Application Entities\Vwareamaster\QuickForms\AreaDetail.main.quickform.xml)
INFO  2014-05-15 19:28:41,684 - Installing model item: QualifierAndSMpincode (\Entity Model\Saleslogix Application Entities\QualifierAndSMpincode\QualifierAndSMpincode.QUALIFIERANDSMPINCODE.entity.xml)
INFO  2014-05-15 19:28:41,714 - Successfully installed QualifierAndSMpincode (\Entity Model\Saleslogix Application Entities\QualifierAndSMpincode\QualifierAndSMpincode.QUALIFIERANDSMPINCODE.entity.xml)
INFO  2014-05-15 19:28:41,720 - Installing model item: QualifierSMpincode (\Entity Model\Saleslogix Application Entities\QualifierAndSMpincode\QuickForms\QualifierSMpincode.main.quickform.xml)
INFO  2014-05-15 19:28:41,734 - Successfully installed QualifierSMpincode (\Entity Model\Saleslogix Application Entities\QualifierAndSMpincode\QuickForms\QualifierSMpincode.main.quickform.xml)
INFO  2014-05-15 19:28:41,742 - Installing context item: Account (\Entity Model\Saleslogix Application Entities\Account\Account.ACCOUNT.entity.xml)
INFO  2014-05-15 19:28:41,756 - Successfully installed Account (\Entity Model\Saleslogix Application Entities\Account\Account.ACCOUNT.entity.xml)
INFO  2014-05-15 19:28:41,762 - Installing model item: AccountDetails (\Entity Model\Saleslogix Application Entities\Account\QuickForms\AccountDetails.main.quickform.xml)
INFO  2014-05-15 19:28:41,809 - Successfully installed AccountDetails (\Entity Model\Saleslogix Application Entities\Account\QuickForms\AccountDetails.main.quickform.xml)
INFO  2014-05-15 19:28:41,816 - Installing context item: Contact (\Entity Model\Saleslogix Application Entities\Contact\Contact.CONTACT.entity.xml)
INFO  2014-05-15 19:28:41,822 - Successfully installed Contact (\Entity Model\Saleslogix Application Entities\Contact\Contact.CONTACT.entity.xml)
INFO  2014-05-15 19:28:41,828 - Installing model item: ContactDetails (\Entity Model\Saleslogix Application Entities\Contact\QuickForms\ContactDetails.main.quickform.xml)
INFO  2014-05-15 19:28:41,873 - Successfully installed ContactDetails (\Entity Model\Saleslogix Application Entities\Contact\QuickForms\ContactDetails.main.quickform.xml)
INFO  2014-05-15 19:28:41,880 - Installing context item: Saleslogix Client (\Portal\SlxClient\SlxClient.cabapp.ptl.xml)
INFO  2014-05-15 19:28:42,130 - Successfully installed Saleslogix Client (\Portal\SlxClient\SlxClient.cabapp.ptl.xml)
INFO  2014-05-15 19:28:42,139 - Installing model item: Insert Qualifier/Branch Manager Pincode Mapping (\Portal\SlxClient\ChildPages\InsertQualifierSMpincode\InsertQualifierSMpincode.page.xml)
INFO  2014-05-15 19:28:42,514 - Successfully installed Insert Qualifier/Branch Manager Pincode Mapping (\Portal\SlxClient\ChildPages\InsertQualifierSMpincode\InsertQualifierSMpincode.page.xml)
INFO  2014-05-15 19:28:42,520 - Installing model item: QualifierSMpincode (\Portal\SlxClient\ChildPages\InsertQualifierSMpincode\SmartParts\QualifierSMpincode.smartpart.xml)
INFO  2014-05-15 19:28:42,530 - Successfully installed QualifierSMpincode (\Portal\SlxClient\ChildPages\InsertQualifierSMpincode\SmartParts\QualifierSMpincode.smartpart.xml)
INFO  2014-05-15 19:28:42,536 - Installing model item: Pincode (\Portal\SlxClient\ChildPages\VWPINCODEMASTER\VWPINCODEMASTER.page.xml)
INFO  2014-05-15 19:28:42,566 - Successfully installed Pincode (\Portal\SlxClient\ChildPages\VWPINCODEMASTER\VWPINCODEMASTER.page.xml)
INFO  2014-05-15 19:28:42,572 - Installing model item: LiveGroupViewer (Custom) (\Portal\SlxClient\ChildPages\VWPINCODEMASTER\SmartParts\LiveGroupViewer.smartpart.xml)
INFO  2014-05-15 19:28:42,618 - Successfully installed LiveGroupViewer (Custom) (\Portal\SlxClient\ChildPages\VWPINCODEMASTER\SmartParts\LiveGroupViewer.smartpart.xml)
INFO  2014-05-15 19:28:42,623 - Installing model item: PincodeMaster (\Portal\SlxClient\ChildPages\VWPINCODEMASTER\SmartParts\PincodeMaster.smartpart.xml)
INFO  2014-05-15 19:28:42,732 - Successfully installed PincodeMaster (\Portal\SlxClient\ChildPages\VWPINCODEMASTER\SmartParts\PincodeMaster.smartpart.xml)
INFO  2014-05-15 19:28:42,741 - Installing model item: Sage.SalesLogix.Client.GroupBuilder.Modules.GroupViewerModule (\Portal\SlxClient\ChildPages\VWPINCODEMASTER\Modules\Sage.SalesLogix.Client.GroupBuilder.Modules.GroupViewerModule.module.xml)
INFO  2014-05-15 19:28:42,814 - Successfully installed Sage.SalesLogix.Client.GroupBuilder.Modules.GroupViewerModule (\Portal\SlxClient\ChildPages\VWPINCODEMASTER\Modules\Sage.SalesLogix.Client.GroupBuilder.Modules.GroupViewerModule.module.xml)
INFO  2014-05-15 19:28:42,858 - Installing model item: Area (\Portal\SlxClient\ChildPages\VWAREAMASTER\VWAREAMASTER.page.xml)
INFO  2014-05-15 19:28:42,880 - Successfully installed Area (\Portal\SlxClient\ChildPages\VWAREAMASTER\VWAREAMASTER.page.xml)
INFO  2014-05-15 19:28:42,889 - Installing model item: LiveGroupViewer (Custom) (\Portal\SlxClient\ChildPages\VWAREAMASTER\SmartParts\LiveGroupViewer.smartpart.xml)
INFO  2014-05-15 19:28:42,932 - Successfully installed LiveGroupViewer (Custom) (\Portal\SlxClient\ChildPages\VWAREAMASTER\SmartParts\LiveGroupViewer.smartpart.xml)
INFO  2014-05-15 19:28:42,941 - Installing model item: AreaDetail (\Portal\SlxClient\ChildPages\VWAREAMASTER\SmartParts\AreaDetail.smartpart.xml)
INFO  2014-05-15 19:28:42,986 - Successfully installed AreaDetail (\Portal\SlxClient\ChildPages\VWAREAMASTER\SmartParts\AreaDetail.smartpart.xml)
INFO  2014-05-15 19:28:42,993 - Installing model item: Sage.SalesLogix.Client.GroupBuilder.Modules.GroupViewerModule (\Portal\SlxClient\ChildPages\VWAREAMASTER\Modules\Sage.SalesLogix.Client.GroupBuilder.Modules.GroupViewerModule.module.xml)
INFO  2014-05-15 19:28:43,001 - Successfully installed Sage.SalesLogix.Client.GroupBuilder.Modules.GroupViewerModule (\Portal\SlxClient\ChildPages\VWAREAMASTER\Modules\Sage.SalesLogix.Client.GroupBuilder.Modules.GroupViewerModule.module.xml)
INFO  2014-05-15 19:28:43,006 - Installing model item: Qualifier/Branch Manager Pincode (\Portal\SlxClient\ChildPages\QualifierAndSMpincode\QualifierAndSMpincode.page.xml)
INFO  2014-05-15 19:28:43,040 - Successfully installed Qualifier/Branch Manager Pincode (\Portal\SlxClient\ChildPages\QualifierAndSMpincode\QualifierAndSMpincode.page.xml)
INFO  2014-05-15 19:28:43,045 - Installing model item: LiveGroupViewer (Custom) (\Portal\SlxClient\ChildPages\QualifierAndSMpincode\SmartParts\LiveGroupViewer.smartpart.xml)
INFO  2014-05-15 19:28:43,059 - Successfully installed LiveGroupViewer (Custom) (\Portal\SlxClient\ChildPages\QualifierAndSMpincode\SmartParts\LiveGroupViewer.smartpart.xml)
INFO  2014-05-15 19:28:43,064 - Installing model item: QualifierSMpincode (\Portal\SlxClient\ChildPages\QualifierAndSMpincode\SmartParts\QualifierSMpincode.smartpart.xml)
INFO  2014-05-15 19:28:43,086 - Successfully installed QualifierSMpincode (\Portal\SlxClient\ChildPages\QualifierAndSMpincode\SmartParts\QualifierSMpincode.smartpart.xml)
INFO  2014-05-15 19:28:43,096 - Installing model item: Sage.SalesLogix.Client.GroupBuilder.Modules.GroupViewerModule (\Portal\SlxClient\ChildPages\QualifierAndSMpincode\Modules\Sage.SalesLogix.Client.GroupBuilder.Modules.GroupViewerModule.module.xml)
INFO  2014-05-15 19:28:43,110 - Successfully installed Sage.SalesLogix.Client.GroupBuilder.Modules.GroupViewerModule (\Portal\SlxClient\ChildPages\QualifierAndSMpincode\Modules\Sage.SalesLogix.Client.GroupBuilder.Modules.GroupViewerModule.module.xml)
INFO  2014-05-15 19:28:43,115 - Installing model item: QualifierBMpincode (\Portal\SlxClient\ContextMenuItems\ContextQualifierBMpincode\ContextQualifierBMpincode.contextmenu.xml)
INFO  2014-05-15 19:28:43,143 - Successfully installed QualifierBMpincode (\Portal\SlxClient\ContextMenuItems\ContextQualifierBMpincode\ContextQualifierBMpincode.contextmenu.xml)
INFO  2014-05-15 19:28:43,148 - Installing model item: Lookup Qualifier/Branch Manager (\Portal\SlxClient\ContextMenuItems\ContextQualifierBMpincode\ContextMenuItems\QualifierSMpincodeGroup\QualifierSMpincodeGroup.contextmenu.xml)
INFO  2014-05-15 19:28:43,190 - Successfully installed Lookup Qualifier/Branch Manager (\Portal\SlxClient\ContextMenuItems\ContextQualifierBMpincode\ContextMenuItems\QualifierSMpincodeGroup\QualifierSMpincodeGroup.contextmenu.xml)
INFO  2014-05-15 19:28:43,196 - Installing model item: Insert Qualifier/Branch Manager Pincode... (\Portal\SlxClient\ContextMenuItems\ContextQualifierBMpincode\ContextMenuItems\QualifierSMpincodeInsertNew\QualifierSMpincodeInsertNew.contextmenu.xml)
INFO  2014-05-15 19:28:43,235 - Successfully installed Insert Qualifier/Branch Manager Pincode... (\Portal\SlxClient\ContextMenuItems\ContextQualifierBMpincode\ContextMenuItems\QualifierSMpincodeInsertNew\QualifierSMpincodeInsertNew.contextmenu.xml)
INFO  2014-05-15 19:28:43,241 - Installing model item: Create New Group.... (\Portal\SlxClient\ContextMenuItems\ContextQualifierBMpincode\ContextMenuItems\QualifierSMpincodeLookup\QualifierSMpincodeLookup.contextmenu.xml)
INFO  2014-05-15 19:28:43,253 - Successfully installed Create New Group.... (\Portal\SlxClient\ContextMenuItems\ContextQualifierBMpincode\ContextMenuItems\QualifierSMpincodeLookup\QualifierSMpincodeLookup.contextmenu.xml)
INFO  2014-05-15 19:28:43,258 - Installing model item: PincodeMaster (\Portal\SlxClient\ContextMenuItems\contextPincodeMaster\contextPincodeMaster.contextmenu.xml)
INFO  2014-05-15 19:28:43,270 - Successfully installed PincodeMaster (\Portal\SlxClient\ContextMenuItems\contextPincodeMaster\contextPincodeMaster.contextmenu.xml)
INFO  2014-05-15 19:28:43,275 - Installing model item: Lookup Pincode..... (\Portal\SlxClient\ContextMenuItems\contextPincodeMaster\ContextMenuItems\PincodeMasterItemLookuppincode\PincodeMasterItemLookuppincode.contextmenu.xml)
INFO  2014-05-15 19:28:43,287 - Successfully installed Lookup Pincode..... (\Portal\SlxClient\ContextMenuItems\contextPincodeMaster\ContextMenuItems\PincodeMasterItemLookuppincode\PincodeMasterItemLookuppincode.contextmenu.xml)
INFO  2014-05-15 19:28:43,292 - Installing model item: Create New Group...... (\Portal\SlxClient\ContextMenuItems\contextPincodeMaster\ContextMenuItems\PincodeMasterItemCreateNewGroup\PincodeMasterItemCreateNewGroup.contextmenu.xml)
INFO  2014-05-15 19:28:43,303 - Successfully installed Create New Group...... (\Portal\SlxClient\ContextMenuItems\contextPincodeMaster\ContextMenuItems\PincodeMasterItemCreateNewGroup\PincodeMasterItemCreateNewGroup.contextmenu.xml)
INFO  2014-05-15 19:28:43,309 - Installing model item: EmployeeMaster (\Portal\SlxClient\ContextMenuItems\contextEmployeeMaster\contextEmployeeMaster.contextmenu.xml)
INFO  2014-05-15 19:28:43,336 - Successfully installed EmployeeMaster (\Portal\SlxClient\ContextMenuItems\contextEmployeeMaster\contextEmployeeMaster.contextmenu.xml)
INFO  2014-05-15 19:28:43,341 - Installing model item: Lookup Employee...... (\Portal\SlxClient\ContextMenuItems\contextEmployeeMaster\ContextMenuItems\EmployeeMasterItemLookupEmp\EmployeeMasterItemLookupEmp.contextmenu.xml)
INFO  2014-05-15 19:28:43,353 - Successfully installed Lookup Employee...... (\Portal\SlxClient\ContextMenuItems\contextEmployeeMaster\ContextMenuItems\EmployeeMasterItemLookupEmp\EmployeeMasterItemLookupEmp.contextmenu.xml)
INFO  2014-05-15 19:28:43,359 - Installing model item: Create New Group...... (\Portal\SlxClient\ContextMenuItems\contextEmployeeMaster\ContextMenuItems\EmployeeMasterItemCreateNewGroup\EmployeeMasterItemCreateNewGroup.contextmenu.xml)
INFO  2014-05-15 19:28:43,389 - Successfully installed Create New Group...... (\Portal\SlxClient\ContextMenuItems\contextEmployeeMaster\ContextMenuItems\EmployeeMasterItemCreateNewGroup\EmployeeMasterItemCreateNewGroup.contextmenu.xml)
INFO  2014-05-15 19:28:43,395 - Installing model item: AreaMaster (\Portal\SlxClient\ContextMenuItems\contextAreamaster\contextAreamaster.contextmenu.xml)
INFO  2014-05-15 19:28:43,405 - Successfully installed AreaMaster (\Portal\SlxClient\ContextMenuItems\contextAreamaster\contextAreamaster.contextmenu.xml)
INFO  2014-05-15 19:28:43,411 - Installing model item: Lookup Area.... (\Portal\SlxClient\ContextMenuItems\contextAreamaster\ContextMenuItems\AreaMasterItemLookup\AreaMasterItemLookup.contextmenu.xml)
INFO  2014-05-15 19:28:43,423 - Successfully installed Lookup Area.... (\Portal\SlxClient\ContextMenuItems\contextAreamaster\ContextMenuItems\AreaMasterItemLookup\AreaMasterItemLookup.contextmenu.xml)
INFO  2014-05-15 19:28:43,437 - Installing model item: Create New Group..... (\Portal\SlxClient\ContextMenuItems\contextAreamaster\ContextMenuItems\contextAreaMasterItemCreateGroup\contextAreaMasterItemCreateGroup.contextmenu.xml)
INFO  2014-05-15 19:28:43,449 - Successfully installed Create New Group..... (\Portal\SlxClient\ContextMenuItems\contextAreamaster\ContextMenuItems\contextAreaMasterItemCreateGroup\contextAreaMasterItemCreateGroup.contextmenu.xml)
INFO  2014-05-15 19:28:43,454 - Installing model item: Master (\Portal\SlxClient\NavGroups\navBarMaster\navBarMaster.navgroup.xml)
INFO  2014-05-15 19:28:43,466 - Successfully installed Master (\Portal\SlxClient\NavGroups\navBarMaster\navBarMaster.navgroup.xml)
INFO  2014-05-15 19:28:43,471 - Installing model item: Area (\Portal\SlxClient\NavGroups\navBarMaster\NavItems\MasterItemAreamaster.navitem.xml)
INFO  2014-05-15 19:28:43,677 - Successfully installed Area (\Portal\SlxClient\NavGroups\navBarMaster\NavItems\MasterItemAreamaster.navitem.xml)
INFO  2014-05-15 19:28:43,682 - Installing model item: Employee (\Portal\SlxClient\NavGroups\navBarMaster\NavItems\MasterItemempmaster.navitem.xml)
INFO  2014-05-15 19:28:43,882 - Successfully installed Employee (\Portal\SlxClient\NavGroups\navBarMaster\NavItems\MasterItemempmaster.navitem.xml)
INFO  2014-05-15 19:28:43,887 - Installing model item: Pincode (\Portal\SlxClient\NavGroups\navBarMaster\NavItems\MasterItemPincode.navitem.xml)
INFO  2014-05-15 19:28:44,083 - Successfully installed Pincode (\Portal\SlxClient\NavGroups\navBarMaster\NavItems\MasterItemPincode.navitem.xml)
INFO  2014-05-15 19:28:44,088 - Installing model item: Product (\Portal\SlxClient\NavGroups\navBarMaster\NavItems\MasterItemproduct.navitem.xml)
INFO  2014-05-15 19:28:44,285 - Successfully installed Product (\Portal\SlxClient\NavGroups\navBarMaster\NavItems\MasterItemproduct.navitem.xml)
INFO  2014-05-15 19:28:44,290 - Installing model item: Competitor (\Portal\SlxClient\NavGroups\navBarMaster\NavItems\MasterItemCompetitor.navitem.xml)
INFO  2014-05-15 19:28:44,486 - Successfully installed Competitor (\Portal\SlxClient\NavGroups\navBarMaster\NavItems\MasterItemCompetitor.navitem.xml)
INFO  2014-05-15 19:28:44,491 - Installing model item: Qualifier/Branch Manager Pincode (\Portal\SlxClient\NavGroups\navBarMaster\NavItems\MasterItemQualifierSMpincode.navitem.xml)
INFO  2014-05-15 19:28:44,691 - Successfully installed Qualifier/Branch Manager Pincode (\Portal\SlxClient\NavGroups\navBarMaster\NavItems\MasterItemQualifierSMpincode.navitem.xml)
INFO  2014-05-15 19:28:44,697 - Saving context item: Saleslogix Application Entities (\Entity Model\Saleslogix Application Entities\SalesLogix Application Entities.T.package.xml)
INFO  2014-05-15 19:28:44,702 - Successfully saved Saleslogix Application Entities (\Entity Model\Saleslogix Application Entities\SalesLogix Application Entities.T.package.xml)
INFO  2014-05-15 19:28:44,707 - Saving model item: Vwpincodemaster (\Entity Model\Saleslogix Application Entities\Vwpincodemaster\Vwpincodemaster.VWPINCODEMASTER.entity.xml)
INFO  2014-05-15 19:28:50,819 - Successfully saved Vwpincodemaster (\Entity Model\Saleslogix Application Entities\Vwpincodemaster\Vwpincodemaster.VWPINCODEMASTER.entity.xml)
INFO  2014-05-15 19:28:50,829 - Saving model item: PincodeMaster (\Entity Model\Saleslogix Application Entities\Vwpincodemaster\QuickForms\PincodeMaster.main.quickform.xml)
INFO  2014-05-15 19:28:50,836 - Successfully saved PincodeMaster (\Entity Model\Saleslogix Application Entities\Vwpincodemaster\QuickForms\PincodeMaster.main.quickform.xml)
INFO  2014-05-15 19:28:50,845 - Saving model item: Vwempmaster (\Entity Model\Saleslogix Application Entities\Vwempmaster\Vwempmaster.VWEMPMASTER.entity.xml)
INFO  2014-05-15 19:28:50,911 - Successfully saved Vwempmaster (\Entity Model\Saleslogix Application Entities\Vwempmaster\Vwempmaster.VWEMPMASTER.entity.xml)
INFO  2014-05-15 19:28:50,925 - Saving model item: EmployeeDetail (\Entity Model\Saleslogix Application Entities\Vwempmaster\QuickForms\EmployeeDetail.main.quickform.xml)
INFO  2014-05-15 19:28:50,930 - Successfully saved EmployeeDetail (\Entity Model\Saleslogix Application Entities\Vwempmaster\QuickForms\EmployeeDetail.main.quickform.xml)
INFO  2014-05-15 19:28:50,935 - Saving model item: Vwareamaster (\Entity Model\Saleslogix Application Entities\Vwareamaster\Vwareamaster.VWAREAMASTER.entity.xml)
INFO  2014-05-15 19:28:51,006 - Successfully saved Vwareamaster (\Entity Model\Saleslogix Application Entities\Vwareamaster\Vwareamaster.VWAREAMASTER.entity.xml)
INFO  2014-05-15 19:28:51,015 - Saving model item: AreaDetail (\Entity Model\Saleslogix Application Entities\Vwareamaster\QuickForms\AreaDetail.main.quickform.xml)
INFO  2014-05-15 19:28:51,021 - Successfully saved AreaDetail (\Entity Model\Saleslogix Application Entities\Vwareamaster\QuickForms\AreaDetail.main.quickform.xml)
INFO  2014-05-15 19:28:51,030 - Saving model item: QualifierAndSMpincode (\Entity Model\Saleslogix Application Entities\QualifierAndSMpincode\QualifierAndSMpincode.QUALIFIERANDSMPINCODE.entity.xml)
INFO  2014-05-15 19:28:51,098 - Successfully saved QualifierAndSMpincode (\Entity Model\Saleslogix Application Entities\QualifierAndSMpincode\QualifierAndSMpincode.QUALIFIERANDSMPINCODE.entity.xml)
INFO  2014-05-15 19:28:51,104 - Saving model item: QualifierSMpincode (\Entity Model\Saleslogix Application Entities\QualifierAndSMpincode\QuickForms\QualifierSMpincode.main.quickform.xml)
INFO  2014-05-15 19:28:51,112 - Successfully saved QualifierSMpincode (\Entity Model\Saleslogix Application Entities\QualifierAndSMpincode\QuickForms\QualifierSMpincode.main.quickform.xml)
INFO  2014-05-15 19:28:51,117 - Saving context item: Account (\Entity Model\Saleslogix Application Entities\Account\Account.ACCOUNT.entity.xml)
INFO  2014-05-15 19:28:52,246 - Successfully saved Account (\Entity Model\Saleslogix Application Entities\Account\Account.ACCOUNT.entity.xml)
INFO  2014-05-15 19:28:52,252 - Saving model item: AccountDetails (\Entity Model\Saleslogix Application Entities\Account\QuickForms\AccountDetails.main.quickform.xml)
INFO  2014-05-15 19:28:52,257 - Successfully saved AccountDetails (\Entity Model\Saleslogix Application Entities\Account\QuickForms\AccountDetails.main.quickform.xml)
INFO  2014-05-15 19:28:52,266 - Saving context item: Contact (\Entity Model\Saleslogix Application Entities\Contact\Contact.CONTACT.entity.xml)
INFO  2014-05-15 19:28:52,851 - Successfully saved Contact (\Entity Model\Saleslogix Application Entities\Contact\Contact.CONTACT.entity.xml)
INFO  2014-05-15 19:28:52,856 - Saving model item: ContactDetails (\Entity Model\Saleslogix Application Entities\Contact\QuickForms\ContactDetails.main.quickform.xml)
INFO  2014-05-15 19:28:52,862 - Successfully saved ContactDetails (\Entity Model\Saleslogix Application Entities\Contact\QuickForms\ContactDetails.main.quickform.xml)
INFO  2014-05-15 19:28:52,875 - Saving context item: Saleslogix Client (\Portal\SlxClient\SlxClient.cabapp.ptl.xml)
INFO  2014-05-15 19:28:52,880 - Successfully saved Saleslogix Client (\Portal\SlxClient\SlxClient.cabapp.ptl.xml)
INFO  2014-05-15 19:28:52,885 - Saving model item: Insert Qualifier/Branch Manager Pincode Mapping (\Portal\SlxClient\ChildPages\InsertQualifierSMpincode\InsertQualifierSMpincode.page.xml)
INFO  2014-05-15 19:28:52,890 - Successfully saved Insert Qualifier/Branch Manager Pincode Mapping (\Portal\SlxClient\ChildPages\InsertQualifierSMpincode\InsertQualifierSMpincode.page.xml)
INFO  2014-05-15 19:28:52,896 - Saving model item: QualifierSMpincode (\Portal\SlxClient\ChildPages\InsertQualifierSMpincode\SmartParts\QualifierSMpincode.smartpart.xml)
INFO  2014-05-15 19:28:52,905 - Successfully saved QualifierSMpincode (\Portal\SlxClient\ChildPages\InsertQualifierSMpincode\SmartParts\QualifierSMpincode.smartpart.xml)
INFO  2014-05-15 19:28:52,911 - Saving model item: Pincode (\Portal\SlxClient\ChildPages\VWPINCODEMASTER\VWPINCODEMASTER.page.xml)
INFO  2014-05-15 19:28:52,916 - Successfully saved Pincode (\Portal\SlxClient\ChildPages\VWPINCODEMASTER\VWPINCODEMASTER.page.xml)
INFO  2014-05-15 19:28:52,921 - Saving model item: LiveGroupViewer (Custom) (\Portal\SlxClient\ChildPages\VWPINCODEMASTER\SmartParts\LiveGroupViewer.smartpart.xml)
INFO  2014-05-15 19:28:52,926 - Successfully saved LiveGroupViewer (Custom) (\Portal\SlxClient\ChildPages\VWPINCODEMASTER\SmartParts\LiveGroupViewer.smartpart.xml)
INFO  2014-05-15 19:28:52,937 - Saving model item: PincodeMaster (\Portal\SlxClient\ChildPages\VWPINCODEMASTER\SmartParts\PincodeMaster.smartpart.xml)
INFO  2014-05-15 19:28:52,942 - Successfully saved PincodeMaster (\Portal\SlxClient\ChildPages\VWPINCODEMASTER\SmartParts\PincodeMaster.smartpart.xml)
INFO  2014-05-15 19:28:52,949 - Saving model item: Sage.SalesLogix.Client.GroupBuilder.Modules.GroupViewerModule (\Portal\SlxClient\ChildPages\VWPINCODEMASTER\Modules\Sage.SalesLogix.Client.GroupBuilder.Modules.GroupViewerModule.module.xml)
INFO  2014-05-15 19:28:52,954 - Successfully saved Sage.SalesLogix.Client.GroupBuilder.Modules.GroupViewerModule (\Portal\SlxClient\ChildPages\VWPINCODEMASTER\Modules\Sage.SalesLogix.Client.GroupBuilder.Modules.GroupViewerModule.module.xml)
INFO  2014-05-15 19:28:52,960 - Saving model item: Area (\Portal\SlxClient\ChildPages\VWAREAMASTER\VWAREAMASTER.page.xml)
INFO  2014-05-15 19:28:52,967 - Successfully saved Area (\Portal\SlxClient\ChildPages\VWAREAMASTER\VWAREAMASTER.page.xml)
INFO  2014-05-15 19:28:52,972 - Saving model item: LiveGroupViewer (Custom) (\Portal\SlxClient\ChildPages\VWAREAMASTER\SmartParts\LiveGroupViewer.smartpart.xml)
INFO  2014-05-15 19:28:52,977 - Successfully saved LiveGroupViewer (Custom) (\Portal\SlxClient\ChildPages\VWAREAMASTER\SmartParts\LiveGroupViewer.smartpart.xml)
INFO  2014-05-15 19:28:52,982 - Saving model item: AreaDetail (\Portal\SlxClient\ChildPages\VWAREAMASTER\SmartParts\AreaDetail.smartpart.xml)
INFO  2014-05-15 19:28:52,988 - Successfully saved AreaDetail (\Portal\SlxClient\ChildPages\VWAREAMASTER\SmartParts\AreaDetail.smartpart.xml)
INFO  2014-05-15 19:28:52,999 - Saving model item: Sage.SalesLogix.Client.GroupBuilder.Modules.GroupViewerModule (\Portal\SlxClient\ChildPages\VWAREAMASTER\Modules\Sage.SalesLogix.Client.GroupBuilder.Modules.GroupViewerModule.module.xml)
INFO  2014-05-15 19:28:53,005 - Successfully saved Sage.SalesLogix.Client.GroupBuilder.Modules.GroupViewerModule (\Portal\SlxClient\ChildPages\VWAREAMASTER\Modules\Sage.SalesLogix.Client.GroupBuilder.Modules.GroupViewerModule.module.xml)
INFO  2014-05-15 19:28:53,010 - Saving model item: Qualifier/Branch Manager Pincode (\Portal\SlxClient\ChildPages\QualifierAndSMpincode\QualifierAndSMpincode.page.xml)
INFO  2014-05-15 19:28:53,015 - Successfully saved Qualifier/Branch Manager Pincode (\Portal\SlxClient\ChildPages\QualifierAndSMpincode\QualifierAndSMpincode.page.xml)
INFO  2014-05-15 19:28:53,020 - Saving model item: LiveGroupViewer (Custom) (\Portal\SlxClient\ChildPages\QualifierAndSMpincode\SmartParts\LiveGroupViewer.smartpart.xml)
INFO  2014-05-15 19:28:53,031 - Successfully saved LiveGroupViewer (Custom) (\Portal\SlxClient\ChildPages\QualifierAndSMpincode\SmartParts\LiveGroupViewer.smartpart.xml)
INFO  2014-05-15 19:28:53,036 - Saving model item: QualifierSMpincode (\Portal\SlxClient\ChildPages\QualifierAndSMpincode\SmartParts\QualifierSMpincode.smartpart.xml)
INFO  2014-05-15 19:28:53,041 - Successfully saved QualifierSMpincode (\Portal\SlxClient\ChildPages\QualifierAndSMpincode\SmartParts\QualifierSMpincode.smartpart.xml)
INFO  2014-05-15 19:28:53,047 - Saving model item: Sage.SalesLogix.Client.GroupBuilder.Modules.GroupViewerModule (\Portal\SlxClient\ChildPages\QualifierAndSMpincode\Modules\Sage.SalesLogix.Client.GroupBuilder.Modules.GroupViewerModule.module.xml)
INFO  2014-05-15 19:28:53,062 - Successfully saved Sage.SalesLogix.Client.GroupBuilder.Modules.GroupViewerModule (\Portal\SlxClient\ChildPages\QualifierAndSMpincode\Modules\Sage.SalesLogix.Client.GroupBuilder.Modules.GroupViewerModule.module.xml)
INFO  2014-05-15 19:28:53,067 - Saving model item: QualifierBMpincode (\Portal\SlxClient\ContextMenuItems\ContextQualifierBMpincode\ContextQualifierBMpincode.contextmenu.xml)
INFO  2014-05-15 19:28:53,072 - Successfully saved QualifierBMpincode (\Portal\SlxClient\ContextMenuItems\ContextQualifierBMpincode\ContextQualifierBMpincode.contextmenu.xml)
INFO  2014-05-15 19:28:53,078 - Saving model item: Lookup Qualifier/Branch Manager (\Portal\SlxClient\ContextMenuItems\ContextQualifierBMpincode\ContextMenuItems\QualifierSMpincodeGroup\QualifierSMpincodeGroup.contextmenu.xml)
INFO  2014-05-15 19:28:53,083 - Successfully saved Lookup Qualifier/Branch Manager (\Portal\SlxClient\ContextMenuItems\ContextQualifierBMpincode\ContextMenuItems\QualifierSMpincodeGroup\QualifierSMpincodeGroup.contextmenu.xml)
INFO  2014-05-15 19:28:53,093 - Saving model item: Insert Qualifier/Branch Manager Pincode... (\Portal\SlxClient\ContextMenuItems\ContextQualifierBMpincode\ContextMenuItems\QualifierSMpincodeInsertNew\QualifierSMpincodeInsertNew.contextmenu.xml)
INFO  2014-05-15 19:28:53,103 - Successfully saved Insert Qualifier/Branch Manager Pincode... (\Portal\SlxClient\ContextMenuItems\ContextQualifierBMpincode\ContextMenuItems\QualifierSMpincodeInsertNew\QualifierSMpincodeInsertNew.contextmenu.xml)
INFO  2014-05-15 19:28:53,108 - Saving model item: Create New Group.... (\Portal\SlxClient\ContextMenuItems\ContextQualifierBMpincode\ContextMenuItems\QualifierSMpincodeLookup\QualifierSMpincodeLookup.contextmenu.xml)
INFO  2014-05-15 19:28:53,114 - Successfully saved Create New Group.... (\Portal\SlxClient\ContextMenuItems\ContextQualifierBMpincode\ContextMenuItems\QualifierSMpincodeLookup\QualifierSMpincodeLookup.contextmenu.xml)
INFO  2014-05-15 19:28:53,124 - Saving model item: PincodeMaster (\Portal\SlxClient\ContextMenuItems\contextPincodeMaster\contextPincodeMaster.contextmenu.xml)
INFO  2014-05-15 19:28:53,132 - Successfully saved PincodeMaster (\Portal\SlxClient\ContextMenuItems\contextPincodeMaster\contextPincodeMaster.contextmenu.xml)
INFO  2014-05-15 19:28:53,138 - Saving model item: Lookup Pincode..... (\Portal\SlxClient\ContextMenuItems\contextPincodeMaster\ContextMenuItems\PincodeMasterItemLookuppincode\PincodeMasterItemLookuppincode.contextmenu.xml)
INFO  2014-05-15 19:28:53,143 - Successfully saved Lookup Pincode..... (\Portal\SlxClient\ContextMenuItems\contextPincodeMaster\ContextMenuItems\PincodeMasterItemLookuppincode\PincodeMasterItemLookuppincode.contextmenu.xml)
INFO  2014-05-15 19:28:53,155 - Saving model item: Create New Group...... (\Portal\SlxClient\ContextMenuItems\contextPincodeMaster\ContextMenuItems\PincodeMasterItemCreateNewGroup\PincodeMasterItemCreateNewGroup.contextmenu.xml)
INFO  2014-05-15 19:28:53,160 - Successfully saved Create New Group...... (\Portal\SlxClient\ContextMenuItems\contextPincodeMaster\ContextMenuItems\PincodeMasterItemCreateNewGroup\PincodeMasterItemCreateNewGroup.contextmenu.xml)
INFO  2014-05-15 19:28:53,165 - Saving model item: EmployeeMaster (\Portal\SlxClient\ContextMenuItems\contextEmployeeMaster\contextEmployeeMaster.contextmenu.xml)
INFO  2014-05-15 19:28:53,170 - Successfully saved EmployeeMaster (\Portal\SlxClient\ContextMenuItems\contextEmployeeMaster\contextEmployeeMaster.contextmenu.xml)
INFO  2014-05-15 19:28:53,187 - Saving model item: Lookup Employee...... (\Portal\SlxClient\ContextMenuItems\contextEmployeeMaster\ContextMenuItems\EmployeeMasterItemLookupEmp\EmployeeMasterItemLookupEmp.contextmenu.xml)
INFO  2014-05-15 19:28:53,192 - Successfully saved Lookup Employee...... (\Portal\SlxClient\ContextMenuItems\contextEmployeeMaster\ContextMenuItems\EmployeeMasterItemLookupEmp\EmployeeMasterItemLookupEmp.contextmenu.xml)
INFO  2014-05-15 19:28:53,200 - Saving model item: Create New Group...... (\Portal\SlxClient\ContextMenuItems\contextEmployeeMaster\ContextMenuItems\EmployeeMasterItemCreateNewGroup\EmployeeMasterItemCreateNewGroup.contextmenu.xml)
INFO  2014-05-15 19:28:53,205 - Successfully saved Create New Group...... (\Portal\SlxClient\ContextMenuItems\contextEmployeeMaster\ContextMenuItems\EmployeeMasterItemCreateNewGroup\EmployeeMasterItemCreateNewGroup.contextmenu.xml)
INFO  2014-05-15 19:28:53,218 - Saving model item: AreaMaster (\Portal\SlxClient\ContextMenuItems\contextAreamaster\contextAreamaster.contextmenu.xml)
INFO  2014-05-15 19:28:53,223 - Successfully saved AreaMaster (\Portal\SlxClient\ContextMenuItems\contextAreamaster\contextAreamaster.contextmenu.xml)
INFO  2014-05-15 19:28:53,228 - Saving model item: Lookup Area.... (\Portal\SlxClient\ContextMenuItems\contextAreamaster\ContextMenuItems\AreaMasterItemLookup\AreaMasterItemLookup.contextmenu.xml)
INFO  2014-05-15 19:28:53,234 - Successfully saved Lookup Area.... (\Portal\SlxClient\ContextMenuItems\contextAreamaster\ContextMenuItems\AreaMasterItemLookup\AreaMasterItemLookup.contextmenu.xml)
INFO  2014-05-15 19:28:53,249 - Saving model item: Create New Group..... (\Portal\SlxClient\ContextMenuItems\contextAreamaster\ContextMenuItems\contextAreaMasterItemCreateGroup\contextAreaMasterItemCreateGroup.contextmenu.xml)
INFO  2014-05-15 19:28:53,255 - Successfully saved Create New Group..... (\Portal\SlxClient\ContextMenuItems\contextAreamaster\ContextMenuItems\contextAreaMasterItemCreateGroup\contextAreaMasterItemCreateGroup.contextmenu.xml)
INFO  2014-05-15 19:28:53,261 - Saving model item: Master (\Portal\SlxClient\NavGroups\navBarMaster\navBarMaster.navgroup.xml)
INFO  2014-05-15 19:28:53,266 - Successfully saved Master (\Portal\SlxClient\NavGroups\navBarMaster\navBarMaster.navgroup.xml)
INFO  2014-05-15 19:28:53,280 - Saving model item: Area (\Portal\SlxClient\NavGroups\navBarMaster\NavItems\MasterItemAreamaster.navitem.xml)
INFO  2014-05-15 19:28:53,286 - Successfully saved Area (\Portal\SlxClient\NavGroups\navBarMaster\NavItems\MasterItemAreamaster.navitem.xml)
INFO  2014-05-15 19:28:53,292 - Saving model item: Employee (\Portal\SlxClient\NavGroups\navBarMaster\NavItems\MasterItemempmaster.navitem.xml)
INFO  2014-05-15 19:28:53,298 - Successfully saved Employee (\Portal\SlxClient\NavGroups\navBarMaster\NavItems\MasterItemempmaster.navitem.xml)
INFO  2014-05-15 19:28:53,311 - Saving model item: Pincode (\Portal\SlxClient\NavGroups\navBarMaster\NavItems\MasterItemPincode.navitem.xml)
INFO  2014-05-15 19:28:53,316 - Successfully saved Pincode (\Portal\SlxClient\NavGroups\navBarMaster\NavItems\MasterItemPincode.navitem.xml)
INFO  2014-05-15 19:28:53,321 - Saving model item: Product (\Portal\SlxClient\NavGroups\navBarMaster\NavItems\MasterItemproduct.navitem.xml)
INFO  2014-05-15 19:28:53,327 - Successfully saved Product (\Portal\SlxClient\NavGroups\navBarMaster\NavItems\MasterItemproduct.navitem.xml)
INFO  2014-05-15 19:28:53,342 - Saving model item: Competitor (\Portal\SlxClient\NavGroups\navBarMaster\NavItems\MasterItemCompetitor.navitem.xml)
INFO  2014-05-15 19:28:53,350 - Successfully saved Competitor (\Portal\SlxClient\NavGroups\navBarMaster\NavItems\MasterItemCompetitor.navitem.xml)
INFO  2014-05-15 19:28:53,356 - Saving model item: Qualifier/Branch Manager Pincode (\Portal\SlxClient\NavGroups\navBarMaster\NavItems\MasterItemQualifierSMpincode.navitem.xml)
INFO  2014-05-15 19:28:53,361 - Successfully saved Qualifier/Branch Manager Pincode (\Portal\SlxClient\NavGroups\navBarMaster\NavItems\MasterItemQualifierSMpincode.navitem.xml)
INFO  2014-05-15 19:28:53,376 - Configuring installed items.
INFO  2014-05-15 19:28:53,382 - Configuring Saleslogix Client...
INFO  2014-05-15 19:28:53,390 - Configuring Insert Qualifier/Branch Manager Pincode Mapping...
INFO  2014-05-15 19:28:53,938 - Configuring QualifierSMpincode...
INFO  2014-05-15 19:28:53,944 - Configuring Pincode...
INFO  2014-05-15 19:28:53,950 - Configuring LiveGroupViewer (Custom)...
INFO  2014-05-15 19:28:53,956 - Configuring PincodeMaster...
INFO  2014-05-15 19:28:53,962 - Configuring Sage.SalesLogix.Client.GroupBuilder.Modules.GroupViewerModule...
INFO  2014-05-15 19:28:53,972 - Configuring Area...
INFO  2014-05-15 19:28:53,978 - Configuring LiveGroupViewer (Custom)...
INFO  2014-05-15 19:28:53,986 - Configuring AreaDetail...
INFO  2014-05-15 19:28:53,991 - Configuring Sage.SalesLogix.Client.GroupBuilder.Modules.GroupViewerModule...
INFO  2014-05-15 19:28:54,015 - Configuring Qualifier/Branch Manager Pincode...
INFO  2014-05-15 19:28:54,021 - Configuring LiveGroupViewer (Custom)...
INFO  2014-05-15 19:28:54,026 - Configuring QualifierSMpincode...
INFO  2014-05-15 19:28:54,033 - Configuring Sage.SalesLogix.Client.GroupBuilder.Modules.GroupViewerModule...
INFO  2014-05-15 19:28:54,046 - Configuring QualifierBMpincode...
INFO  2014-05-15 19:28:54,079 - Configuring Lookup Qualifier/Branch Manager...
INFO  2014-05-15 19:28:54,088 - Configuring Insert Qualifier/Branch Manager Pincode......
INFO  2014-05-15 19:28:54,094 - Configuring Create New Group.......
INFO  2014-05-15 19:28:54,106 - Configuring PincodeMaster...
INFO  2014-05-15 19:28:54,112 - Configuring Lookup Pincode........
INFO  2014-05-15 19:28:54,119 - Configuring Create New Group.........
INFO  2014-05-15 19:28:54,138 - Configuring EmployeeMaster...
INFO  2014-05-15 19:28:54,143 - Configuring Lookup Employee.........
INFO  2014-05-15 19:28:54,152 - Configuring Create New Group.........
INFO  2014-05-15 19:28:54,169 - Configuring AreaMaster...
INFO  2014-05-15 19:28:54,174 - Configuring Lookup Area.......
INFO  2014-05-15 19:28:54,182 - Configuring Create New Group........
INFO  2014-05-15 19:28:54,189 - Configuring Master...
INFO  2014-05-15 19:28:54,212 - Configuring Area...
INFO  2014-05-15 19:28:54,253 - Configuring Employee...
INFO  2014-05-15 19:28:54,263 - Configuring Pincode...
INFO  2014-05-15 19:28:54,268 - Configuring Product...
INFO  2014-05-15 19:28:54,274 - Configuring Competitor...
INFO  2014-05-15 19:28:54,279 - Configuring Qualifier/Branch Manager Pincode...
INFO  2014-05-15 19:28:54,294 - Performing pre-commit to target project.
INFO  2014-05-15 19:28:54,445 - Committing items to target project...
INFO  2014-05-15 19:28:54,711 - Committing transactions...
INFO  2014-05-15 19:28:57,838 - Copying bundle manifest to project.
INFO  2014-05-15 19:28:58,000 - Install complete.
