23-05-2014 07:19:52
INFO  2014-05-23 12:49:31,713 - Installing bundle...
INFO  2014-05-23 12:49:32,006 - Performing pre-install.
INFO  2014-05-23 12:49:32,017 - Installing model item: Default-SData-SalesLogix (\Entity Model\CodeTemplates\Entity\Default-SData-Saleslogix.sdata.codetemplate.xml)
INFO  2014-05-23 12:49:32,092 - Successfully installed Default-SData-SalesLogix (\Entity Model\CodeTemplates\Entity\Default-SData-Saleslogix.sdata.codetemplate.xml)
INFO  2014-05-23 12:49:32,096 - Installing context item: Saleslogix Application Entities (\Entity Model\Saleslogix Application Entities\SalesLogix Application Entities.T.package.xml)
INFO  2014-05-23 12:49:32,180 - Successfully installed Saleslogix Application Entities (\Entity Model\Saleslogix Application Entities\SalesLogix Application Entities.T.package.xml)
INFO  2014-05-23 12:49:32,185 - Installing context item: Contact (\Entity Model\Saleslogix Application Entities\Contact\Contact.CONTACT.entity.xml)
INFO  2014-05-23 12:49:32,588 - Successfully installed Contact (\Entity Model\Saleslogix Application Entities\Contact\Contact.CONTACT.entity.xml)
INFO  2014-05-23 12:49:32,594 - Installing model item: ContactDetails (\Entity Model\Saleslogix Application Entities\Contact\QuickForms\ContactDetails.main.quickform.xml)
INFO  2014-05-23 12:49:33,907 - Successfully installed ContactDetails (\Entity Model\Saleslogix Application Entities\Contact\QuickForms\ContactDetails.main.quickform.xml)
INFO  2014-05-23 12:49:33,913 - Installing context item: Integration (\Entity Model\Saleslogix Application Entities\Integration\Integration.INTEGRATION.entity.xml)
INFO  2014-05-23 12:49:34,001 - Successfully installed Integration (\Entity Model\Saleslogix Application Entities\Integration\Integration.INTEGRATION.entity.xml)
INFO  2014-05-23 12:49:34,007 - Installing model item: IntegrationLinks (\Entity Model\Saleslogix Application Entities\Integration\QuickForms\IntegrationLinks.main.quickform.xml)
INFO  2014-05-23 12:49:34,105 - Successfully installed IntegrationLinks (\Entity Model\Saleslogix Application Entities\Integration\QuickForms\IntegrationLinks.main.quickform.xml)
INFO  2014-05-23 12:49:34,109 - Installing context item: SalesOrder (\Entity Model\Saleslogix Application Entities\SalesOrder\SalesOrder.SALESORDER.entity.xml)
INFO  2014-05-23 12:49:34,256 - Successfully installed SalesOrder (\Entity Model\Saleslogix Application Entities\SalesOrder\SalesOrder.SALESORDER.entity.xml)
INFO  2014-05-23 12:49:34,260 - Installing model item: InsertSalesOrder (\Entity Model\Saleslogix Application Entities\SalesOrder\QuickForms\InsertSalesOrder.main.quickform.xml)
INFO  2014-05-23 12:49:34,504 - Successfully installed InsertSalesOrder (\Entity Model\Saleslogix Application Entities\SalesOrder\QuickForms\InsertSalesOrder.main.quickform.xml)
INFO  2014-05-23 12:49:34,512 - Installing model item: SalesOrderDetails (\Entity Model\Saleslogix Application Entities\SalesOrder\QuickForms\SalesOrderDetails.main.quickform.xml)
INFO  2014-05-23 12:49:34,651 - Successfully installed SalesOrderDetails (\Entity Model\Saleslogix Application Entities\SalesOrder\QuickForms\SalesOrderDetails.main.quickform.xml)
INFO  2014-05-23 12:49:34,662 - Installing context item: Ticket (\Entity Model\Saleslogix Application Entities\Ticket\Ticket.TICKET.entity.xml)
INFO  2014-05-23 12:49:34,746 - Successfully installed Ticket (\Entity Model\Saleslogix Application Entities\Ticket\Ticket.TICKET.entity.xml)
INFO  2014-05-23 12:49:34,752 - Installing model item: TicketDetails (\Entity Model\Saleslogix Application Entities\Ticket\QuickForms\TicketDetails.main.quickform.xml)
INFO  2014-05-23 12:49:34,809 - Successfully installed TicketDetails (\Entity Model\Saleslogix Application Entities\Ticket\QuickForms\TicketDetails.main.quickform.xml)
INFO  2014-05-23 12:49:34,815 - Installing model item: ASP.NET Portal Template (\Portal\PortalTemplates\AspNetPortalTemplate\AspNetPortalTemplate.portaltemplate.xml)
INFO  2014-05-23 12:49:35,261 - Successfully installed ASP.NET Portal Template (\Portal\PortalTemplates\AspNetPortalTemplate\AspNetPortalTemplate.portaltemplate.xml)
INFO  2014-05-23 12:49:35,267 - Installing context item: UI Portal Template (\Portal\PortalTemplates\UIPortalTemplate\UIPortalTemplate.portaltemplate.xml)
INFO  2014-05-23 12:49:35,403 - Successfully installed UI Portal Template (\Portal\PortalTemplates\UIPortalTemplate\UIPortalTemplate.portaltemplate.xml)
INFO  2014-05-23 12:49:35,410 - Installing context item: Saleslogix Client (\Portal\SlxClient\SlxClient.cabapp.ptl.xml)
INFO  2014-05-23 12:49:36,259 - Successfully installed Saleslogix Client (\Portal\SlxClient\SlxClient.cabapp.ptl.xml)
INFO  2014-05-23 12:49:36,265 - Installing context item: Reports (\Portal\SlxClient\ChildPages\ReportManager\ReportManager.page.xml)
INFO  2014-05-23 12:49:36,270 - Successfully installed Reports (\Portal\SlxClient\ChildPages\ReportManager\ReportManager.page.xml)
INFO  2014-05-23 12:49:36,275 - Installing model item: ReportManagerFilters (Custom) (\Portal\SlxClient\ChildPages\ReportManager\SmartParts\ReportManagerFilters.smartpart.xml)
INFO  2014-05-23 12:49:36,349 - Successfully installed ReportManagerFilters (Custom) (\Portal\SlxClient\ChildPages\ReportManager\SmartParts\ReportManagerFilters.smartpart.xml)
INFO  2014-05-23 12:49:36,359 - Installing model item: ReportManagerTasks (Custom) (\Portal\SlxClient\ChildPages\ReportManager\SmartParts\ReportManagerTasks.smartpart.xml)
INFO  2014-05-23 12:49:36,390 - Successfully installed ReportManagerTasks (Custom) (\Portal\SlxClient\ChildPages\ReportManager\SmartParts\ReportManagerTasks.smartpart.xml)
INFO  2014-05-23 12:49:36,396 - Installing model item: SDataListViewer (Custom) (\Portal\SlxClient\ChildPages\ReportManager\SmartParts\SDataListViewer.smartpart.xml)
INFO  2014-05-23 12:49:36,427 - Successfully installed SDataListViewer (Custom) (\Portal\SlxClient\ChildPages\ReportManager\SmartParts\SDataListViewer.smartpart.xml)
INFO  2014-05-23 12:49:36,433 - Installing model item: Secured Actions (\Portal\SlxClient\ChildPages\SecuredAction\SecuredAction.page.xml)
INFO  2014-05-23 12:49:36,459 - Successfully installed Secured Actions (\Portal\SlxClient\ChildPages\SecuredAction\SecuredAction.page.xml)
INFO  2014-05-23 12:49:36,465 - Installing model item: Report Manager (\Portal\SlxClient\ContextMenuItems\ReportManagerListContextMenu\ReportManagerListContextMenu.contextmenu.xml)
INFO  2014-05-23 12:49:36,494 - Successfully installed Report Manager (\Portal\SlxClient\ContextMenuItems\ReportManagerListContextMenu\ReportManagerListContextMenu.contextmenu.xml)
INFO  2014-05-23 12:49:36,500 - Installing model item: History List (\Portal\SlxClient\ContextMenuItems\ReportManagerListContextMenu\ContextMenuItems\HistoryListContextMenu\HistoryListContextMenu.contextmenu.xml)
INFO  2014-05-23 12:49:36,531 - Successfully installed History List (\Portal\SlxClient\ContextMenuItems\ReportManagerListContextMenu\ContextMenuItems\HistoryListContextMenu\HistoryListContextMenu.contextmenu.xml)
INFO  2014-05-23 12:49:36,536 - Installing model item: Delete History... (\Portal\SlxClient\ContextMenuItems\ReportManagerListContextMenu\ContextMenuItems\HistoryListContextMenu\ContextMenuItems\mnuArchiveListDeleteArchive\mnuArchiveListDeleteArchive.contextmenu.xml)
INFO  2014-05-23 12:49:36,563 - Successfully installed Delete History... (\Portal\SlxClient\ContextMenuItems\ReportManagerListContextMenu\ContextMenuItems\HistoryListContextMenu\ContextMenuItems\mnuArchiveListDeleteArchive\mnuArchiveListDeleteArchive.contextmenu.xml)
INFO  2014-05-23 12:49:36,569 - Installing model item: Schedules List (\Portal\SlxClient\ContextMenuItems\ReportManagerListContextMenu\ContextMenuItems\ReportSchedulesListContextMenu\ReportSchedulesListContextMenu.contextmenu.xml)
INFO  2014-05-23 12:49:36,615 - Successfully installed Schedules List (\Portal\SlxClient\ContextMenuItems\ReportManagerListContextMenu\ContextMenuItems\ReportSchedulesListContextMenu\ReportSchedulesListContextMenu.contextmenu.xml)
INFO  2014-05-23 12:49:36,626 - Installing model item: Delete Schedule... (\Portal\SlxClient\ContextMenuItems\ReportManagerListContextMenu\ContextMenuItems\ReportSchedulesListContextMenu\ContextMenuItems\mnuSchedulesListDeleteSchedule\mnuSchedulesListDeleteSchedule.contextmenu.xml)
INFO  2014-05-23 12:49:36,741 - Successfully installed Delete Schedule... (\Portal\SlxClient\ContextMenuItems\ReportManagerListContextMenu\ContextMenuItems\ReportSchedulesListContextMenu\ContextMenuItems\mnuSchedulesListDeleteSchedule\mnuSchedulesListDeleteSchedule.contextmenu.xml)
INFO  2014-05-23 12:49:36,749 - Installing model item: Edit Schedule... (\Portal\SlxClient\ContextMenuItems\ReportManagerListContextMenu\ContextMenuItems\ReportSchedulesListContextMenu\ContextMenuItems\mnuSchedulesListEditSchedule\mnuSchedulesListEditSchedule.contextmenu.xml)
INFO  2014-05-23 12:49:36,778 - Successfully installed Edit Schedule... (\Portal\SlxClient\ContextMenuItems\ReportManagerListContextMenu\ContextMenuItems\ReportSchedulesListContextMenu\ContextMenuItems\mnuSchedulesListEditSchedule\mnuSchedulesListEditSchedule.contextmenu.xml)
INFO  2014-05-23 12:49:36,785 - Installing model item: Reports List (\Portal\SlxClient\ContextMenuItems\ReportManagerListContextMenu\ContextMenuItems\ReportsListContextMenu\ReportsListContextMenu.contextmenu.xml)
INFO  2014-05-23 12:49:36,823 - Successfully installed Reports List (\Portal\SlxClient\ContextMenuItems\ReportManagerListContextMenu\ContextMenuItems\ReportsListContextMenu\ReportsListContextMenu.contextmenu.xml)
INFO  2014-05-23 12:49:36,829 - Installing model item: Run Report... (\Portal\SlxClient\ContextMenuItems\ReportManagerListContextMenu\ContextMenuItems\ReportsListContextMenu\ContextMenuItems\mnuReportsListRunReport\mnuReportsListRunReport.contextmenu.xml)
INFO  2014-05-23 12:49:36,879 - Successfully installed Run Report... (\Portal\SlxClient\ContextMenuItems\ReportManagerListContextMenu\ContextMenuItems\ReportsListContextMenu\ContextMenuItems\mnuReportsListRunReport\mnuReportsListRunReport.contextmenu.xml)
INFO  2014-05-23 12:49:36,890 - Installing model item: Integration (\Portal\SlxClient\NavGroups\navIntegration\navIntegration.navgroup.xml)
INFO  2014-05-23 12:49:36,921 - Successfully installed Integration (\Portal\SlxClient\NavGroups\navIntegration\navIntegration.navgroup.xml)
INFO  2014-05-23 12:49:36,926 - Installing context item: Saleslogix Customer Portal (\Portal\SLXCustomerPortal\SLXCustomerPortal.cabapp.ptl.xml)
INFO  2014-05-23 12:49:36,998 - Successfully installed Saleslogix Customer Portal (\Portal\SLXCustomerPortal\SLXCustomerPortal.cabapp.ptl.xml)
INFO  2014-05-23 12:49:37,007 - Saving model item: Default-SData-SalesLogix (\Entity Model\CodeTemplates\Entity\Default-SData-Saleslogix.sdata.codetemplate.xml)
INFO  2014-05-23 12:49:37,016 - Successfully saved Default-SData-SalesLogix (\Entity Model\CodeTemplates\Entity\Default-SData-Saleslogix.sdata.codetemplate.xml)
INFO  2014-05-23 12:49:37,024 - Saving context item: Saleslogix Application Entities (\Entity Model\Saleslogix Application Entities\SalesLogix Application Entities.T.package.xml)
INFO  2014-05-23 12:49:37,032 - Successfully saved Saleslogix Application Entities (\Entity Model\Saleslogix Application Entities\SalesLogix Application Entities.T.package.xml)
INFO  2014-05-23 12:49:37,037 - Saving context item: Contact (\Entity Model\Saleslogix Application Entities\Contact\Contact.CONTACT.entity.xml)
INFO  2014-05-23 12:49:44,486 - Successfully saved Contact (\Entity Model\Saleslogix Application Entities\Contact\Contact.CONTACT.entity.xml)
INFO  2014-05-23 12:49:44,492 - Saving model item: ContactDetails (\Entity Model\Saleslogix Application Entities\Contact\QuickForms\ContactDetails.main.quickform.xml)
INFO  2014-05-23 12:49:44,497 - Successfully saved ContactDetails (\Entity Model\Saleslogix Application Entities\Contact\QuickForms\ContactDetails.main.quickform.xml)
INFO  2014-05-23 12:49:44,502 - Saving context item: Integration (\Entity Model\Saleslogix Application Entities\Integration\Integration.INTEGRATION.entity.xml)
INFO  2014-05-23 12:49:44,583 - Successfully saved Integration (\Entity Model\Saleslogix Application Entities\Integration\Integration.INTEGRATION.entity.xml)
INFO  2014-05-23 12:49:44,592 - Saving model item: IntegrationLinks (\Entity Model\Saleslogix Application Entities\Integration\QuickForms\IntegrationLinks.main.quickform.xml)
INFO  2014-05-23 12:49:44,613 - Successfully saved IntegrationLinks (\Entity Model\Saleslogix Application Entities\Integration\QuickForms\IntegrationLinks.main.quickform.xml)
INFO  2014-05-23 12:49:44,618 - Saving context item: SalesOrder (\Entity Model\Saleslogix Application Entities\SalesOrder\SalesOrder.SALESORDER.entity.xml)
INFO  2014-05-23 12:49:44,874 - Successfully saved SalesOrder (\Entity Model\Saleslogix Application Entities\SalesOrder\SalesOrder.SALESORDER.entity.xml)
INFO  2014-05-23 12:49:44,880 - Saving model item: InsertSalesOrder (\Entity Model\Saleslogix Application Entities\SalesOrder\QuickForms\InsertSalesOrder.main.quickform.xml)
INFO  2014-05-23 12:49:44,888 - Successfully saved InsertSalesOrder (\Entity Model\Saleslogix Application Entities\SalesOrder\QuickForms\InsertSalesOrder.main.quickform.xml)
INFO  2014-05-23 12:49:44,909 - Saving model item: SalesOrderDetails (\Entity Model\Saleslogix Application Entities\SalesOrder\QuickForms\SalesOrderDetails.main.quickform.xml)
INFO  2014-05-23 12:49:44,916 - Successfully saved SalesOrderDetails (\Entity Model\Saleslogix Application Entities\SalesOrder\QuickForms\SalesOrderDetails.main.quickform.xml)
INFO  2014-05-23 12:49:44,920 - Saving context item: Ticket (\Entity Model\Saleslogix Application Entities\Ticket\Ticket.TICKET.entity.xml)
INFO  2014-05-23 12:49:45,220 - Successfully saved Ticket (\Entity Model\Saleslogix Application Entities\Ticket\Ticket.TICKET.entity.xml)
INFO  2014-05-23 12:49:45,226 - Saving model item: TicketDetails (\Entity Model\Saleslogix Application Entities\Ticket\QuickForms\TicketDetails.main.quickform.xml)
INFO  2014-05-23 12:49:45,231 - Successfully saved TicketDetails (\Entity Model\Saleslogix Application Entities\Ticket\QuickForms\TicketDetails.main.quickform.xml)
INFO  2014-05-23 12:49:45,236 - Saving model item: ASP.NET Portal Template (\Portal\PortalTemplates\AspNetPortalTemplate\AspNetPortalTemplate.portaltemplate.xml)
INFO  2014-05-23 12:49:45,241 - Successfully saved ASP.NET Portal Template (\Portal\PortalTemplates\AspNetPortalTemplate\AspNetPortalTemplate.portaltemplate.xml)
INFO  2014-05-23 12:49:45,246 - Saving context item: UI Portal Template (\Portal\PortalTemplates\UIPortalTemplate\UIPortalTemplate.portaltemplate.xml)
INFO  2014-05-23 12:49:45,251 - Successfully saved UI Portal Template (\Portal\PortalTemplates\UIPortalTemplate\UIPortalTemplate.portaltemplate.xml)
INFO  2014-05-23 12:49:45,256 - Saving context item: Saleslogix Client (\Portal\SlxClient\SlxClient.cabapp.ptl.xml)
INFO  2014-05-23 12:49:45,267 - Successfully saved Saleslogix Client (\Portal\SlxClient\SlxClient.cabapp.ptl.xml)
INFO  2014-05-23 12:49:45,273 - Saving context item: Reports (\Portal\SlxClient\ChildPages\ReportManager\ReportManager.page.xml)
INFO  2014-05-23 12:49:45,278 - Successfully saved Reports (\Portal\SlxClient\ChildPages\ReportManager\ReportManager.page.xml)
INFO  2014-05-23 12:49:45,283 - Saving model item: ReportManagerFilters (Custom) (\Portal\SlxClient\ChildPages\ReportManager\SmartParts\ReportManagerFilters.smartpart.xml)
INFO  2014-05-23 12:49:45,288 - Successfully saved ReportManagerFilters (Custom) (\Portal\SlxClient\ChildPages\ReportManager\SmartParts\ReportManagerFilters.smartpart.xml)
INFO  2014-05-23 12:49:45,297 - Saving model item: ReportManagerTasks (Custom) (\Portal\SlxClient\ChildPages\ReportManager\SmartParts\ReportManagerTasks.smartpart.xml)
INFO  2014-05-23 12:49:45,303 - Successfully saved ReportManagerTasks (Custom) (\Portal\SlxClient\ChildPages\ReportManager\SmartParts\ReportManagerTasks.smartpart.xml)
INFO  2014-05-23 12:49:45,308 - Saving model item: SDataListViewer (Custom) (\Portal\SlxClient\ChildPages\ReportManager\SmartParts\SDataListViewer.smartpart.xml)
INFO  2014-05-23 12:49:45,330 - Successfully saved SDataListViewer (Custom) (\Portal\SlxClient\ChildPages\ReportManager\SmartParts\SDataListViewer.smartpart.xml)
INFO  2014-05-23 12:49:45,340 - Saving model item: Secured Actions (\Portal\SlxClient\ChildPages\SecuredAction\SecuredAction.page.xml)
INFO  2014-05-23 12:49:45,345 - Successfully saved Secured Actions (\Portal\SlxClient\ChildPages\SecuredAction\SecuredAction.page.xml)
INFO  2014-05-23 12:49:45,351 - Saving model item: Report Manager (\Portal\SlxClient\ContextMenuItems\ReportManagerListContextMenu\ReportManagerListContextMenu.contextmenu.xml)
INFO  2014-05-23 12:49:45,357 - Successfully saved Report Manager (\Portal\SlxClient\ContextMenuItems\ReportManagerListContextMenu\ReportManagerListContextMenu.contextmenu.xml)
INFO  2014-05-23 12:49:45,362 - Saving model item: History List (\Portal\SlxClient\ContextMenuItems\ReportManagerListContextMenu\ContextMenuItems\HistoryListContextMenu\HistoryListContextMenu.contextmenu.xml)
INFO  2014-05-23 12:49:45,368 - Successfully saved History List (\Portal\SlxClient\ContextMenuItems\ReportManagerListContextMenu\ContextMenuItems\HistoryListContextMenu\HistoryListContextMenu.contextmenu.xml)
INFO  2014-05-23 12:49:45,376 - Saving model item: Delete History... (\Portal\SlxClient\ContextMenuItems\ReportManagerListContextMenu\ContextMenuItems\HistoryListContextMenu\ContextMenuItems\mnuArchiveListDeleteArchive\mnuArchiveListDeleteArchive.contextmenu.xml)
INFO  2014-05-23 12:49:45,382 - Successfully saved Delete History... (\Portal\SlxClient\ContextMenuItems\ReportManagerListContextMenu\ContextMenuItems\HistoryListContextMenu\ContextMenuItems\mnuArchiveListDeleteArchive\mnuArchiveListDeleteArchive.contextmenu.xml)
INFO  2014-05-23 12:49:45,391 - Saving model item: Schedules List (\Portal\SlxClient\ContextMenuItems\ReportManagerListContextMenu\ContextMenuItems\ReportSchedulesListContextMenu\ReportSchedulesListContextMenu.contextmenu.xml)
INFO  2014-05-23 12:49:45,396 - Successfully saved Schedules List (\Portal\SlxClient\ContextMenuItems\ReportManagerListContextMenu\ContextMenuItems\ReportSchedulesListContextMenu\ReportSchedulesListContextMenu.contextmenu.xml)
INFO  2014-05-23 12:49:45,401 - Saving model item: Delete Schedule... (\Portal\SlxClient\ContextMenuItems\ReportManagerListContextMenu\ContextMenuItems\ReportSchedulesListContextMenu\ContextMenuItems\mnuSchedulesListDeleteSchedule\mnuSchedulesListDeleteSchedule.contextmenu.xml)
INFO  2014-05-23 12:49:45,407 - Successfully saved Delete Schedule... (\Portal\SlxClient\ContextMenuItems\ReportManagerListContextMenu\ContextMenuItems\ReportSchedulesListContextMenu\ContextMenuItems\mnuSchedulesListDeleteSchedule\mnuSchedulesListDeleteSchedule.contextmenu.xml)
INFO  2014-05-23 12:49:45,413 - Saving model item: Edit Schedule... (\Portal\SlxClient\ContextMenuItems\ReportManagerListContextMenu\ContextMenuItems\ReportSchedulesListContextMenu\ContextMenuItems\mnuSchedulesListEditSchedule\mnuSchedulesListEditSchedule.contextmenu.xml)
INFO  2014-05-23 12:49:45,424 - Successfully saved Edit Schedule... (\Portal\SlxClient\ContextMenuItems\ReportManagerListContextMenu\ContextMenuItems\ReportSchedulesListContextMenu\ContextMenuItems\mnuSchedulesListEditSchedule\mnuSchedulesListEditSchedule.contextmenu.xml)
INFO  2014-05-23 12:49:45,430 - Saving model item: Reports List (\Portal\SlxClient\ContextMenuItems\ReportManagerListContextMenu\ContextMenuItems\ReportsListContextMenu\ReportsListContextMenu.contextmenu.xml)
INFO  2014-05-23 12:49:45,437 - Successfully saved Reports List (\Portal\SlxClient\ContextMenuItems\ReportManagerListContextMenu\ContextMenuItems\ReportsListContextMenu\ReportsListContextMenu.contextmenu.xml)
INFO  2014-05-23 12:49:45,443 - Saving model item: Run Report... (\Portal\SlxClient\ContextMenuItems\ReportManagerListContextMenu\ContextMenuItems\ReportsListContextMenu\ContextMenuItems\mnuReportsListRunReport\mnuReportsListRunReport.contextmenu.xml)
INFO  2014-05-23 12:49:45,448 - Successfully saved Run Report... (\Portal\SlxClient\ContextMenuItems\ReportManagerListContextMenu\ContextMenuItems\ReportsListContextMenu\ContextMenuItems\mnuReportsListRunReport\mnuReportsListRunReport.contextmenu.xml)
INFO  2014-05-23 12:49:45,457 - Saving model item: Integration (\Portal\SlxClient\NavGroups\navIntegration\navIntegration.navgroup.xml)
INFO  2014-05-23 12:49:45,470 - Successfully saved Integration (\Portal\SlxClient\NavGroups\navIntegration\navIntegration.navgroup.xml)
INFO  2014-05-23 12:49:45,475 - Saving context item: Saleslogix Customer Portal (\Portal\SLXCustomerPortal\SLXCustomerPortal.cabapp.ptl.xml)
INFO  2014-05-23 12:49:45,480 - Successfully saved Saleslogix Customer Portal (\Portal\SLXCustomerPortal\SLXCustomerPortal.cabapp.ptl.xml)
INFO  2014-05-23 12:49:45,509 - Configuring installed items.
INFO  2014-05-23 12:49:45,516 - Configuring ASP.NET Portal Template...
INFO  2014-05-23 12:49:45,534 - Configuring UI Portal Template...
INFO  2014-05-23 12:49:45,541 - Configuring Saleslogix Client...
INFO  2014-05-23 12:49:45,553 - Configuring Reports...
INFO  2014-05-23 12:49:46,409 - Configuring ReportManagerFilters (Custom)...
INFO  2014-05-23 12:49:46,421 - Configuring ReportManagerTasks (Custom)...
INFO  2014-05-23 12:49:46,431 - Configuring SDataListViewer (Custom)...
INFO  2014-05-23 12:49:46,441 - Configuring Secured Actions...
INFO  2014-05-23 12:49:46,451 - Configuring Report Manager...
INFO  2014-05-23 12:49:46,547 - Configuring History List...
INFO  2014-05-23 12:49:46,563 - Configuring Delete History......
INFO  2014-05-23 12:49:46,579 - Configuring Schedules List...
INFO  2014-05-23 12:49:46,590 - Configuring Delete Schedule......
INFO  2014-05-23 12:49:46,604 - Configuring Edit Schedule......
INFO  2014-05-23 12:49:46,613 - Configuring Reports List...
INFO  2014-05-23 12:49:46,621 - Configuring Run Report......
INFO  2014-05-23 12:49:46,646 - Configuring Integration...
INFO  2014-05-23 12:49:46,670 - Configuring Saleslogix Customer Portal...
INFO  2014-05-23 12:49:46,680 - Performing pre-commit to target project.
INFO  2014-05-23 12:49:46,884 - Committing items to target project...
INFO  2014-05-23 12:49:47,294 - Committing transactions...
INFO  2014-05-23 12:49:52,585 - Copying bundle manifest to project.
INFO  2014-05-23 12:49:52,791 - Install complete.
