21-06-2014 05:06:46
INFO  2014-06-21 10:36:38,976 - Installing bundle...
INFO  2014-06-21 10:36:38,981 - Performing pre-install.
INFO  2014-06-21 10:36:38,986 - Installing context item: QUALIFIERANDSMPINCODE Table (\Actions\Schema\CreateTable\QUALIFIERANDSMPINCODE.xml)
INFO  2014-06-21 10:36:38,991 - Successfully installed QUALIFIERANDSMPINCODE Table (\Actions\Schema\CreateTable\QUALIFIERANDSMPINCODE.xml)
INFO  2014-06-21 10:36:38,994 - Installing action: CreateField QUALIFIERANDSMPINCODE.BRANCH (\Actions\Schema\CreateField\QUALIFIERANDSMPINCODE.BRANCH.xml)
INFO  2014-06-21 10:36:39,660 - Successfully installed CreateField QUALIFIERANDSMPINCODE.BRANCH (\Actions\Schema\CreateField\QUALIFIERANDSMPINCODE.BRANCH.xml)
INFO  2014-06-21 10:36:39,664 - Saving context item: QUALIFIERANDSMPINCODE Table (\Actions\Schema\CreateTable\QUALIFIERANDSMPINCODE.xml)
INFO  2014-06-21 10:36:39,667 - Successfully saved QUALIFIERANDSMPINCODE Table (\Actions\Schema\CreateTable\QUALIFIERANDSMPINCODE.xml)
INFO  2014-06-21 10:36:39,670 - Saving action: CreateField QUALIFIERANDSMPINCODE.BRANCH (\Actions\Schema\CreateField\QUALIFIERANDSMPINCODE.BRANCH.xml)
INFO  2014-06-21 10:36:39,674 - Successfully saved CreateField QUALIFIERANDSMPINCODE.BRANCH (\Actions\Schema\CreateField\QUALIFIERANDSMPINCODE.BRANCH.xml)
INFO  2014-06-21 10:36:39,678 - Installing context item: Saleslogix Client (\Portal\SlxClient\SlxClient.cabapp.ptl.xml)
INFO  2014-06-21 10:36:39,836 - Successfully installed Saleslogix Client (\Portal\SlxClient\SlxClient.cabapp.ptl.xml)
INFO  2014-06-21 10:36:39,839 - Installing model item: Contact Detail (\Portal\SlxClient\ChildPages\Contact\Contact.page.xml)
INFO  2014-06-21 10:36:39,972 - Successfully installed Contact Detail (\Portal\SlxClient\ChildPages\Contact\Contact.page.xml)
INFO  2014-06-21 10:36:39,976 - Installing model item: InsertAddress (Custom) (\Portal\SlxClient\ChildPages\Contact\SmartParts\InsertAddress.smartpart.xml)
INFO  2014-06-21 10:36:39,986 - Successfully installed InsertAddress (Custom) (\Portal\SlxClient\ChildPages\Contact\SmartParts\InsertAddress.smartpart.xml)
INFO  2014-06-21 10:36:39,991 - Installing model item: Qualifier Branch Mappings (\Portal\SlxClient\ChildPages\QualifierBranchMapping\QualifierBranchMapping.page.xml)
INFO  2014-06-21 10:36:40,004 - Successfully installed Qualifier Branch Mappings (\Portal\SlxClient\ChildPages\QualifierBranchMapping\QualifierBranchMapping.page.xml)
INFO  2014-06-21 10:36:40,010 - Installing model item: QB (Custom) (\Portal\SlxClient\ChildPages\QualifierBranchMapping\SmartParts\QB.smartpart.xml)
INFO  2014-06-21 10:36:40,021 - Successfully installed QB (Custom) (\Portal\SlxClient\ChildPages\QualifierBranchMapping\SmartParts\QB.smartpart.xml)
INFO  2014-06-21 10:36:40,027 - Installing model item: QualifierSMpincode (\Portal\SlxClient\ChildPages\QualifierBranchMapping\SmartParts\QualifierSMpincode.smartpart.xml)
INFO  2014-06-21 10:36:40,037 - Successfully installed QualifierSMpincode (\Portal\SlxClient\ChildPages\QualifierBranchMapping\SmartParts\QualifierSMpincode.smartpart.xml)
INFO  2014-06-21 10:36:40,042 - Installing context item: Master (\Portal\SlxClient\NavGroups\navBarMaster\navBarMaster.navgroup.xml)
INFO  2014-06-21 10:36:40,047 - Successfully installed Master (\Portal\SlxClient\NavGroups\navBarMaster\navBarMaster.navgroup.xml)
INFO  2014-06-21 10:36:40,051 - Installing model item: QualifierBranchMapping (\Portal\SlxClient\NavGroups\navBarMaster\NavItems\MasterItemQualificationBranch.navitem.xml)
INFO  2014-06-21 10:36:40,352 - Successfully installed QualifierBranchMapping (\Portal\SlxClient\NavGroups\navBarMaster\NavItems\MasterItemQualificationBranch.navitem.xml)
INFO  2014-06-21 10:36:40,358 - Installing context item: Saleslogix Application Entities (\Entity Model\Saleslogix Application Entities\SalesLogix Application Entities.T.package.xml)
INFO  2014-06-21 10:36:40,363 - Successfully installed Saleslogix Application Entities (\Entity Model\Saleslogix Application Entities\SalesLogix Application Entities.T.package.xml)
INFO  2014-06-21 10:36:40,368 - Installing context item: QualifierAndSMpincode (\Entity Model\Saleslogix Application Entities\QualifierAndSMpincode\QualifierAndSMpincode.QUALIFIERANDSMPINCODE.entity.xml)
INFO  2014-06-21 10:36:40,573 - Successfully installed QualifierAndSMpincode (\Entity Model\Saleslogix Application Entities\QualifierAndSMpincode\QualifierAndSMpincode.QUALIFIERANDSMPINCODE.entity.xml)
INFO  2014-06-21 10:36:40,579 - Installing model item: QualifierSMpincode (\Entity Model\Saleslogix Application Entities\QualifierAndSMpincode\QuickForms\QualifierSMpincode.main.quickform.xml)
INFO  2014-06-21 10:36:40,591 - Successfully installed QualifierSMpincode (\Entity Model\Saleslogix Application Entities\QualifierAndSMpincode\QuickForms\QualifierSMpincode.main.quickform.xml)
INFO  2014-06-21 10:36:40,596 - Saving context item: Saleslogix Client (\Portal\SlxClient\SlxClient.cabapp.ptl.xml)
INFO  2014-06-21 10:36:40,601 - Successfully saved Saleslogix Client (\Portal\SlxClient\SlxClient.cabapp.ptl.xml)
INFO  2014-06-21 10:36:40,605 - Saving model item: Contact Detail (\Portal\SlxClient\ChildPages\Contact\Contact.page.xml)
INFO  2014-06-21 10:36:40,610 - Successfully saved Contact Detail (\Portal\SlxClient\ChildPages\Contact\Contact.page.xml)
INFO  2014-06-21 10:36:40,614 - Saving model item: InsertAddress (Custom) (\Portal\SlxClient\ChildPages\Contact\SmartParts\InsertAddress.smartpart.xml)
INFO  2014-06-21 10:36:40,619 - Successfully saved InsertAddress (Custom) (\Portal\SlxClient\ChildPages\Contact\SmartParts\InsertAddress.smartpart.xml)
INFO  2014-06-21 10:36:40,623 - Saving model item: Qualifier Branch Mappings (\Portal\SlxClient\ChildPages\QualifierBranchMapping\QualifierBranchMapping.page.xml)
INFO  2014-06-21 10:36:40,628 - Successfully saved Qualifier Branch Mappings (\Portal\SlxClient\ChildPages\QualifierBranchMapping\QualifierBranchMapping.page.xml)
INFO  2014-06-21 10:36:40,632 - Saving model item: QB (Custom) (\Portal\SlxClient\ChildPages\QualifierBranchMapping\SmartParts\QB.smartpart.xml)
INFO  2014-06-21 10:36:40,637 - Successfully saved QB (Custom) (\Portal\SlxClient\ChildPages\QualifierBranchMapping\SmartParts\QB.smartpart.xml)
INFO  2014-06-21 10:36:40,641 - Saving model item: QualifierSMpincode (\Portal\SlxClient\ChildPages\QualifierBranchMapping\SmartParts\QualifierSMpincode.smartpart.xml)
INFO  2014-06-21 10:36:40,646 - Successfully saved QualifierSMpincode (\Portal\SlxClient\ChildPages\QualifierBranchMapping\SmartParts\QualifierSMpincode.smartpart.xml)
INFO  2014-06-21 10:36:40,650 - Saving context item: Master (\Portal\SlxClient\NavGroups\navBarMaster\navBarMaster.navgroup.xml)
INFO  2014-06-21 10:36:40,655 - Successfully saved Master (\Portal\SlxClient\NavGroups\navBarMaster\navBarMaster.navgroup.xml)
INFO  2014-06-21 10:36:40,659 - Saving model item: QualifierBranchMapping (\Portal\SlxClient\NavGroups\navBarMaster\NavItems\MasterItemQualificationBranch.navitem.xml)
INFO  2014-06-21 10:36:40,663 - Successfully saved QualifierBranchMapping (\Portal\SlxClient\NavGroups\navBarMaster\NavItems\MasterItemQualificationBranch.navitem.xml)
INFO  2014-06-21 10:36:40,668 - Saving context item: Saleslogix Application Entities (\Entity Model\Saleslogix Application Entities\SalesLogix Application Entities.T.package.xml)
INFO  2014-06-21 10:36:40,673 - Successfully saved Saleslogix Application Entities (\Entity Model\Saleslogix Application Entities\SalesLogix Application Entities.T.package.xml)
INFO  2014-06-21 10:36:40,677 - Saving context item: QualifierAndSMpincode (\Entity Model\Saleslogix Application Entities\QualifierAndSMpincode\QualifierAndSMpincode.QUALIFIERANDSMPINCODE.entity.xml)
INFO  2014-06-21 10:36:45,724 - Successfully saved QualifierAndSMpincode (\Entity Model\Saleslogix Application Entities\QualifierAndSMpincode\QualifierAndSMpincode.QUALIFIERANDSMPINCODE.entity.xml)
INFO  2014-06-21 10:36:45,729 - Saving model item: QualifierSMpincode (\Entity Model\Saleslogix Application Entities\QualifierAndSMpincode\QuickForms\QualifierSMpincode.main.quickform.xml)
INFO  2014-06-21 10:36:45,734 - Successfully saved QualifierSMpincode (\Entity Model\Saleslogix Application Entities\QualifierAndSMpincode\QuickForms\QualifierSMpincode.main.quickform.xml)
INFO  2014-06-21 10:36:45,741 - Configuring installed items.
INFO  2014-06-21 10:36:45,746 - Configuring Saleslogix Client...
INFO  2014-06-21 10:36:45,753 - Configuring Contact Detail...
INFO  2014-06-21 10:36:45,998 - Configuring InsertAddress (Custom)...
INFO  2014-06-21 10:36:46,004 - Configuring Qualifier Branch Mappings...
INFO  2014-06-21 10:36:46,009 - Configuring QB (Custom)...
INFO  2014-06-21 10:36:46,014 - Configuring QualifierSMpincode...
INFO  2014-06-21 10:36:46,018 - Configuring Master...
INFO  2014-06-21 10:36:46,027 - Configuring QualifierBranchMapping...
INFO  2014-06-21 10:36:46,036 - Performing pre-commit to target project.
INFO  2014-06-21 10:36:46,277 - Committing items to target project...
INFO  2014-06-21 10:36:46,375 - Committing transactions...
INFO  2014-06-21 10:36:46,799 - Copying bundle manifest to project.
INFO  2014-06-21 10:36:46,855 - Install complete.
