07-07-2014 08:14:05
INFO  2014-07-07 13:44:01,609 - Installing bundle...
INFO  2014-07-07 13:44:01,674 - Performing pre-install.
INFO  2014-07-07 13:44:01,680 - Installing context item: Saleslogix Client (\Portal\SlxClient\SlxClient.cabapp.ptl.xml)
INFO  2014-07-07 13:44:02,280 - Successfully installed Saleslogix Client (\Portal\SlxClient\SlxClient.cabapp.ptl.xml)
INFO  2014-07-07 13:44:02,283 - Installing model item: Insert Contact/Account (\Portal\SlxClient\ChildPages\InsertContactAccount\InsertContactAccount.page.xml)
INFO  2014-07-07 13:44:02,413 - Successfully installed Insert Contact/Account (\Portal\SlxClient\ChildPages\InsertContactAccount\InsertContactAccount.page.xml)
INFO  2014-07-07 13:44:02,416 - Installing model item: InsertContact (Custom) (\Portal\SlxClient\ChildPages\InsertContactAccount\SmartParts\InsertContact.smartpart.xml)
INFO  2014-07-07 13:44:02,452 - Successfully installed InsertContact (Custom) (\Portal\SlxClient\ChildPages\InsertContactAccount\SmartParts\InsertContact.smartpart.xml)
INFO  2014-07-07 13:44:02,455 - Installing model item: SelectAccountAddress (\Portal\SlxClient\ChildPages\InsertContactAccount\SmartParts\SelectAccountAddress.smartpart.xml)
INFO  2014-07-07 13:44:02,488 - Successfully installed SelectAccountAddress (\Portal\SlxClient\ChildPages\InsertContactAccount\SmartParts\SelectAccountAddress.smartpart.xml)
INFO  2014-07-07 13:44:02,492 - Installing model item: ContactSearchForDuplicates (Custom) (\Portal\SlxClient\ChildPages\InsertContactAccount\SmartParts\ContactSearchForDuplicates.smartpart.xml)
INFO  2014-07-07 13:44:02,516 - Successfully installed ContactSearchForDuplicates (Custom) (\Portal\SlxClient\ChildPages\InsertContactAccount\SmartParts\ContactSearchForDuplicates.smartpart.xml)
INFO  2014-07-07 13:44:02,519 - Installing model item: AddAccountAddress (Custom) (\Portal\SlxClient\ChildPages\InsertContactAccount\SmartParts\AddAccountAddress.smartpart.xml)
INFO  2014-07-07 13:44:02,530 - Successfully installed AddAccountAddress (Custom) (\Portal\SlxClient\ChildPages\InsertContactAccount\SmartParts\AddAccountAddress.smartpart.xml)
INFO  2014-07-07 13:44:02,535 - Installing model item: AddEditAddress (Custom) (\Portal\SlxClient\ChildPages\InsertContactAccount\SmartParts\AddEditAddress.smartpart.xml)
INFO  2014-07-07 13:44:02,547 - Successfully installed AddEditAddress (Custom) (\Portal\SlxClient\ChildPages\InsertContactAccount\SmartParts\AddEditAddress.smartpart.xml)
INFO  2014-07-07 13:44:02,553 - Saving context item: Saleslogix Client (\Portal\SlxClient\SlxClient.cabapp.ptl.xml)
INFO  2014-07-07 13:44:02,558 - Successfully saved Saleslogix Client (\Portal\SlxClient\SlxClient.cabapp.ptl.xml)
INFO  2014-07-07 13:44:02,563 - Saving model item: Insert Contact/Account (\Portal\SlxClient\ChildPages\InsertContactAccount\InsertContactAccount.page.xml)
INFO  2014-07-07 13:44:02,568 - Successfully saved Insert Contact/Account (\Portal\SlxClient\ChildPages\InsertContactAccount\InsertContactAccount.page.xml)
INFO  2014-07-07 13:44:02,574 - Saving model item: InsertContact (Custom) (\Portal\SlxClient\ChildPages\InsertContactAccount\SmartParts\InsertContact.smartpart.xml)
INFO  2014-07-07 13:44:02,580 - Successfully saved InsertContact (Custom) (\Portal\SlxClient\ChildPages\InsertContactAccount\SmartParts\InsertContact.smartpart.xml)
INFO  2014-07-07 13:44:02,584 - Saving model item: SelectAccountAddress (\Portal\SlxClient\ChildPages\InsertContactAccount\SmartParts\SelectAccountAddress.smartpart.xml)
INFO  2014-07-07 13:44:02,589 - Successfully saved SelectAccountAddress (\Portal\SlxClient\ChildPages\InsertContactAccount\SmartParts\SelectAccountAddress.smartpart.xml)
INFO  2014-07-07 13:44:02,594 - Saving model item: ContactSearchForDuplicates (Custom) (\Portal\SlxClient\ChildPages\InsertContactAccount\SmartParts\ContactSearchForDuplicates.smartpart.xml)
INFO  2014-07-07 13:44:02,598 - Successfully saved ContactSearchForDuplicates (Custom) (\Portal\SlxClient\ChildPages\InsertContactAccount\SmartParts\ContactSearchForDuplicates.smartpart.xml)
INFO  2014-07-07 13:44:02,603 - Saving model item: AddAccountAddress (Custom) (\Portal\SlxClient\ChildPages\InsertContactAccount\SmartParts\AddAccountAddress.smartpart.xml)
INFO  2014-07-07 13:44:02,607 - Successfully saved AddAccountAddress (Custom) (\Portal\SlxClient\ChildPages\InsertContactAccount\SmartParts\AddAccountAddress.smartpart.xml)
INFO  2014-07-07 13:44:02,612 - Saving model item: AddEditAddress (Custom) (\Portal\SlxClient\ChildPages\InsertContactAccount\SmartParts\AddEditAddress.smartpart.xml)
INFO  2014-07-07 13:44:02,617 - Successfully saved AddEditAddress (Custom) (\Portal\SlxClient\ChildPages\InsertContactAccount\SmartParts\AddEditAddress.smartpart.xml)
INFO  2014-07-07 13:44:02,623 - Configuring installed items.
INFO  2014-07-07 13:44:02,629 - Configuring Saleslogix Client...
INFO  2014-07-07 13:44:02,637 - Configuring Insert Contact/Account...
INFO  2014-07-07 13:44:04,523 - Configuring InsertContact (Custom)...
INFO  2014-07-07 13:44:04,533 - Configuring SelectAccountAddress...
INFO  2014-07-07 13:44:04,542 - Configuring ContactSearchForDuplicates (Custom)...
INFO  2014-07-07 13:44:04,550 - Configuring AddAccountAddress (Custom)...
INFO  2014-07-07 13:44:04,559 - Configuring AddEditAddress (Custom)...
INFO  2014-07-07 13:44:04,565 - Performing pre-commit to target project.
INFO  2014-07-07 13:44:04,608 - Committing items to target project...
INFO  2014-07-07 13:44:04,778 - Committing transactions...
INFO  2014-07-07 13:44:05,045 - Copying bundle manifest to project.
INFO  2014-07-07 13:44:06,306 - Install complete.
