12-05-2014 06:50:16
INFO  2014-05-12 12:20:06,449 - Installing bundle...
INFO  2014-05-12 12:20:06,504 - Performing pre-install.
INFO  2014-05-12 12:20:06,536 - Installing context item: Saleslogix Application Entities (\Entity Model\Saleslogix Application Entities\SalesLogix Application Entities.T.package.xml)
INFO  2014-05-12 12:20:06,540 - Successfully installed Saleslogix Application Entities (\Entity Model\Saleslogix Application Entities\SalesLogix Application Entities.T.package.xml)
INFO  2014-05-12 12:20:06,561 - Installing context item: Lead (\Entity Model\Saleslogix Application Entities\Lead\Lead.LEAD.entity.xml)
INFO  2014-05-12 12:20:06,838 - Successfully installed Lead (\Entity Model\Saleslogix Application Entities\Lead\Lead.LEAD.entity.xml)
INFO  2014-05-12 12:20:06,840 - Installing model item: InsertLead (\Entity Model\Saleslogix Application Entities\Lead\QuickForms\InsertLead.main.quickform.xml)
INFO  2014-05-12 12:20:07,428 - Successfully installed InsertLead (\Entity Model\Saleslogix Application Entities\Lead\QuickForms\InsertLead.main.quickform.xml)
INFO  2014-05-12 12:20:07,431 - Installing model item: LeadDetails (\Entity Model\Saleslogix Application Entities\Lead\QuickForms\LeadDetails.main.quickform.xml)
INFO  2014-05-12 12:20:07,517 - Successfully installed LeadDetails (\Entity Model\Saleslogix Application Entities\Lead\QuickForms\LeadDetails.main.quickform.xml)
INFO  2014-05-12 12:20:07,521 - Saving context item: Saleslogix Application Entities (\Entity Model\Saleslogix Application Entities\SalesLogix Application Entities.T.package.xml)
INFO  2014-05-12 12:20:07,526 - Successfully saved Saleslogix Application Entities (\Entity Model\Saleslogix Application Entities\SalesLogix Application Entities.T.package.xml)
INFO  2014-05-12 12:20:07,532 - Saving context item: Lead (\Entity Model\Saleslogix Application Entities\Lead\Lead.LEAD.entity.xml)
INFO  2014-05-12 12:20:11,967 - Successfully saved Lead (\Entity Model\Saleslogix Application Entities\Lead\Lead.LEAD.entity.xml)
INFO  2014-05-12 12:20:11,973 - Saving model item: InsertLead (\Entity Model\Saleslogix Application Entities\Lead\QuickForms\InsertLead.main.quickform.xml)
INFO  2014-05-12 12:20:11,977 - Successfully saved InsertLead (\Entity Model\Saleslogix Application Entities\Lead\QuickForms\InsertLead.main.quickform.xml)
INFO  2014-05-12 12:20:11,982 - Saving model item: LeadDetails (\Entity Model\Saleslogix Application Entities\Lead\QuickForms\LeadDetails.main.quickform.xml)
INFO  2014-05-12 12:20:11,987 - Successfully saved LeadDetails (\Entity Model\Saleslogix Application Entities\Lead\QuickForms\LeadDetails.main.quickform.xml)
INFO  2014-05-12 12:20:11,994 - Configuring installed items.
INFO  2014-05-12 12:20:11,999 - Performing pre-commit to target project.
INFO  2014-05-12 12:20:12,361 - Committing items to target project...
INFO  2014-05-12 12:20:12,563 - Committing transactions...
INFO  2014-05-12 12:20:16,313 - Copying bundle manifest to project.
INFO  2014-05-12 12:20:17,945 - Install complete.
