06-05-2014 12:54:25
INFO  2014-05-06 18:24:18,586 - Installing bundle...
INFO  2014-05-06 18:24:18,597 - Performing pre-install.
INFO  2014-05-06 18:24:18,603 - Installing context item: Process Host (\Portal\ProcessHost\ProcessHost.cabsvc.ptl.xml)
INFO  2014-05-06 18:24:19,413 - Successfully installed Process Host (\Portal\ProcessHost\ProcessHost.cabsvc.ptl.xml)
INFO  2014-05-06 18:24:19,417 - Installing context item: SData Integration Host (\Portal\sdata\sdata.cabsvc.ptl.xml)
INFO  2014-05-06 18:24:19,876 - Successfully installed SData Integration Host (\Portal\sdata\sdata.cabsvc.ptl.xml)
INFO  2014-05-06 18:24:19,878 - Installing context item: Saleslogix Client (\Portal\SlxClient\SlxClient.cabapp.ptl.xml)
INFO  2014-05-06 18:24:22,813 - Successfully installed Saleslogix Client (\Portal\SlxClient\SlxClient.cabapp.ptl.xml)
INFO  2014-05-06 18:24:22,816 - Installing context item: Saleslogix Customer Portal (\Portal\SLXCustomerPortal\SLXCustomerPortal.cabapp.ptl.xml)
INFO  2014-05-06 18:24:24,520 - Successfully installed Saleslogix Customer Portal (\Portal\SLXCustomerPortal\SLXCustomerPortal.cabapp.ptl.xml)
INFO  2014-05-06 18:24:24,524 - Installing context item: Saleslogix Job Service (\Portal\SlxJobService\SlxJobService.cabsch.ptl.xml)
INFO  2014-05-06 18:24:24,781 - Successfully installed Saleslogix Job Service (\Portal\SlxJobService\SlxJobService.cabsch.ptl.xml)
INFO  2014-05-06 18:24:24,785 - Saving context item: Process Host (\Portal\ProcessHost\ProcessHost.cabsvc.ptl.xml)
INFO  2014-05-06 18:24:24,789 - Successfully saved Process Host (\Portal\ProcessHost\ProcessHost.cabsvc.ptl.xml)
INFO  2014-05-06 18:24:24,792 - Saving context item: SData Integration Host (\Portal\sdata\sdata.cabsvc.ptl.xml)
INFO  2014-05-06 18:24:24,796 - Successfully saved SData Integration Host (\Portal\sdata\sdata.cabsvc.ptl.xml)
INFO  2014-05-06 18:24:24,800 - Saving context item: Saleslogix Client (\Portal\SlxClient\SlxClient.cabapp.ptl.xml)
INFO  2014-05-06 18:24:24,804 - Successfully saved Saleslogix Client (\Portal\SlxClient\SlxClient.cabapp.ptl.xml)
INFO  2014-05-06 18:24:24,808 - Saving context item: Saleslogix Customer Portal (\Portal\SLXCustomerPortal\SLXCustomerPortal.cabapp.ptl.xml)
INFO  2014-05-06 18:24:24,813 - Successfully saved Saleslogix Customer Portal (\Portal\SLXCustomerPortal\SLXCustomerPortal.cabapp.ptl.xml)
INFO  2014-05-06 18:24:24,817 - Saving context item: Saleslogix Job Service (\Portal\SlxJobService\SlxJobService.cabsch.ptl.xml)
INFO  2014-05-06 18:24:24,821 - Successfully saved Saleslogix Job Service (\Portal\SlxJobService\SlxJobService.cabsch.ptl.xml)
INFO  2014-05-06 18:24:24,829 - Configuring installed items.
INFO  2014-05-06 18:24:24,833 - Configuring Process Host...
INFO  2014-05-06 18:24:24,867 - Configuring SData Integration Host...
INFO  2014-05-06 18:24:24,873 - Configuring Saleslogix Client...
INFO  2014-05-06 18:24:24,878 - Configuring Saleslogix Customer Portal...
INFO  2014-05-06 18:24:24,882 - Configuring Saleslogix Job Service...
INFO  2014-05-06 18:24:24,886 - Performing pre-commit to target project.
INFO  2014-05-06 18:24:25,003 - Committing items to target project...
INFO  2014-05-06 18:24:25,396 - Committing transactions...
INFO  2014-05-06 18:24:25,591 - Copying bundle manifest to project.
INFO  2014-05-06 18:24:25,884 - Install complete.
