4/18/2014 10:40:18 AM
INFO  2014-04-18 16:10:06,166 - Installing bundle...
INFO  2014-04-18 16:10:06,213 - Performing pre-install.
INFO  2014-04-18 16:10:06,213 - Installing context item: Process Host (\Portal\ProcessHost\ProcessHost.cabsvc.ptl.xml)
INFO  2014-04-18 16:10:06,822 - Successfully installed Process Host (\Portal\ProcessHost\ProcessHost.cabsvc.ptl.xml)
INFO  2014-04-18 16:10:06,822 - Installing context item: SData Integration Host (\Portal\sdata\sdata.cabsvc.ptl.xml)
INFO  2014-04-18 16:10:07,274 - Successfully installed SData Integration Host (\Portal\sdata\sdata.cabsvc.ptl.xml)
INFO  2014-04-18 16:10:07,274 - Installing context item: Saleslogix Client (\Portal\SlxClient\SlxClient.cabapp.ptl.xml)
INFO  2014-04-18 16:10:10,550 - Successfully installed Saleslogix Client (\Portal\SlxClient\SlxClient.cabapp.ptl.xml)
INFO  2014-04-18 16:10:10,550 - Installing context item: Saleslogix Customer Portal (\Portal\SLXCustomerPortal\SLXCustomerPortal.cabapp.ptl.xml)
INFO  2014-04-18 16:10:12,235 - Successfully installed Saleslogix Customer Portal (\Portal\SLXCustomerPortal\SLXCustomerPortal.cabapp.ptl.xml)
INFO  2014-04-18 16:10:12,235 - Installing context item: Saleslogix Job Service (\Portal\SlxJobService\SlxJobService.cabsch.ptl.xml)
INFO  2014-04-18 16:10:12,500 - Successfully installed Saleslogix Job Service (\Portal\SlxJobService\SlxJobService.cabsch.ptl.xml)
INFO  2014-04-18 16:10:12,500 - Saving context item: Process Host (\Portal\ProcessHost\ProcessHost.cabsvc.ptl.xml)
INFO  2014-04-18 16:10:12,516 - Successfully saved Process Host (\Portal\ProcessHost\ProcessHost.cabsvc.ptl.xml)
INFO  2014-04-18 16:10:12,516 - Saving context item: SData Integration Host (\Portal\sdata\sdata.cabsvc.ptl.xml)
INFO  2014-04-18 16:10:12,516 - Successfully saved SData Integration Host (\Portal\sdata\sdata.cabsvc.ptl.xml)
INFO  2014-04-18 16:10:12,516 - Saving context item: Saleslogix Client (\Portal\SlxClient\SlxClient.cabapp.ptl.xml)
INFO  2014-04-18 16:10:12,531 - Successfully saved Saleslogix Client (\Portal\SlxClient\SlxClient.cabapp.ptl.xml)
INFO  2014-04-18 16:10:12,531 - Saving context item: Saleslogix Customer Portal (\Portal\SLXCustomerPortal\SLXCustomerPortal.cabapp.ptl.xml)
INFO  2014-04-18 16:10:12,547 - Successfully saved Saleslogix Customer Portal (\Portal\SLXCustomerPortal\SLXCustomerPortal.cabapp.ptl.xml)
INFO  2014-04-18 16:10:12,547 - Saving context item: Saleslogix Job Service (\Portal\SlxJobService\SlxJobService.cabsch.ptl.xml)
INFO  2014-04-18 16:10:12,547 - Successfully saved Saleslogix Job Service (\Portal\SlxJobService\SlxJobService.cabsch.ptl.xml)
INFO  2014-04-18 16:10:12,609 - Configuring installed items.
INFO  2014-04-18 16:10:12,609 - Configuring Process Host...
INFO  2014-04-18 16:10:12,734 - Configuring SData Integration Host...
INFO  2014-04-18 16:10:12,734 - Configuring Saleslogix Client...
INFO  2014-04-18 16:10:12,750 - Configuring Saleslogix Customer Portal...
INFO  2014-04-18 16:10:12,750 - Configuring Saleslogix Job Service...
INFO  2014-04-18 16:10:12,765 - Performing pre-commit to target project.
INFO  2014-04-18 16:10:13,171 - Committing items to target project...
INFO  2014-04-18 16:10:17,601 - Committing transactions...
INFO  2014-04-18 16:10:18,412 - Copying bundle manifest to project.
INFO  2014-04-18 16:10:19,442 - Install complete.
