21-06-2014 12:31:20
INFO  2014-06-21 18:01:13,317 - Installing bundle...
INFO  2014-06-21 18:01:13,332 - Performing pre-install.
INFO  2014-06-21 18:01:13,335 - Installing context item: Saleslogix Client (\Portal\SlxClient\SlxClient.cabapp.ptl.xml)
INFO  2014-06-21 18:01:13,481 - Successfully installed Saleslogix Client (\Portal\SlxClient\SlxClient.cabapp.ptl.xml)
INFO  2014-06-21 18:01:13,484 - Installing model item: Account Detail (\Portal\SlxClient\ChildPages\Account\Account.page.xml)
INFO  2014-06-21 18:01:13,735 - Successfully installed Account Detail (\Portal\SlxClient\ChildPages\Account\Account.page.xml)
INFO  2014-06-21 18:01:13,739 - Installing model item: AccountDetails (\Portal\SlxClient\ChildPages\Account\SmartParts\AccountDetails.smartpart.xml)
INFO  2014-06-21 18:01:13,759 - Successfully installed AccountDetails (\Portal\SlxClient\ChildPages\Account\SmartParts\AccountDetails.smartpart.xml)
INFO  2014-06-21 18:01:13,763 - Installing model item: AccountExtendedDetails (\Portal\SlxClient\ChildPages\Account\SmartParts\AccountExtendedDetails.smartpart.xml)
INFO  2014-06-21 18:01:13,818 - Successfully installed AccountExtendedDetails (\Portal\SlxClient\ChildPages\Account\SmartParts\AccountExtendedDetails.smartpart.xml)
INFO  2014-06-21 18:01:13,822 - Installing model item: AccountContacts (\Portal\SlxClient\ChildPages\Account\SmartParts\AccountContacts.smartpart.xml)
INFO  2014-06-21 18:01:13,851 - Successfully installed AccountContacts (\Portal\SlxClient\ChildPages\Account\SmartParts\AccountContacts.smartpart.xml)
INFO  2014-06-21 18:01:13,856 - Installing model item: AccountOpportunities (\Portal\SlxClient\ChildPages\Account\SmartParts\AccountOpportunities.smartpart.xml)
INFO  2014-06-21 18:01:13,880 - Successfully installed AccountOpportunities (\Portal\SlxClient\ChildPages\Account\SmartParts\AccountOpportunities.smartpart.xml)
INFO  2014-06-21 18:01:13,989 - Installing model item: ActivityList (Custom) (\Portal\SlxClient\ChildPages\Account\SmartParts\ActivityList.smartpart.xml)
INFO  2014-06-21 18:01:14,022 - Successfully installed ActivityList (Custom) (\Portal\SlxClient\ChildPages\Account\SmartParts\ActivityList.smartpart.xml)
INFO  2014-06-21 18:01:14,035 - Installing model item: AttachmentList (Custom) (\Portal\SlxClient\ChildPages\Account\SmartParts\AttachmentList.smartpart.xml)
INFO  2014-06-21 18:01:14,065 - Successfully installed AttachmentList (Custom) (\Portal\SlxClient\ChildPages\Account\SmartParts\AttachmentList.smartpart.xml)
INFO  2014-06-21 18:01:14,081 - Installing model item: AccountTickets (\Portal\SlxClient\ChildPages\Account\SmartParts\AccountTickets.smartpart.xml)
INFO  2014-06-21 18:01:14,109 - Successfully installed AccountTickets (\Portal\SlxClient\ChildPages\Account\SmartParts\AccountTickets.smartpart.xml)
INFO  2014-06-21 18:01:14,116 - Installing model item: AccountAddresses (Custom) (\Portal\SlxClient\ChildPages\Account\SmartParts\AccountAddresses.smartpart.xml)
INFO  2014-06-21 18:01:14,166 - Successfully installed AccountAddresses (Custom) (\Portal\SlxClient\ChildPages\Account\SmartParts\AccountAddresses.smartpart.xml)
INFO  2014-06-21 18:01:14,172 - Installing model item: AccountAssociations (Custom) (\Portal\SlxClient\ChildPages\Account\SmartParts\AccountAssociations.smartpart.xml)
INFO  2014-06-21 18:01:14,200 - Successfully installed AccountAssociations (Custom) (\Portal\SlxClient\ChildPages\Account\SmartParts\AccountAssociations.smartpart.xml)
INFO  2014-06-21 18:01:14,206 - Installing model item: AddEditAccountAssociation (Custom) (\Portal\SlxClient\ChildPages\Account\SmartParts\AddEditAccountAssociation.smartpart.xml)
INFO  2014-06-21 18:01:14,236 - Successfully installed AddEditAccountAssociation (Custom) (\Portal\SlxClient\ChildPages\Account\SmartParts\AddEditAccountAssociation.smartpart.xml)
INFO  2014-06-21 18:01:14,244 - Installing model item: NotesHistoryList (Custom) (\Portal\SlxClient\ChildPages\Account\SmartParts\NotesHistoryList.smartpart.xml)
INFO  2014-06-21 18:01:14,268 - Successfully installed NotesHistoryList (Custom) (\Portal\SlxClient\ChildPages\Account\SmartParts\NotesHistoryList.smartpart.xml)
INFO  2014-06-21 18:01:14,275 - Installing model item: AccountMarketing (Custom) (\Portal\SlxClient\ChildPages\Account\SmartParts\AccountMarketing.smartpart.xml)
INFO  2014-06-21 18:01:14,293 - Successfully installed AccountMarketing (Custom) (\Portal\SlxClient\ChildPages\Account\SmartParts\AccountMarketing.smartpart.xml)
INFO  2014-06-21 18:01:14,300 - Installing model item: AccountResponses (\Portal\SlxClient\ChildPages\Account\SmartParts\AccountResponses.smartpart.xml)
INFO  2014-06-21 18:01:14,325 - Successfully installed AccountResponses (\Portal\SlxClient\ChildPages\Account\SmartParts\AccountResponses.smartpart.xml)
INFO  2014-06-21 18:01:14,333 - Installing model item: UpdateAccountOptions (Custom) (\Portal\SlxClient\ChildPages\Account\SmartParts\UpdateAccountOptions.smartpart.xml)
INFO  2014-06-21 18:01:14,356 - Successfully installed UpdateAccountOptions (Custom) (\Portal\SlxClient\ChildPages\Account\SmartParts\UpdateAccountOptions.smartpart.xml)
INFO  2014-06-21 18:01:14,363 - Installing model item: AddEditAddress (Custom) (\Portal\SlxClient\ChildPages\Account\SmartParts\AddEditAddress.smartpart.xml)
INFO  2014-06-21 18:01:14,395 - Successfully installed AddEditAddress (Custom) (\Portal\SlxClient\ChildPages\Account\SmartParts\AddEditAddress.smartpart.xml)
INFO  2014-06-21 18:01:14,402 - Installing model item: AccountReseller (Custom) (\Portal\SlxClient\ChildPages\Account\SmartParts\AccountReseller.smartpart.xml)
INFO  2014-06-21 18:01:14,428 - Successfully installed AccountReseller (Custom) (\Portal\SlxClient\ChildPages\Account\SmartParts\AccountReseller.smartpart.xml)
INFO  2014-06-21 18:01:14,435 - Installing model item: AddEditTargetResponse (Custom) (\Portal\SlxClient\ChildPages\Account\SmartParts\AddEditTargetResponse.smartpart.xml)
INFO  2014-06-21 18:01:14,460 - Successfully installed AddEditTargetResponse (Custom) (\Portal\SlxClient\ChildPages\Account\SmartParts\AddEditTargetResponse.smartpart.xml)
INFO  2014-06-21 18:01:14,466 - Installing model item: AccountContracts (\Portal\SlxClient\ChildPages\Account\SmartParts\AccountContracts.smartpart.xml)
INFO  2014-06-21 18:01:14,506 - Successfully installed AccountContracts (\Portal\SlxClient\ChildPages\Account\SmartParts\AccountContracts.smartpart.xml)
INFO  2014-06-21 18:01:14,512 - Installing model item: AccountAssets (\Portal\SlxClient\ChildPages\Account\SmartParts\AccountAssets.smartpart.xml)
INFO  2014-06-21 18:01:14,557 - Successfully installed AccountAssets (\Portal\SlxClient\ChildPages\Account\SmartParts\AccountAssets.smartpart.xml)
INFO  2014-06-21 18:01:14,563 - Installing model item: AccountReturns (\Portal\SlxClient\ChildPages\Account\SmartParts\AccountReturns.smartpart.xml)
INFO  2014-06-21 18:01:14,591 - Successfully installed AccountReturns (\Portal\SlxClient\ChildPages\Account\SmartParts\AccountReturns.smartpart.xml)
INFO  2014-06-21 18:01:14,597 - Installing model item: AddEditAccountProduct (\Portal\SlxClient\ChildPages\Account\SmartParts\AddEditAccountProduct.smartpart.xml)
INFO  2014-06-21 18:01:14,620 - Successfully installed AddEditAccountProduct (\Portal\SlxClient\ChildPages\Account\SmartParts\AddEditAccountProduct.smartpart.xml)
INFO  2014-06-21 18:01:14,643 - Installing model item: LiveGroupViewer (Custom) (\Portal\SlxClient\ChildPages\Account\SmartParts\LiveGroupViewer.smartpart.xml)
INFO  2014-06-21 18:01:14,667 - Successfully installed LiveGroupViewer (Custom) (\Portal\SlxClient\ChildPages\Account\SmartParts\LiveGroupViewer.smartpart.xml)
INFO  2014-06-21 18:01:14,675 - Installing model item: AccountTimeline (\Portal\SlxClient\ChildPages\Account\SmartParts\AccountTimeline.smartpart.xml)
INFO  2014-06-21 18:01:14,700 - Successfully installed AccountTimeline (\Portal\SlxClient\ChildPages\Account\SmartParts\AccountTimeline.smartpart.xml)
INFO  2014-06-21 18:01:14,706 - Installing model item: AccountSalesOrders (\Portal\SlxClient\ChildPages\Account\SmartParts\AccountSalesOrders.smartpart.xml)
INFO  2014-06-21 18:01:14,739 - Successfully installed AccountSalesOrders (\Portal\SlxClient\ChildPages\Account\SmartParts\AccountSalesOrders.smartpart.xml)
INFO  2014-06-21 18:01:14,745 - Installing model item: MergeRecords (Custom) (\Portal\SlxClient\ChildPages\Account\SmartParts\MergeRecords.smartpart.xml)
INFO  2014-06-21 18:01:15,180 - Successfully installed MergeRecords (Custom) (\Portal\SlxClient\ChildPages\Account\SmartParts\MergeRecords.smartpart.xml)
INFO  2014-06-21 18:01:15,187 - Installing model item: SearchResults (Custom) (\Portal\SlxClient\ChildPages\Account\SmartParts\SearchResults.smartpart.xml)
INFO  2014-06-21 18:01:15,217 - Successfully installed SearchResults (Custom) (\Portal\SlxClient\ChildPages\Account\SmartParts\SearchResults.smartpart.xml)
INFO  2014-06-21 18:01:15,223 - Installing model item: LinkResults (Custom) (\Portal\SlxClient\ChildPages\Account\SmartParts\LinkResults.smartpart.xml)
INFO  2014-06-21 18:01:15,239 - Successfully installed LinkResults (Custom) (\Portal\SlxClient\ChildPages\Account\SmartParts\LinkResults.smartpart.xml)
INFO  2014-06-21 18:01:15,245 - Installing model item: SelectOperatingAccount (Custom) (\Portal\SlxClient\ChildPages\Account\SmartParts\SelectOperatingAccount.smartpart.xml)
INFO  2014-06-21 18:01:15,261 - Successfully installed SelectOperatingAccount (Custom) (\Portal\SlxClient\ChildPages\Account\SmartParts\SelectOperatingAccount.smartpart.xml)
INFO  2014-06-21 18:01:15,268 - Installing model item: ICAccounting (\Portal\SlxClient\ChildPages\Account\SmartParts\ICAccounting.smartpart.xml)
INFO  2014-06-21 18:01:15,298 - Successfully installed ICAccounting (\Portal\SlxClient\ChildPages\Account\SmartParts\ICAccounting.smartpart.xml)
INFO  2014-06-21 18:01:15,305 - Installing model item: MergeChildren (Custom) (\Portal\SlxClient\ChildPages\Account\SmartParts\MergeChildren.smartpart.xml)
INFO  2014-06-21 18:01:15,327 - Successfully installed MergeChildren (Custom) (\Portal\SlxClient\ChildPages\Account\SmartParts\MergeChildren.smartpart.xml)
INFO  2014-06-21 18:01:15,345 - Installing model item: ICAccountExtendedDetails (\Portal\SlxClient\ChildPages\Account\SmartParts\ICAccountExtendedDetails.smartpart.xml)
INFO  2014-06-21 18:01:15,368 - Successfully installed ICAccountExtendedDetails (\Portal\SlxClient\ChildPages\Account\SmartParts\ICAccountExtendedDetails.smartpart.xml)
INFO  2014-06-21 18:01:15,374 - Installing model item: ICInvoices (Custom) (\Portal\SlxClient\ChildPages\Account\SmartParts\ICInvoices.smartpart.xml)
INFO  2014-06-21 18:01:15,398 - Successfully installed ICInvoices (Custom) (\Portal\SlxClient\ChildPages\Account\SmartParts\ICInvoices.smartpart.xml)
INFO  2014-06-21 18:01:15,404 - Installing model item: ICCustomerPayments (Custom) (\Portal\SlxClient\ChildPages\Account\SmartParts\ICCustomerPayments.smartpart.xml)
INFO  2014-06-21 18:01:15,428 - Successfully installed ICCustomerPayments (Custom) (\Portal\SlxClient\ChildPages\Account\SmartParts\ICCustomerPayments.smartpart.xml)
INFO  2014-06-21 18:01:15,434 - Installing model item: ICSalesOrders (Custom) (\Portal\SlxClient\ChildPages\Account\SmartParts\ICSalesOrders.smartpart.xml)
INFO  2014-06-21 18:01:15,457 - Successfully installed ICSalesOrders (Custom) (\Portal\SlxClient\ChildPages\Account\SmartParts\ICSalesOrders.smartpart.xml)
INFO  2014-06-21 18:01:15,463 - Installing model item: AccountLiteratureRequests (\Portal\SlxClient\ChildPages\Account\SmartParts\AccountLiteratureRequests.smartpart.xml)
INFO  2014-06-21 18:01:15,520 - Successfully installed AccountLiteratureRequests (\Portal\SlxClient\ChildPages\Account\SmartParts\AccountLiteratureRequests.smartpart.xml)
INFO  2014-06-21 18:01:15,526 - Installing model item: MergeAddress (Custom) (\Portal\SlxClient\ChildPages\Account\SmartParts\MergeAddress.smartpart.xml)
INFO  2014-06-21 18:01:15,564 - Successfully installed MergeAddress (Custom) (\Portal\SlxClient\ChildPages\Account\SmartParts\MergeAddress.smartpart.xml)
INFO  2014-06-21 18:01:15,571 - Installing model item: MergeContactAddress (Custom) (\Portal\SlxClient\ChildPages\Account\SmartParts\MergeContactAddress.smartpart.xml)
INFO  2014-06-21 18:01:15,596 - Successfully installed MergeContactAddress (Custom) (\Portal\SlxClient\ChildPages\Account\SmartParts\MergeContactAddress.smartpart.xml)
INFO  2014-06-21 18:01:15,602 - Installing model item: AddAccountAddress (Custom) (\Portal\SlxClient\ChildPages\Account\SmartParts\AddAccountAddress.smartpart.xml)
INFO  2014-06-21 18:01:15,616 - Successfully installed AddAccountAddress (Custom) (\Portal\SlxClient\ChildPages\Account\SmartParts\AddAccountAddress.smartpart.xml)
INFO  2014-06-21 18:01:15,623 - Installing model item: InsertAddress (Custom) (\Portal\SlxClient\ChildPages\Account\SmartParts\InsertAddress.smartpart.xml)
INFO  2014-06-21 18:01:15,646 - Successfully installed InsertAddress (Custom) (\Portal\SlxClient\ChildPages\Account\SmartParts\InsertAddress.smartpart.xml)
INFO  2014-06-21 18:01:15,653 - Installing model item: Sage.SalesLogix.Client.GroupBuilder.Modules.GroupViewerModule (\Portal\SlxClient\ChildPages\Account\Modules\cb2fecb920dd4ee7a3d08bd739020301.module.xml)
INFO  2014-06-21 18:01:15,663 - Successfully installed Sage.SalesLogix.Client.GroupBuilder.Modules.GroupViewerModule (\Portal\SlxClient\ChildPages\Account\Modules\cb2fecb920dd4ee7a3d08bd739020301.module.xml)
INFO  2014-06-21 18:01:15,688 - Installing model item: Sage.SalesLogix.Client.Account.Modules.AccountModule (\Portal\SlxClient\ChildPages\Account\Modules\Sage.SalesLogix.Client.Account.Modules.AccountModule.module.xml)
INFO  2014-06-21 18:01:15,697 - Successfully installed Sage.SalesLogix.Client.Account.Modules.AccountModule (\Portal\SlxClient\ChildPages\Account\Modules\Sage.SalesLogix.Client.Account.Modules.AccountModule.module.xml)
INFO  2014-06-21 18:01:15,704 - Saving context item: Saleslogix Client (\Portal\SlxClient\SlxClient.cabapp.ptl.xml)
INFO  2014-06-21 18:01:15,719 - Successfully saved Saleslogix Client (\Portal\SlxClient\SlxClient.cabapp.ptl.xml)
INFO  2014-06-21 18:01:15,725 - Saving model item: Account Detail (\Portal\SlxClient\ChildPages\Account\Account.page.xml)
INFO  2014-06-21 18:01:15,731 - Successfully saved Account Detail (\Portal\SlxClient\ChildPages\Account\Account.page.xml)
INFO  2014-06-21 18:01:15,751 - Saving model item: AccountDetails (\Portal\SlxClient\ChildPages\Account\SmartParts\AccountDetails.smartpart.xml)
INFO  2014-06-21 18:01:15,757 - Successfully saved AccountDetails (\Portal\SlxClient\ChildPages\Account\SmartParts\AccountDetails.smartpart.xml)
INFO  2014-06-21 18:01:15,762 - Saving model item: AccountExtendedDetails (\Portal\SlxClient\ChildPages\Account\SmartParts\AccountExtendedDetails.smartpart.xml)
INFO  2014-06-21 18:01:15,781 - Successfully saved AccountExtendedDetails (\Portal\SlxClient\ChildPages\Account\SmartParts\AccountExtendedDetails.smartpart.xml)
INFO  2014-06-21 18:01:15,787 - Saving model item: AccountContacts (\Portal\SlxClient\ChildPages\Account\SmartParts\AccountContacts.smartpart.xml)
INFO  2014-06-21 18:01:15,793 - Successfully saved AccountContacts (\Portal\SlxClient\ChildPages\Account\SmartParts\AccountContacts.smartpart.xml)
INFO  2014-06-21 18:01:15,813 - Saving model item: AccountOpportunities (\Portal\SlxClient\ChildPages\Account\SmartParts\AccountOpportunities.smartpart.xml)
INFO  2014-06-21 18:01:15,819 - Successfully saved AccountOpportunities (\Portal\SlxClient\ChildPages\Account\SmartParts\AccountOpportunities.smartpart.xml)
INFO  2014-06-21 18:01:15,824 - Saving model item: ActivityList (Custom) (\Portal\SlxClient\ChildPages\Account\SmartParts\ActivityList.smartpart.xml)
INFO  2014-06-21 18:01:15,845 - Successfully saved ActivityList (Custom) (\Portal\SlxClient\ChildPages\Account\SmartParts\ActivityList.smartpart.xml)
INFO  2014-06-21 18:01:15,851 - Saving model item: AttachmentList (Custom) (\Portal\SlxClient\ChildPages\Account\SmartParts\AttachmentList.smartpart.xml)
INFO  2014-06-21 18:01:15,858 - Successfully saved AttachmentList (Custom) (\Portal\SlxClient\ChildPages\Account\SmartParts\AttachmentList.smartpart.xml)
INFO  2014-06-21 18:01:15,864 - Saving model item: AccountTickets (\Portal\SlxClient\ChildPages\Account\SmartParts\AccountTickets.smartpart.xml)
INFO  2014-06-21 18:01:15,869 - Successfully saved AccountTickets (\Portal\SlxClient\ChildPages\Account\SmartParts\AccountTickets.smartpart.xml)
INFO  2014-06-21 18:01:15,891 - Saving model item: AccountAddresses (Custom) (\Portal\SlxClient\ChildPages\Account\SmartParts\AccountAddresses.smartpart.xml)
INFO  2014-06-21 18:01:15,897 - Successfully saved AccountAddresses (Custom) (\Portal\SlxClient\ChildPages\Account\SmartParts\AccountAddresses.smartpart.xml)
INFO  2014-06-21 18:01:15,903 - Saving model item: AccountAssociations (Custom) (\Portal\SlxClient\ChildPages\Account\SmartParts\AccountAssociations.smartpart.xml)
INFO  2014-06-21 18:01:15,922 - Successfully saved AccountAssociations (Custom) (\Portal\SlxClient\ChildPages\Account\SmartParts\AccountAssociations.smartpart.xml)
INFO  2014-06-21 18:01:15,928 - Saving model item: AddEditAccountAssociation (Custom) (\Portal\SlxClient\ChildPages\Account\SmartParts\AddEditAccountAssociation.smartpart.xml)
INFO  2014-06-21 18:01:15,934 - Successfully saved AddEditAccountAssociation (Custom) (\Portal\SlxClient\ChildPages\Account\SmartParts\AddEditAccountAssociation.smartpart.xml)
INFO  2014-06-21 18:01:15,953 - Saving model item: NotesHistoryList (Custom) (\Portal\SlxClient\ChildPages\Account\SmartParts\NotesHistoryList.smartpart.xml)
INFO  2014-06-21 18:01:15,959 - Successfully saved NotesHistoryList (Custom) (\Portal\SlxClient\ChildPages\Account\SmartParts\NotesHistoryList.smartpart.xml)
INFO  2014-06-21 18:01:15,965 - Saving model item: AccountMarketing (Custom) (\Portal\SlxClient\ChildPages\Account\SmartParts\AccountMarketing.smartpart.xml)
INFO  2014-06-21 18:01:15,984 - Successfully saved AccountMarketing (Custom) (\Portal\SlxClient\ChildPages\Account\SmartParts\AccountMarketing.smartpart.xml)
INFO  2014-06-21 18:01:15,990 - Saving model item: AccountResponses (\Portal\SlxClient\ChildPages\Account\SmartParts\AccountResponses.smartpart.xml)
INFO  2014-06-21 18:01:15,997 - Successfully saved AccountResponses (\Portal\SlxClient\ChildPages\Account\SmartParts\AccountResponses.smartpart.xml)
INFO  2014-06-21 18:01:16,015 - Saving model item: UpdateAccountOptions (Custom) (\Portal\SlxClient\ChildPages\Account\SmartParts\UpdateAccountOptions.smartpart.xml)
INFO  2014-06-21 18:01:16,021 - Successfully saved UpdateAccountOptions (Custom) (\Portal\SlxClient\ChildPages\Account\SmartParts\UpdateAccountOptions.smartpart.xml)
INFO  2014-06-21 18:01:16,028 - Saving model item: AddEditAddress (Custom) (\Portal\SlxClient\ChildPages\Account\SmartParts\AddEditAddress.smartpart.xml)
INFO  2014-06-21 18:01:16,047 - Successfully saved AddEditAddress (Custom) (\Portal\SlxClient\ChildPages\Account\SmartParts\AddEditAddress.smartpart.xml)
INFO  2014-06-21 18:01:16,053 - Saving model item: AccountReseller (Custom) (\Portal\SlxClient\ChildPages\Account\SmartParts\AccountReseller.smartpart.xml)
INFO  2014-06-21 18:01:16,062 - Successfully saved AccountReseller (Custom) (\Portal\SlxClient\ChildPages\Account\SmartParts\AccountReseller.smartpart.xml)
INFO  2014-06-21 18:01:16,068 - Saving model item: AddEditTargetResponse (Custom) (\Portal\SlxClient\ChildPages\Account\SmartParts\AddEditTargetResponse.smartpart.xml)
INFO  2014-06-21 18:01:16,074 - Successfully saved AddEditTargetResponse (Custom) (\Portal\SlxClient\ChildPages\Account\SmartParts\AddEditTargetResponse.smartpart.xml)
INFO  2014-06-21 18:01:16,093 - Saving model item: AccountContracts (\Portal\SlxClient\ChildPages\Account\SmartParts\AccountContracts.smartpart.xml)
INFO  2014-06-21 18:01:16,099 - Successfully saved AccountContracts (\Portal\SlxClient\ChildPages\Account\SmartParts\AccountContracts.smartpart.xml)
INFO  2014-06-21 18:01:16,105 - Saving model item: AccountAssets (\Portal\SlxClient\ChildPages\Account\SmartParts\AccountAssets.smartpart.xml)
INFO  2014-06-21 18:01:16,111 - Successfully saved AccountAssets (\Portal\SlxClient\ChildPages\Account\SmartParts\AccountAssets.smartpart.xml)
INFO  2014-06-21 18:01:16,117 - Saving model item: AccountReturns (\Portal\SlxClient\ChildPages\Account\SmartParts\AccountReturns.smartpart.xml)
INFO  2014-06-21 18:01:16,124 - Successfully saved AccountReturns (\Portal\SlxClient\ChildPages\Account\SmartParts\AccountReturns.smartpart.xml)
INFO  2014-06-21 18:01:16,131 - Saving model item: AddEditAccountProduct (\Portal\SlxClient\ChildPages\Account\SmartParts\AddEditAccountProduct.smartpart.xml)
INFO  2014-06-21 18:01:16,140 - Successfully saved AddEditAccountProduct (\Portal\SlxClient\ChildPages\Account\SmartParts\AddEditAccountProduct.smartpart.xml)
INFO  2014-06-21 18:01:16,146 - Saving model item: LiveGroupViewer (Custom) (\Portal\SlxClient\ChildPages\Account\SmartParts\LiveGroupViewer.smartpart.xml)
INFO  2014-06-21 18:01:16,152 - Successfully saved LiveGroupViewer (Custom) (\Portal\SlxClient\ChildPages\Account\SmartParts\LiveGroupViewer.smartpart.xml)
INFO  2014-06-21 18:01:16,159 - Saving model item: AccountTimeline (\Portal\SlxClient\ChildPages\Account\SmartParts\AccountTimeline.smartpart.xml)
INFO  2014-06-21 18:01:16,165 - Successfully saved AccountTimeline (\Portal\SlxClient\ChildPages\Account\SmartParts\AccountTimeline.smartpart.xml)
INFO  2014-06-21 18:01:16,171 - Saving model item: AccountSalesOrders (\Portal\SlxClient\ChildPages\Account\SmartParts\AccountSalesOrders.smartpart.xml)
INFO  2014-06-21 18:01:16,178 - Successfully saved AccountSalesOrders (\Portal\SlxClient\ChildPages\Account\SmartParts\AccountSalesOrders.smartpart.xml)
INFO  2014-06-21 18:01:16,184 - Saving model item: MergeRecords (Custom) (\Portal\SlxClient\ChildPages\Account\SmartParts\MergeRecords.smartpart.xml)
INFO  2014-06-21 18:01:16,191 - Successfully saved MergeRecords (Custom) (\Portal\SlxClient\ChildPages\Account\SmartParts\MergeRecords.smartpart.xml)
INFO  2014-06-21 18:01:16,197 - Saving model item: SearchResults (Custom) (\Portal\SlxClient\ChildPages\Account\SmartParts\SearchResults.smartpart.xml)
INFO  2014-06-21 18:01:16,204 - Successfully saved SearchResults (Custom) (\Portal\SlxClient\ChildPages\Account\SmartParts\SearchResults.smartpart.xml)
INFO  2014-06-21 18:01:16,210 - Saving model item: LinkResults (Custom) (\Portal\SlxClient\ChildPages\Account\SmartParts\LinkResults.smartpart.xml)
INFO  2014-06-21 18:01:16,216 - Successfully saved LinkResults (Custom) (\Portal\SlxClient\ChildPages\Account\SmartParts\LinkResults.smartpart.xml)
INFO  2014-06-21 18:01:16,223 - Saving model item: SelectOperatingAccount (Custom) (\Portal\SlxClient\ChildPages\Account\SmartParts\SelectOperatingAccount.smartpart.xml)
INFO  2014-06-21 18:01:16,234 - Successfully saved SelectOperatingAccount (Custom) (\Portal\SlxClient\ChildPages\Account\SmartParts\SelectOperatingAccount.smartpart.xml)
INFO  2014-06-21 18:01:16,241 - Saving model item: ICAccounting (\Portal\SlxClient\ChildPages\Account\SmartParts\ICAccounting.smartpart.xml)
INFO  2014-06-21 18:01:16,247 - Successfully saved ICAccounting (\Portal\SlxClient\ChildPages\Account\SmartParts\ICAccounting.smartpart.xml)
INFO  2014-06-21 18:01:16,254 - Saving model item: MergeChildren (Custom) (\Portal\SlxClient\ChildPages\Account\SmartParts\MergeChildren.smartpart.xml)
INFO  2014-06-21 18:01:16,260 - Successfully saved MergeChildren (Custom) (\Portal\SlxClient\ChildPages\Account\SmartParts\MergeChildren.smartpart.xml)
INFO  2014-06-21 18:01:16,267 - Saving model item: ICAccountExtendedDetails (\Portal\SlxClient\ChildPages\Account\SmartParts\ICAccountExtendedDetails.smartpart.xml)
INFO  2014-06-21 18:01:16,274 - Successfully saved ICAccountExtendedDetails (\Portal\SlxClient\ChildPages\Account\SmartParts\ICAccountExtendedDetails.smartpart.xml)
INFO  2014-06-21 18:01:16,280 - Saving model item: ICInvoices (Custom) (\Portal\SlxClient\ChildPages\Account\SmartParts\ICInvoices.smartpart.xml)
INFO  2014-06-21 18:01:16,287 - Successfully saved ICInvoices (Custom) (\Portal\SlxClient\ChildPages\Account\SmartParts\ICInvoices.smartpart.xml)
INFO  2014-06-21 18:01:16,293 - Saving model item: ICCustomerPayments (Custom) (\Portal\SlxClient\ChildPages\Account\SmartParts\ICCustomerPayments.smartpart.xml)
INFO  2014-06-21 18:01:16,300 - Successfully saved ICCustomerPayments (Custom) (\Portal\SlxClient\ChildPages\Account\SmartParts\ICCustomerPayments.smartpart.xml)
INFO  2014-06-21 18:01:16,306 - Saving model item: ICSalesOrders (Custom) (\Portal\SlxClient\ChildPages\Account\SmartParts\ICSalesOrders.smartpart.xml)
INFO  2014-06-21 18:01:16,313 - Successfully saved ICSalesOrders (Custom) (\Portal\SlxClient\ChildPages\Account\SmartParts\ICSalesOrders.smartpart.xml)
INFO  2014-06-21 18:01:16,319 - Saving model item: AccountLiteratureRequests (\Portal\SlxClient\ChildPages\Account\SmartParts\AccountLiteratureRequests.smartpart.xml)
INFO  2014-06-21 18:01:16,327 - Successfully saved AccountLiteratureRequests (\Portal\SlxClient\ChildPages\Account\SmartParts\AccountLiteratureRequests.smartpart.xml)
INFO  2014-06-21 18:01:16,333 - Saving model item: MergeAddress (Custom) (\Portal\SlxClient\ChildPages\Account\SmartParts\MergeAddress.smartpart.xml)
INFO  2014-06-21 18:01:16,340 - Successfully saved MergeAddress (Custom) (\Portal\SlxClient\ChildPages\Account\SmartParts\MergeAddress.smartpart.xml)
INFO  2014-06-21 18:01:16,347 - Saving model item: MergeContactAddress (Custom) (\Portal\SlxClient\ChildPages\Account\SmartParts\MergeContactAddress.smartpart.xml)
INFO  2014-06-21 18:01:16,353 - Successfully saved MergeContactAddress (Custom) (\Portal\SlxClient\ChildPages\Account\SmartParts\MergeContactAddress.smartpart.xml)
INFO  2014-06-21 18:01:16,360 - Saving model item: AddAccountAddress (Custom) (\Portal\SlxClient\ChildPages\Account\SmartParts\AddAccountAddress.smartpart.xml)
INFO  2014-06-21 18:01:16,366 - Successfully saved AddAccountAddress (Custom) (\Portal\SlxClient\ChildPages\Account\SmartParts\AddAccountAddress.smartpart.xml)
INFO  2014-06-21 18:01:16,373 - Saving model item: InsertAddress (Custom) (\Portal\SlxClient\ChildPages\Account\SmartParts\InsertAddress.smartpart.xml)
INFO  2014-06-21 18:01:16,379 - Successfully saved InsertAddress (Custom) (\Portal\SlxClient\ChildPages\Account\SmartParts\InsertAddress.smartpart.xml)
INFO  2014-06-21 18:01:16,386 - Saving model item: Sage.SalesLogix.Client.GroupBuilder.Modules.GroupViewerModule (\Portal\SlxClient\ChildPages\Account\Modules\cb2fecb920dd4ee7a3d08bd739020301.module.xml)
INFO  2014-06-21 18:01:16,392 - Successfully saved Sage.SalesLogix.Client.GroupBuilder.Modules.GroupViewerModule (\Portal\SlxClient\ChildPages\Account\Modules\cb2fecb920dd4ee7a3d08bd739020301.module.xml)
INFO  2014-06-21 18:01:16,399 - Saving model item: Sage.SalesLogix.Client.Account.Modules.AccountModule (\Portal\SlxClient\ChildPages\Account\Modules\Sage.SalesLogix.Client.Account.Modules.AccountModule.module.xml)
INFO  2014-06-21 18:01:16,406 - Successfully saved Sage.SalesLogix.Client.Account.Modules.AccountModule (\Portal\SlxClient\ChildPages\Account\Modules\Sage.SalesLogix.Client.Account.Modules.AccountModule.module.xml)
INFO  2014-06-21 18:01:16,421 - Configuring installed items.
INFO  2014-06-21 18:01:16,428 - Configuring Saleslogix Client...
INFO  2014-06-21 18:01:16,437 - Configuring Account Detail...
INFO  2014-06-21 18:01:18,286 - Configuring AccountDetails...
INFO  2014-06-21 18:01:18,298 - Configuring AccountExtendedDetails...
INFO  2014-06-21 18:01:18,311 - Configuring AccountContacts...
INFO  2014-06-21 18:01:18,323 - Configuring AccountOpportunities...
INFO  2014-06-21 18:01:18,335 - Configuring ActivityList (Custom)...
INFO  2014-06-21 18:01:18,346 - Configuring AttachmentList (Custom)...
INFO  2014-06-21 18:01:18,353 - Configuring AccountTickets...
INFO  2014-06-21 18:01:18,360 - Configuring AccountAddresses (Custom)...
INFO  2014-06-21 18:01:18,367 - Configuring AccountAssociations (Custom)...
INFO  2014-06-21 18:01:18,374 - Configuring AddEditAccountAssociation (Custom)...
INFO  2014-06-21 18:01:18,380 - Configuring NotesHistoryList (Custom)...
INFO  2014-06-21 18:01:18,387 - Configuring AccountMarketing (Custom)...
INFO  2014-06-21 18:01:18,404 - Configuring AccountResponses...
INFO  2014-06-21 18:01:18,411 - Configuring UpdateAccountOptions (Custom)...
INFO  2014-06-21 18:01:18,418 - Configuring AddEditAddress (Custom)...
INFO  2014-06-21 18:01:18,425 - Configuring AccountReseller (Custom)...
INFO  2014-06-21 18:01:18,432 - Configuring AddEditTargetResponse (Custom)...
INFO  2014-06-21 18:01:18,439 - Configuring AccountContracts...
INFO  2014-06-21 18:01:18,446 - Configuring AccountAssets...
INFO  2014-06-21 18:01:18,453 - Configuring AccountReturns...
INFO  2014-06-21 18:01:18,460 - Configuring AddEditAccountProduct...
INFO  2014-06-21 18:01:18,466 - Configuring LiveGroupViewer (Custom)...
INFO  2014-06-21 18:01:18,473 - Configuring AccountTimeline...
INFO  2014-06-21 18:01:18,480 - Configuring AccountSalesOrders...
INFO  2014-06-21 18:01:18,487 - Configuring MergeRecords (Custom)...
INFO  2014-06-21 18:01:18,498 - Configuring SearchResults (Custom)...
INFO  2014-06-21 18:01:18,504 - Configuring LinkResults (Custom)...
INFO  2014-06-21 18:01:18,511 - Configuring SelectOperatingAccount (Custom)...
INFO  2014-06-21 18:01:18,517 - Configuring ICAccounting...
INFO  2014-06-21 18:01:18,524 - Configuring MergeChildren (Custom)...
INFO  2014-06-21 18:01:18,531 - Configuring ICAccountExtendedDetails...
INFO  2014-06-21 18:01:18,538 - Configuring ICInvoices (Custom)...
INFO  2014-06-21 18:01:18,544 - Configuring ICCustomerPayments (Custom)...
INFO  2014-06-21 18:01:18,551 - Configuring ICSalesOrders (Custom)...
INFO  2014-06-21 18:01:18,557 - Configuring AccountLiteratureRequests...
INFO  2014-06-21 18:01:18,564 - Configuring MergeAddress (Custom)...
INFO  2014-06-21 18:01:18,571 - Configuring MergeContactAddress (Custom)...
INFO  2014-06-21 18:01:18,578 - Configuring AddAccountAddress (Custom)...
INFO  2014-06-21 18:01:18,584 - Configuring InsertAddress (Custom)...
INFO  2014-06-21 18:01:18,591 - Configuring Sage.SalesLogix.Client.GroupBuilder.Modules.GroupViewerModule...
INFO  2014-06-21 18:01:18,602 - Configuring Sage.SalesLogix.Client.Account.Modules.AccountModule...
INFO  2014-06-21 18:01:18,622 - Performing pre-commit to target project.
INFO  2014-06-21 18:01:18,633 - Committing items to target project...
INFO  2014-06-21 18:01:19,076 - Committing transactions...
INFO  2014-06-21 18:01:19,974 - Copying bundle manifest to project.
INFO  2014-06-21 18:01:20,051 - Install complete.
