06-05-2014 12:56:44
INFO  2014-05-06 18:26:34,885 - Installing bundle...
INFO  2014-05-06 18:26:34,888 - Performing pre-install.
INFO  2014-05-06 18:26:34,889 - Installing context item: Service Portal Template (\Portal\PortalTemplates\ServicePortalTemplate\ServicePortalTemplate.portaltemplate.xml)
INFO  2014-05-06 18:26:35,602 - Successfully installed Service Portal Template (\Portal\PortalTemplates\ServicePortalTemplate\ServicePortalTemplate.portaltemplate.xml)
INFO  2014-05-06 18:26:35,605 - Installing context item: UI Portal Template (\Portal\PortalTemplates\UIPortalTemplate\UIPortalTemplate.portaltemplate.xml)
INFO  2014-05-06 18:26:35,939 - Successfully installed UI Portal Template (\Portal\PortalTemplates\UIPortalTemplate\UIPortalTemplate.portaltemplate.xml)
INFO  2014-05-06 18:26:35,941 - Installing context item: Process Host (\Portal\ProcessHost\ProcessHost.cabsvc.ptl.xml)
INFO  2014-05-06 18:26:36,284 - Successfully installed Process Host (\Portal\ProcessHost\ProcessHost.cabsvc.ptl.xml)
INFO  2014-05-06 18:26:36,287 - Installing context item: SData Integration Host (\Portal\sdata\sdata.cabsvc.ptl.xml)
INFO  2014-05-06 18:26:37,192 - Successfully installed SData Integration Host (\Portal\sdata\sdata.cabsvc.ptl.xml)
INFO  2014-05-06 18:26:37,195 - Installing context item: Saleslogix Client (\Portal\SlxClient\SlxClient.cabapp.ptl.xml)
INFO  2014-05-06 18:26:40,129 - Successfully installed Saleslogix Client (\Portal\SlxClient\SlxClient.cabapp.ptl.xml)
INFO  2014-05-06 18:26:40,132 - Installing context item: Saleslogix Customer Portal (\Portal\SLXCustomerPortal\SLXCustomerPortal.cabapp.ptl.xml)
INFO  2014-05-06 18:26:42,687 - Successfully installed Saleslogix Customer Portal (\Portal\SLXCustomerPortal\SLXCustomerPortal.cabapp.ptl.xml)
INFO  2014-05-06 18:26:42,690 - Installing context item: Saleslogix Job Service (\Portal\SlxJobService\SlxJobService.cabsch.ptl.xml)
INFO  2014-05-06 18:26:43,120 - Successfully installed Saleslogix Job Service (\Portal\SlxJobService\SlxJobService.cabsch.ptl.xml)
INFO  2014-05-06 18:26:43,124 - Saving context item: Service Portal Template (\Portal\PortalTemplates\ServicePortalTemplate\ServicePortalTemplate.portaltemplate.xml)
INFO  2014-05-06 18:26:43,129 - Successfully saved Service Portal Template (\Portal\PortalTemplates\ServicePortalTemplate\ServicePortalTemplate.portaltemplate.xml)
INFO  2014-05-06 18:26:43,133 - Saving context item: UI Portal Template (\Portal\PortalTemplates\UIPortalTemplate\UIPortalTemplate.portaltemplate.xml)
INFO  2014-05-06 18:26:43,138 - Successfully saved UI Portal Template (\Portal\PortalTemplates\UIPortalTemplate\UIPortalTemplate.portaltemplate.xml)
INFO  2014-05-06 18:26:43,144 - Saving context item: Process Host (\Portal\ProcessHost\ProcessHost.cabsvc.ptl.xml)
INFO  2014-05-06 18:26:43,148 - Successfully saved Process Host (\Portal\ProcessHost\ProcessHost.cabsvc.ptl.xml)
INFO  2014-05-06 18:26:43,152 - Saving context item: SData Integration Host (\Portal\sdata\sdata.cabsvc.ptl.xml)
INFO  2014-05-06 18:26:43,156 - Successfully saved SData Integration Host (\Portal\sdata\sdata.cabsvc.ptl.xml)
INFO  2014-05-06 18:26:43,159 - Saving context item: Saleslogix Client (\Portal\SlxClient\SlxClient.cabapp.ptl.xml)
INFO  2014-05-06 18:26:43,163 - Successfully saved Saleslogix Client (\Portal\SlxClient\SlxClient.cabapp.ptl.xml)
INFO  2014-05-06 18:26:43,167 - Saving context item: Saleslogix Customer Portal (\Portal\SLXCustomerPortal\SLXCustomerPortal.cabapp.ptl.xml)
INFO  2014-05-06 18:26:43,171 - Successfully saved Saleslogix Customer Portal (\Portal\SLXCustomerPortal\SLXCustomerPortal.cabapp.ptl.xml)
INFO  2014-05-06 18:26:43,175 - Saving context item: Saleslogix Job Service (\Portal\SlxJobService\SlxJobService.cabsch.ptl.xml)
INFO  2014-05-06 18:26:43,179 - Successfully saved Saleslogix Job Service (\Portal\SlxJobService\SlxJobService.cabsch.ptl.xml)
INFO  2014-05-06 18:26:43,183 - Configuring installed items.
INFO  2014-05-06 18:26:43,187 - Configuring Service Portal Template...
INFO  2014-05-06 18:26:43,192 - Configuring UI Portal Template...
INFO  2014-05-06 18:26:43,197 - Configuring Process Host...
INFO  2014-05-06 18:26:43,211 - Configuring SData Integration Host...
INFO  2014-05-06 18:26:43,217 - Configuring Saleslogix Client...
INFO  2014-05-06 18:26:43,222 - Configuring Saleslogix Customer Portal...
INFO  2014-05-06 18:26:43,228 - Configuring Saleslogix Job Service...
INFO  2014-05-06 18:26:43,233 - Performing pre-commit to target project.
INFO  2014-05-06 18:26:43,339 - Committing items to target project...
INFO  2014-05-06 18:26:43,828 - Committing transactions...
INFO  2014-05-06 18:26:44,042 - Copying bundle manifest to project.
INFO  2014-05-06 18:26:45,523 - Install complete.
