27-06-2014 11:02:37
INFO  2014-06-27 16:32:27,282 - Installing bundle...
INFO  2014-06-27 16:32:27,349 - Performing pre-install.
INFO  2014-06-27 16:32:27,354 - Installing context item: OPPORTUNITY Table (\Actions\Schema\CreateTable\OPPORTUNITY.xml)
INFO  2014-06-27 16:32:27,359 - Successfully installed OPPORTUNITY Table (\Actions\Schema\CreateTable\OPPORTUNITY.xml)
INFO  2014-06-27 16:32:27,362 - Installing action: CreateField OPPORTUNITY.OPPCOMPETITOR (\Actions\Schema\CreateField\OPPORTUNITY.OPPCOMPETITOR.xml)
INFO  2014-06-27 16:32:28,220 - Successfully installed CreateField OPPORTUNITY.OPPCOMPETITOR (\Actions\Schema\CreateField\OPPORTUNITY.OPPCOMPETITOR.xml)
INFO  2014-06-27 16:32:28,227 - Saving context item: OPPORTUNITY Table (\Actions\Schema\CreateTable\OPPORTUNITY.xml)
INFO  2014-06-27 16:32:28,233 - Successfully saved OPPORTUNITY Table (\Actions\Schema\CreateTable\OPPORTUNITY.xml)
INFO  2014-06-27 16:32:28,238 - Saving action: CreateField OPPORTUNITY.OPPCOMPETITOR (\Actions\Schema\CreateField\OPPORTUNITY.OPPCOMPETITOR.xml)
INFO  2014-06-27 16:32:28,242 - Successfully saved CreateField OPPORTUNITY.OPPCOMPETITOR (\Actions\Schema\CreateField\OPPORTUNITY.OPPCOMPETITOR.xml)
INFO  2014-06-27 16:32:28,248 - Installing context item: Saleslogix Application Entities (\Entity Model\Saleslogix Application Entities\SalesLogix Application Entities.T.package.xml)
INFO  2014-06-27 16:32:28,257 - Successfully installed Saleslogix Application Entities (\Entity Model\Saleslogix Application Entities\SalesLogix Application Entities.T.package.xml)
INFO  2014-06-27 16:32:28,262 - Installing context item: Opportunity (\Entity Model\Saleslogix Application Entities\Opportunity\Opportunity.OPPORTUNITY.entity.xml)
INFO  2014-06-27 16:32:28,840 - Successfully installed Opportunity (\Entity Model\Saleslogix Application Entities\Opportunity\Opportunity.OPPORTUNITY.entity.xml)
INFO  2014-06-27 16:32:28,844 - Installing model item: DroppedFutureOpp (\Entity Model\Saleslogix Application Entities\Opportunity\QuickForms\DroppedFutureOpp.main.quickform.xml)
INFO  2014-06-27 16:32:29,054 - Successfully installed DroppedFutureOpp (\Entity Model\Saleslogix Application Entities\Opportunity\QuickForms\DroppedFutureOpp.main.quickform.xml)
INFO  2014-06-27 16:32:29,058 - Installing model item: OpportunityClosedWon (\Entity Model\Saleslogix Application Entities\Opportunity\QuickForms\OpportunityClosedWon.main.quickform.xml)
INFO  2014-06-27 16:32:29,117 - Successfully installed OpportunityClosedWon (\Entity Model\Saleslogix Application Entities\Opportunity\QuickForms\OpportunityClosedWon.main.quickform.xml)
INFO  2014-06-27 16:32:29,122 - Installing model item: OpportunityClosedLost (\Entity Model\Saleslogix Application Entities\Opportunity\QuickForms\OpportunityClosedLost.main.quickform.xml)
INFO  2014-06-27 16:32:29,152 - Successfully installed OpportunityClosedLost (\Entity Model\Saleslogix Application Entities\Opportunity\QuickForms\OpportunityClosedLost.main.quickform.xml)
INFO  2014-06-27 16:32:29,157 - Installing model item: OpportunityDetails (\Entity Model\Saleslogix Application Entities\Opportunity\QuickForms\OpportunityDetails.main.quickform.xml)
INFO  2014-06-27 16:32:29,193 - Successfully installed OpportunityDetails (\Entity Model\Saleslogix Application Entities\Opportunity\QuickForms\OpportunityDetails.main.quickform.xml)
INFO  2014-06-27 16:32:29,198 - Installing context item: Saleslogix Client (\Portal\SlxClient\SlxClient.cabapp.ptl.xml)
INFO  2014-06-27 16:32:29,362 - Successfully installed Saleslogix Client (\Portal\SlxClient\SlxClient.cabapp.ptl.xml)
INFO  2014-06-27 16:32:29,367 - Saving context item: Saleslogix Application Entities (\Entity Model\Saleslogix Application Entities\SalesLogix Application Entities.T.package.xml)
INFO  2014-06-27 16:32:29,372 - Successfully saved Saleslogix Application Entities (\Entity Model\Saleslogix Application Entities\SalesLogix Application Entities.T.package.xml)
INFO  2014-06-27 16:32:29,377 - Saving context item: Opportunity (\Entity Model\Saleslogix Application Entities\Opportunity\Opportunity.OPPORTUNITY.entity.xml)
INFO  2014-06-27 16:32:36,803 - Successfully saved Opportunity (\Entity Model\Saleslogix Application Entities\Opportunity\Opportunity.OPPORTUNITY.entity.xml)
INFO  2014-06-27 16:32:36,808 - Saving model item: DroppedFutureOpp (\Entity Model\Saleslogix Application Entities\Opportunity\QuickForms\DroppedFutureOpp.main.quickform.xml)
INFO  2014-06-27 16:32:36,813 - Successfully saved DroppedFutureOpp (\Entity Model\Saleslogix Application Entities\Opportunity\QuickForms\DroppedFutureOpp.main.quickform.xml)
INFO  2014-06-27 16:32:36,818 - Saving model item: OpportunityClosedWon (\Entity Model\Saleslogix Application Entities\Opportunity\QuickForms\OpportunityClosedWon.main.quickform.xml)
INFO  2014-06-27 16:32:36,824 - Successfully saved OpportunityClosedWon (\Entity Model\Saleslogix Application Entities\Opportunity\QuickForms\OpportunityClosedWon.main.quickform.xml)
INFO  2014-06-27 16:32:36,828 - Saving model item: OpportunityClosedLost (\Entity Model\Saleslogix Application Entities\Opportunity\QuickForms\OpportunityClosedLost.main.quickform.xml)
INFO  2014-06-27 16:32:36,833 - Successfully saved OpportunityClosedLost (\Entity Model\Saleslogix Application Entities\Opportunity\QuickForms\OpportunityClosedLost.main.quickform.xml)
INFO  2014-06-27 16:32:36,838 - Saving model item: OpportunityDetails (\Entity Model\Saleslogix Application Entities\Opportunity\QuickForms\OpportunityDetails.main.quickform.xml)
INFO  2014-06-27 16:32:36,842 - Successfully saved OpportunityDetails (\Entity Model\Saleslogix Application Entities\Opportunity\QuickForms\OpportunityDetails.main.quickform.xml)
INFO  2014-06-27 16:32:36,853 - Saving context item: Saleslogix Client (\Portal\SlxClient\SlxClient.cabapp.ptl.xml)
INFO  2014-06-27 16:32:36,858 - Successfully saved Saleslogix Client (\Portal\SlxClient\SlxClient.cabapp.ptl.xml)
INFO  2014-06-27 16:32:36,865 - Configuring installed items.
INFO  2014-06-27 16:32:36,870 - Configuring Saleslogix Client...
INFO  2014-06-27 16:32:36,889 - Performing pre-commit to target project.
INFO  2014-06-27 16:32:37,162 - Committing items to target project...
INFO  2014-06-27 16:32:37,263 - Committing transactions...
INFO  2014-06-27 16:32:37,834 - Copying bundle manifest to project.
INFO  2014-06-27 16:32:39,079 - Install complete.
