23-05-2014 07:23:16
INFO  2014-05-23 12:53:01,846 - Installing bundle...
INFO  2014-05-23 12:53:01,850 - Performing pre-install.
INFO  2014-05-23 12:53:01,854 - Installing model item: Default-Mapping-SalesLogix (\Entity Model\CodeTemplates\Entity\Default-Mapping-Saleslogix.Mapping.codetemplate.xml)
INFO  2014-05-23 12:53:01,863 - Successfully installed Default-Mapping-SalesLogix (\Entity Model\CodeTemplates\Entity\Default-Mapping-Saleslogix.Mapping.codetemplate.xml)
INFO  2014-05-23 12:53:01,875 - Installing model item: Default-SData-SalesLogix (\Entity Model\CodeTemplates\Entity\Default-SData-Saleslogix.sdata.codetemplate.xml)
INFO  2014-05-23 12:53:01,884 - Successfully installed Default-SData-SalesLogix (\Entity Model\CodeTemplates\Entity\Default-SData-Saleslogix.sdata.codetemplate.xml)
INFO  2014-05-23 12:53:01,889 - Installing context item: Saleslogix Application Entities (\Entity Model\Saleslogix Application Entities\SalesLogix Application Entities.T.package.xml)
INFO  2014-05-23 12:53:01,919 - Successfully installed Saleslogix Application Entities (\Entity Model\Saleslogix Application Entities\SalesLogix Application Entities.T.package.xml)
INFO  2014-05-23 12:53:01,923 - Installing context item: Contact (\Entity Model\Saleslogix Application Entities\Contact\Contact.CONTACT.entity.xml)
INFO  2014-05-23 12:53:02,078 - Successfully installed Contact (\Entity Model\Saleslogix Application Entities\Contact\Contact.CONTACT.entity.xml)
INFO  2014-05-23 12:53:02,082 - Installing model item: ContactDetails (\Entity Model\Saleslogix Application Entities\Contact\QuickForms\ContactDetails.main.quickform.xml)
INFO  2014-05-23 12:53:02,458 - Successfully installed ContactDetails (\Entity Model\Saleslogix Application Entities\Contact\QuickForms\ContactDetails.main.quickform.xml)
INFO  2014-05-23 12:53:02,463 - Installing context item: Integration (\Entity Model\Saleslogix Application Entities\Integration\Integration.INTEGRATION.entity.xml)
INFO  2014-05-23 12:53:02,508 - Successfully installed Integration (\Entity Model\Saleslogix Application Entities\Integration\Integration.INTEGRATION.entity.xml)
INFO  2014-05-23 12:53:02,512 - Installing model item: IntegrationLinks (\Entity Model\Saleslogix Application Entities\Integration\QuickForms\IntegrationLinks.main.quickform.xml)
INFO  2014-05-23 12:53:02,549 - Successfully installed IntegrationLinks (\Entity Model\Saleslogix Application Entities\Integration\QuickForms\IntegrationLinks.main.quickform.xml)
INFO  2014-05-23 12:53:02,553 - Installing context item: SalesOrder (\Entity Model\Saleslogix Application Entities\SalesOrder\SalesOrder.SALESORDER.entity.xml)
INFO  2014-05-23 12:53:02,668 - Successfully installed SalesOrder (\Entity Model\Saleslogix Application Entities\SalesOrder\SalesOrder.SALESORDER.entity.xml)
INFO  2014-05-23 12:53:02,674 - Installing model item: InsertSalesOrder (\Entity Model\Saleslogix Application Entities\SalesOrder\QuickForms\InsertSalesOrder.main.quickform.xml)
INFO  2014-05-23 12:53:02,725 - Successfully installed InsertSalesOrder (\Entity Model\Saleslogix Application Entities\SalesOrder\QuickForms\InsertSalesOrder.main.quickform.xml)
INFO  2014-05-23 12:53:02,733 - Installing model item: SalesOrderDetails (\Entity Model\Saleslogix Application Entities\SalesOrder\QuickForms\SalesOrderDetails.main.quickform.xml)
INFO  2014-05-23 12:53:02,773 - Successfully installed SalesOrderDetails (\Entity Model\Saleslogix Application Entities\SalesOrder\QuickForms\SalesOrderDetails.main.quickform.xml)
INFO  2014-05-23 12:53:02,779 - Installing context item: Ticket (\Entity Model\Saleslogix Application Entities\Ticket\Ticket.TICKET.entity.xml)
INFO  2014-05-23 12:53:02,837 - Successfully installed Ticket (\Entity Model\Saleslogix Application Entities\Ticket\Ticket.TICKET.entity.xml)
INFO  2014-05-23 12:53:02,844 - Installing model item: TicketDetails (\Entity Model\Saleslogix Application Entities\Ticket\QuickForms\TicketDetails.main.quickform.xml)
INFO  2014-05-23 12:53:02,876 - Successfully installed TicketDetails (\Entity Model\Saleslogix Application Entities\Ticket\QuickForms\TicketDetails.main.quickform.xml)
INFO  2014-05-23 12:53:02,882 - Installing model item: ASP.NET Portal Template (\Portal\PortalTemplates\AspNetPortalTemplate\AspNetPortalTemplate.portaltemplate.xml)
INFO  2014-05-23 12:53:03,177 - Successfully installed ASP.NET Portal Template (\Portal\PortalTemplates\AspNetPortalTemplate\AspNetPortalTemplate.portaltemplate.xml)
INFO  2014-05-23 12:53:03,184 - Installing context item: UI Portal Template (\Portal\PortalTemplates\UIPortalTemplate\UIPortalTemplate.portaltemplate.xml)
INFO  2014-05-23 12:53:03,321 - Successfully installed UI Portal Template (\Portal\PortalTemplates\UIPortalTemplate\UIPortalTemplate.portaltemplate.xml)
INFO  2014-05-23 12:53:03,327 - Installing context item: Saleslogix Client (\Portal\SlxClient\SlxClient.cabapp.ptl.xml)
INFO  2014-05-23 12:53:05,628 - Successfully installed Saleslogix Client (\Portal\SlxClient\SlxClient.cabapp.ptl.xml)
INFO  2014-05-23 12:53:05,636 - Installing context item: Reports (\Portal\SlxClient\ChildPages\ReportManager\ReportManager.page.xml)
INFO  2014-05-23 12:53:05,642 - Successfully installed Reports (\Portal\SlxClient\ChildPages\ReportManager\ReportManager.page.xml)
INFO  2014-05-23 12:53:05,665 - Installing model item: ReportManagerFilters (Custom) (\Portal\SlxClient\ChildPages\ReportManager\SmartParts\ReportManagerFilters.smartpart.xml)
INFO  2014-05-23 12:53:05,697 - Successfully installed ReportManagerFilters (Custom) (\Portal\SlxClient\ChildPages\ReportManager\SmartParts\ReportManagerFilters.smartpart.xml)
INFO  2014-05-23 12:53:05,703 - Installing model item: ReportManagerTasks (Custom) (\Portal\SlxClient\ChildPages\ReportManager\SmartParts\ReportManagerTasks.smartpart.xml)
INFO  2014-05-23 12:53:05,727 - Successfully installed ReportManagerTasks (Custom) (\Portal\SlxClient\ChildPages\ReportManager\SmartParts\ReportManagerTasks.smartpart.xml)
INFO  2014-05-23 12:53:05,733 - Installing model item: SDataListViewer (Custom) (\Portal\SlxClient\ChildPages\ReportManager\SmartParts\SDataListViewer.smartpart.xml)
INFO  2014-05-23 12:53:05,759 - Successfully installed SDataListViewer (Custom) (\Portal\SlxClient\ChildPages\ReportManager\SmartParts\SDataListViewer.smartpart.xml)
INFO  2014-05-23 12:53:05,766 - Installing model item: Secured Actions (\Portal\SlxClient\ChildPages\SecuredAction\SecuredAction.page.xml)
INFO  2014-05-23 12:53:05,793 - Successfully installed Secured Actions (\Portal\SlxClient\ChildPages\SecuredAction\SecuredAction.page.xml)
INFO  2014-05-23 12:53:05,799 - Installing model item: Report Manager (\Portal\SlxClient\ContextMenuItems\ReportManagerListContextMenu\ReportManagerListContextMenu.contextmenu.xml)
INFO  2014-05-23 12:53:05,847 - Successfully installed Report Manager (\Portal\SlxClient\ContextMenuItems\ReportManagerListContextMenu\ReportManagerListContextMenu.contextmenu.xml)
INFO  2014-05-23 12:53:05,859 - Installing model item: History List (\Portal\SlxClient\ContextMenuItems\ReportManagerListContextMenu\ContextMenuItems\HistoryListContextMenu\HistoryListContextMenu.contextmenu.xml)
INFO  2014-05-23 12:53:05,896 - Successfully installed History List (\Portal\SlxClient\ContextMenuItems\ReportManagerListContextMenu\ContextMenuItems\HistoryListContextMenu\HistoryListContextMenu.contextmenu.xml)
INFO  2014-05-23 12:53:05,905 - Installing model item: Delete History... (\Portal\SlxClient\ContextMenuItems\ReportManagerListContextMenu\ContextMenuItems\HistoryListContextMenu\ContextMenuItems\mnuArchiveListDeleteArchive\mnuArchiveListDeleteArchive.contextmenu.xml)
INFO  2014-05-23 12:53:05,941 - Successfully installed Delete History... (\Portal\SlxClient\ContextMenuItems\ReportManagerListContextMenu\ContextMenuItems\HistoryListContextMenu\ContextMenuItems\mnuArchiveListDeleteArchive\mnuArchiveListDeleteArchive.contextmenu.xml)
INFO  2014-05-23 12:53:05,950 - Installing model item: Schedules List (\Portal\SlxClient\ContextMenuItems\ReportManagerListContextMenu\ContextMenuItems\ReportSchedulesListContextMenu\ReportSchedulesListContextMenu.contextmenu.xml)
INFO  2014-05-23 12:53:05,990 - Successfully installed Schedules List (\Portal\SlxClient\ContextMenuItems\ReportManagerListContextMenu\ContextMenuItems\ReportSchedulesListContextMenu\ReportSchedulesListContextMenu.contextmenu.xml)
INFO  2014-05-23 12:53:05,999 - Installing model item: Delete Schedule... (\Portal\SlxClient\ContextMenuItems\ReportManagerListContextMenu\ContextMenuItems\ReportSchedulesListContextMenu\ContextMenuItems\mnuSchedulesListDeleteSchedule\mnuSchedulesListDeleteSchedule.contextmenu.xml)
INFO  2014-05-23 12:53:06,035 - Successfully installed Delete Schedule... (\Portal\SlxClient\ContextMenuItems\ReportManagerListContextMenu\ContextMenuItems\ReportSchedulesListContextMenu\ContextMenuItems\mnuSchedulesListDeleteSchedule\mnuSchedulesListDeleteSchedule.contextmenu.xml)
INFO  2014-05-23 12:53:06,044 - Installing model item: Edit Schedule... (\Portal\SlxClient\ContextMenuItems\ReportManagerListContextMenu\ContextMenuItems\ReportSchedulesListContextMenu\ContextMenuItems\mnuSchedulesListEditSchedule\mnuSchedulesListEditSchedule.contextmenu.xml)
INFO  2014-05-23 12:53:06,099 - Successfully installed Edit Schedule... (\Portal\SlxClient\ContextMenuItems\ReportManagerListContextMenu\ContextMenuItems\ReportSchedulesListContextMenu\ContextMenuItems\mnuSchedulesListEditSchedule\mnuSchedulesListEditSchedule.contextmenu.xml)
INFO  2014-05-23 12:53:06,107 - Installing model item: Reports List (\Portal\SlxClient\ContextMenuItems\ReportManagerListContextMenu\ContextMenuItems\ReportsListContextMenu\ReportsListContextMenu.contextmenu.xml)
INFO  2014-05-23 12:53:06,140 - Successfully installed Reports List (\Portal\SlxClient\ContextMenuItems\ReportManagerListContextMenu\ContextMenuItems\ReportsListContextMenu\ReportsListContextMenu.contextmenu.xml)
INFO  2014-05-23 12:53:06,149 - Installing model item: Run Report... (\Portal\SlxClient\ContextMenuItems\ReportManagerListContextMenu\ContextMenuItems\ReportsListContextMenu\ContextMenuItems\mnuReportsListRunReport\mnuReportsListRunReport.contextmenu.xml)
INFO  2014-05-23 12:53:06,192 - Successfully installed Run Report... (\Portal\SlxClient\ContextMenuItems\ReportManagerListContextMenu\ContextMenuItems\ReportsListContextMenu\ContextMenuItems\mnuReportsListRunReport\mnuReportsListRunReport.contextmenu.xml)
INFO  2014-05-23 12:53:06,201 - Installing model item: Schedule Report... (\Portal\SlxClient\ContextMenuItems\ReportManagerListContextMenu\ContextMenuItems\ReportsListContextMenu\ContextMenuItems\mnuReportsListScheduleReport\mnuReportsListScheduleReport.contextmenu.xml)
INFO  2014-05-23 12:53:06,250 - Successfully installed Schedule Report... (\Portal\SlxClient\ContextMenuItems\ReportManagerListContextMenu\ContextMenuItems\ReportsListContextMenu\ContextMenuItems\mnuReportsListScheduleReport\mnuReportsListScheduleReport.contextmenu.xml)
INFO  2014-05-23 12:53:06,259 - Installing model item: Integration (\Portal\SlxClient\NavGroups\navIntegration\navIntegration.navgroup.xml)
INFO  2014-05-23 12:53:06,287 - Successfully installed Integration (\Portal\SlxClient\NavGroups\navIntegration\navIntegration.navgroup.xml)
INFO  2014-05-23 12:53:06,306 - Installing context item: Saleslogix Customer Portal (\Portal\SLXCustomerPortal\SLXCustomerPortal.cabapp.ptl.xml)
INFO  2014-05-23 12:53:06,345 - Successfully installed Saleslogix Customer Portal (\Portal\SLXCustomerPortal\SLXCustomerPortal.cabapp.ptl.xml)
INFO  2014-05-23 12:53:06,352 - Saving model item: Default-Mapping-SalesLogix (\Entity Model\CodeTemplates\Entity\Default-Mapping-Saleslogix.Mapping.codetemplate.xml)
INFO  2014-05-23 12:53:06,367 - Successfully saved Default-Mapping-SalesLogix (\Entity Model\CodeTemplates\Entity\Default-Mapping-Saleslogix.Mapping.codetemplate.xml)
INFO  2014-05-23 12:53:06,373 - Saving model item: Default-SData-SalesLogix (\Entity Model\CodeTemplates\Entity\Default-SData-Saleslogix.sdata.codetemplate.xml)
INFO  2014-05-23 12:53:06,379 - Successfully saved Default-SData-SalesLogix (\Entity Model\CodeTemplates\Entity\Default-SData-Saleslogix.sdata.codetemplate.xml)
INFO  2014-05-23 12:53:06,398 - Saving context item: Saleslogix Application Entities (\Entity Model\Saleslogix Application Entities\SalesLogix Application Entities.T.package.xml)
INFO  2014-05-23 12:53:06,404 - Successfully saved Saleslogix Application Entities (\Entity Model\Saleslogix Application Entities\SalesLogix Application Entities.T.package.xml)
INFO  2014-05-23 12:53:06,410 - Saving context item: Contact (\Entity Model\Saleslogix Application Entities\Contact\Contact.CONTACT.entity.xml)
INFO  2014-05-23 12:53:12,541 - Successfully saved Contact (\Entity Model\Saleslogix Application Entities\Contact\Contact.CONTACT.entity.xml)
INFO  2014-05-23 12:53:12,548 - Saving model item: ContactDetails (\Entity Model\Saleslogix Application Entities\Contact\QuickForms\ContactDetails.main.quickform.xml)
INFO  2014-05-23 12:53:12,553 - Successfully saved ContactDetails (\Entity Model\Saleslogix Application Entities\Contact\QuickForms\ContactDetails.main.quickform.xml)
INFO  2014-05-23 12:53:12,560 - Saving context item: Integration (\Entity Model\Saleslogix Application Entities\Integration\Integration.INTEGRATION.entity.xml)
INFO  2014-05-23 12:53:12,635 - Successfully saved Integration (\Entity Model\Saleslogix Application Entities\Integration\Integration.INTEGRATION.entity.xml)
INFO  2014-05-23 12:53:12,642 - Saving model item: IntegrationLinks (\Entity Model\Saleslogix Application Entities\Integration\QuickForms\IntegrationLinks.main.quickform.xml)
INFO  2014-05-23 12:53:12,654 - Successfully saved IntegrationLinks (\Entity Model\Saleslogix Application Entities\Integration\QuickForms\IntegrationLinks.main.quickform.xml)
INFO  2014-05-23 12:53:12,661 - Saving context item: SalesOrder (\Entity Model\Saleslogix Application Entities\SalesOrder\SalesOrder.SALESORDER.entity.xml)
INFO  2014-05-23 12:53:12,883 - Successfully saved SalesOrder (\Entity Model\Saleslogix Application Entities\SalesOrder\SalesOrder.SALESORDER.entity.xml)
INFO  2014-05-23 12:53:12,891 - Saving model item: InsertSalesOrder (\Entity Model\Saleslogix Application Entities\SalesOrder\QuickForms\InsertSalesOrder.main.quickform.xml)
INFO  2014-05-23 12:53:12,897 - Successfully saved InsertSalesOrder (\Entity Model\Saleslogix Application Entities\SalesOrder\QuickForms\InsertSalesOrder.main.quickform.xml)
INFO  2014-05-23 12:53:12,903 - Saving model item: SalesOrderDetails (\Entity Model\Saleslogix Application Entities\SalesOrder\QuickForms\SalesOrderDetails.main.quickform.xml)
INFO  2014-05-23 12:53:12,908 - Successfully saved SalesOrderDetails (\Entity Model\Saleslogix Application Entities\SalesOrder\QuickForms\SalesOrderDetails.main.quickform.xml)
INFO  2014-05-23 12:53:12,920 - Saving context item: Ticket (\Entity Model\Saleslogix Application Entities\Ticket\Ticket.TICKET.entity.xml)
INFO  2014-05-23 12:53:13,167 - Successfully saved Ticket (\Entity Model\Saleslogix Application Entities\Ticket\Ticket.TICKET.entity.xml)
INFO  2014-05-23 12:53:13,174 - Saving model item: TicketDetails (\Entity Model\Saleslogix Application Entities\Ticket\QuickForms\TicketDetails.main.quickform.xml)
INFO  2014-05-23 12:53:13,180 - Successfully saved TicketDetails (\Entity Model\Saleslogix Application Entities\Ticket\QuickForms\TicketDetails.main.quickform.xml)
INFO  2014-05-23 12:53:13,186 - Saving model item: ASP.NET Portal Template (\Portal\PortalTemplates\AspNetPortalTemplate\AspNetPortalTemplate.portaltemplate.xml)
INFO  2014-05-23 12:53:13,201 - Successfully saved ASP.NET Portal Template (\Portal\PortalTemplates\AspNetPortalTemplate\AspNetPortalTemplate.portaltemplate.xml)
INFO  2014-05-23 12:53:13,207 - Saving context item: UI Portal Template (\Portal\PortalTemplates\UIPortalTemplate\UIPortalTemplate.portaltemplate.xml)
INFO  2014-05-23 12:53:13,213 - Successfully saved UI Portal Template (\Portal\PortalTemplates\UIPortalTemplate\UIPortalTemplate.portaltemplate.xml)
INFO  2014-05-23 12:53:13,234 - Saving context item: Saleslogix Client (\Portal\SlxClient\SlxClient.cabapp.ptl.xml)
INFO  2014-05-23 12:53:13,239 - Successfully saved Saleslogix Client (\Portal\SlxClient\SlxClient.cabapp.ptl.xml)
INFO  2014-05-23 12:53:13,245 - Saving context item: Reports (\Portal\SlxClient\ChildPages\ReportManager\ReportManager.page.xml)
INFO  2014-05-23 12:53:13,263 - Successfully saved Reports (\Portal\SlxClient\ChildPages\ReportManager\ReportManager.page.xml)
INFO  2014-05-23 12:53:13,269 - Saving model item: ReportManagerFilters (Custom) (\Portal\SlxClient\ChildPages\ReportManager\SmartParts\ReportManagerFilters.smartpart.xml)
INFO  2014-05-23 12:53:13,274 - Successfully saved ReportManagerFilters (Custom) (\Portal\SlxClient\ChildPages\ReportManager\SmartParts\ReportManagerFilters.smartpart.xml)
INFO  2014-05-23 12:53:13,280 - Saving model item: ReportManagerTasks (Custom) (\Portal\SlxClient\ChildPages\ReportManager\SmartParts\ReportManagerTasks.smartpart.xml)
INFO  2014-05-23 12:53:13,295 - Successfully saved ReportManagerTasks (Custom) (\Portal\SlxClient\ChildPages\ReportManager\SmartParts\ReportManagerTasks.smartpart.xml)
INFO  2014-05-23 12:53:13,301 - Saving model item: SDataListViewer (Custom) (\Portal\SlxClient\ChildPages\ReportManager\SmartParts\SDataListViewer.smartpart.xml)
INFO  2014-05-23 12:53:13,307 - Successfully saved SDataListViewer (Custom) (\Portal\SlxClient\ChildPages\ReportManager\SmartParts\SDataListViewer.smartpart.xml)
INFO  2014-05-23 12:53:13,325 - Saving model item: Secured Actions (\Portal\SlxClient\ChildPages\SecuredAction\SecuredAction.page.xml)
INFO  2014-05-23 12:53:13,331 - Successfully saved Secured Actions (\Portal\SlxClient\ChildPages\SecuredAction\SecuredAction.page.xml)
INFO  2014-05-23 12:53:13,337 - Saving model item: Report Manager (\Portal\SlxClient\ContextMenuItems\ReportManagerListContextMenu\ReportManagerListContextMenu.contextmenu.xml)
INFO  2014-05-23 12:53:13,356 - Successfully saved Report Manager (\Portal\SlxClient\ContextMenuItems\ReportManagerListContextMenu\ReportManagerListContextMenu.contextmenu.xml)
INFO  2014-05-23 12:53:13,362 - Saving model item: History List (\Portal\SlxClient\ContextMenuItems\ReportManagerListContextMenu\ContextMenuItems\HistoryListContextMenu\HistoryListContextMenu.contextmenu.xml)
INFO  2014-05-23 12:53:13,368 - Successfully saved History List (\Portal\SlxClient\ContextMenuItems\ReportManagerListContextMenu\ContextMenuItems\HistoryListContextMenu\HistoryListContextMenu.contextmenu.xml)
INFO  2014-05-23 12:53:13,374 - Saving model item: Delete History... (\Portal\SlxClient\ContextMenuItems\ReportManagerListContextMenu\ContextMenuItems\HistoryListContextMenu\ContextMenuItems\mnuArchiveListDeleteArchive\mnuArchiveListDeleteArchive.contextmenu.xml)
INFO  2014-05-23 12:53:13,389 - Successfully saved Delete History... (\Portal\SlxClient\ContextMenuItems\ReportManagerListContextMenu\ContextMenuItems\HistoryListContextMenu\ContextMenuItems\mnuArchiveListDeleteArchive\mnuArchiveListDeleteArchive.contextmenu.xml)
INFO  2014-05-23 12:53:13,396 - Saving model item: Schedules List (\Portal\SlxClient\ContextMenuItems\ReportManagerListContextMenu\ContextMenuItems\ReportSchedulesListContextMenu\ReportSchedulesListContextMenu.contextmenu.xml)
INFO  2014-05-23 12:53:13,402 - Successfully saved Schedules List (\Portal\SlxClient\ContextMenuItems\ReportManagerListContextMenu\ContextMenuItems\ReportSchedulesListContextMenu\ReportSchedulesListContextMenu.contextmenu.xml)
INFO  2014-05-23 12:53:13,421 - Saving model item: Delete Schedule... (\Portal\SlxClient\ContextMenuItems\ReportManagerListContextMenu\ContextMenuItems\ReportSchedulesListContextMenu\ContextMenuItems\mnuSchedulesListDeleteSchedule\mnuSchedulesListDeleteSchedule.contextmenu.xml)
INFO  2014-05-23 12:53:13,427 - Successfully saved Delete Schedule... (\Portal\SlxClient\ContextMenuItems\ReportManagerListContextMenu\ContextMenuItems\ReportSchedulesListContextMenu\ContextMenuItems\mnuSchedulesListDeleteSchedule\mnuSchedulesListDeleteSchedule.contextmenu.xml)
INFO  2014-05-23 12:53:13,433 - Saving model item: Edit Schedule... (\Portal\SlxClient\ContextMenuItems\ReportManagerListContextMenu\ContextMenuItems\ReportSchedulesListContextMenu\ContextMenuItems\mnuSchedulesListEditSchedule\mnuSchedulesListEditSchedule.contextmenu.xml)
INFO  2014-05-23 12:53:13,452 - Successfully saved Edit Schedule... (\Portal\SlxClient\ContextMenuItems\ReportManagerListContextMenu\ContextMenuItems\ReportSchedulesListContextMenu\ContextMenuItems\mnuSchedulesListEditSchedule\mnuSchedulesListEditSchedule.contextmenu.xml)
INFO  2014-05-23 12:53:13,458 - Saving model item: Reports List (\Portal\SlxClient\ContextMenuItems\ReportManagerListContextMenu\ContextMenuItems\ReportsListContextMenu\ReportsListContextMenu.contextmenu.xml)
INFO  2014-05-23 12:53:13,464 - Successfully saved Reports List (\Portal\SlxClient\ContextMenuItems\ReportManagerListContextMenu\ContextMenuItems\ReportsListContextMenu\ReportsListContextMenu.contextmenu.xml)
INFO  2014-05-23 12:53:13,483 - Saving model item: Run Report... (\Portal\SlxClient\ContextMenuItems\ReportManagerListContextMenu\ContextMenuItems\ReportsListContextMenu\ContextMenuItems\mnuReportsListRunReport\mnuReportsListRunReport.contextmenu.xml)
INFO  2014-05-23 12:53:13,489 - Successfully saved Run Report... (\Portal\SlxClient\ContextMenuItems\ReportManagerListContextMenu\ContextMenuItems\ReportsListContextMenu\ContextMenuItems\mnuReportsListRunReport\mnuReportsListRunReport.contextmenu.xml)
INFO  2014-05-23 12:53:13,495 - Saving model item: Schedule Report... (\Portal\SlxClient\ContextMenuItems\ReportManagerListContextMenu\ContextMenuItems\ReportsListContextMenu\ContextMenuItems\mnuReportsListScheduleReport\mnuReportsListScheduleReport.contextmenu.xml)
INFO  2014-05-23 12:53:13,514 - Successfully saved Schedule Report... (\Portal\SlxClient\ContextMenuItems\ReportManagerListContextMenu\ContextMenuItems\ReportsListContextMenu\ContextMenuItems\mnuReportsListScheduleReport\mnuReportsListScheduleReport.contextmenu.xml)
INFO  2014-05-23 12:53:13,521 - Saving model item: Integration (\Portal\SlxClient\NavGroups\navIntegration\navIntegration.navgroup.xml)
INFO  2014-05-23 12:53:13,527 - Successfully saved Integration (\Portal\SlxClient\NavGroups\navIntegration\navIntegration.navgroup.xml)
INFO  2014-05-23 12:53:13,545 - Saving context item: Saleslogix Customer Portal (\Portal\SLXCustomerPortal\SLXCustomerPortal.cabapp.ptl.xml)
INFO  2014-05-23 12:53:13,551 - Successfully saved Saleslogix Customer Portal (\Portal\SLXCustomerPortal\SLXCustomerPortal.cabapp.ptl.xml)
INFO  2014-05-23 12:53:13,557 - Configuring installed items.
INFO  2014-05-23 12:53:13,576 - Configuring ASP.NET Portal Template...
INFO  2014-05-23 12:53:13,583 - Configuring UI Portal Template...
INFO  2014-05-23 12:53:13,590 - Configuring Saleslogix Client...
INFO  2014-05-23 12:53:13,608 - Configuring Reports...
INFO  2014-05-23 12:53:14,412 - Configuring ReportManagerFilters (Custom)...
INFO  2014-05-23 12:53:14,439 - Configuring ReportManagerTasks (Custom)...
INFO  2014-05-23 12:53:14,468 - Configuring SDataListViewer (Custom)...
INFO  2014-05-23 12:53:14,497 - Configuring Secured Actions...
INFO  2014-05-23 12:53:14,509 - Configuring Report Manager...
INFO  2014-05-23 12:53:14,580 - Configuring History List...
INFO  2014-05-23 12:53:14,608 - Configuring Delete History......
INFO  2014-05-23 12:53:14,618 - Configuring Schedules List...
INFO  2014-05-23 12:53:14,625 - Configuring Delete Schedule......
INFO  2014-05-23 12:53:14,640 - Configuring Edit Schedule......
INFO  2014-05-23 12:53:14,648 - Configuring Reports List...
INFO  2014-05-23 12:53:14,656 - Configuring Run Report......
INFO  2014-05-23 12:53:14,665 - Configuring Schedule Report......
INFO  2014-05-23 12:53:14,672 - Configuring Integration...
INFO  2014-05-23 12:53:14,687 - Configuring Saleslogix Customer Portal...
INFO  2014-05-23 12:53:14,695 - Performing pre-commit to target project.
INFO  2014-05-23 12:53:14,724 - Committing items to target project...
INFO  2014-05-23 12:53:15,089 - Committing transactions...
INFO  2014-05-23 12:53:16,026 - Copying bundle manifest to project.
INFO  2014-05-23 12:53:17,308 - Install complete.
